#
# There is insufficient memory for the Java Runtime Environment to continue.
# Native memory allocation (malloc) failed to allocate 131088 bytes for Chunk::new
# Possible reasons:
#   The system is out of physical RAM or swap space
#   In 32 bit mode, the process size limit was hit
# Possible solutions:
#   Reduce memory load on the system
#   Increase physical memory or swap space
#   Check if swap backing store is full
#   Use 64 bit Java on a 64 bit OS
#   Decrease Java heap size (-Xmx/-Xms)
#   Decrease number of Java threads
#   Decrease Java thread stack sizes (-Xss)
#   Set larger code cache with -XX:ReservedCodeCacheSize=
# This output file may be truncated or incomplete.
#
#  Out of Memory Error (allocation.cpp:390), pid=6800, tid=0x0000000000002b24
#
# JRE version: Java(TM) SE Runtime Environment (8.0_131-b11) (build 1.8.0_131-b11)
# Java VM: Java HotSpot(TM) 64-Bit Server VM (25.131-b11 mixed mode windows-amd64 compressed oops)
# Failed to write core dump. Minidumps are not enabled by default on client versions of Windows
#

---------------  T H R E A D  ---------------

Current thread (0x000000001eeb4000):  JavaThread "C2 CompilerThread1" daemon [_thread_in_native, id=11044, stack(0x000000001f800000,0x000000001f900000)]

Stack: [0x000000001f800000,0x000000001f900000]
[error occurred during error reporting (printing stack bounds), id 0xc0000005]

Native frames: (J=compiled Java code, j=interpreted, Vv=VM code, C=native code)


Current CompileTask:
C2:  63486 6439   !   4       javafx.scene.CssStyleHelper::transitionToState (1075 bytes)


---------------  P R O C E S S  ---------------

Java Threads: ( => current thread )
  0x00000000203dc000 JavaThread "Abandoned connection cleanup thread" daemon [_thread_blocked, id=16852, stack(0x000000002b7f0000,0x000000002b8f0000)]
  0x000000001ff93000 JavaThread "Prism Font Disposer" daemon [_thread_blocked, id=1808, stack(0x00000000256f0000,0x00000000257f0000)]
  0x000000001fe8e800 JavaThread "Thread-3" daemon [_thread_in_native, id=16512, stack(0x0000000023f20000,0x0000000024020000)]
  0x000000001fe91800 JavaThread "JavaFX-Launcher" [_thread_blocked, id=4804, stack(0x0000000024020000,0x0000000024120000)]
  0x000000001fe62800 JavaThread "JavaFX Application Thread" [_thread_in_native, id=7312, stack(0x0000000020dc0000,0x0000000020ec0000)]
  0x000000001fe0a000 JavaThread "Thread-1" daemon [_thread_blocked, id=3004, stack(0x0000000020cc0000,0x0000000020dc0000)]
  0x000000001fdfc000 JavaThread "QuantumRenderer-0" daemon [_thread_in_native, id=20728, stack(0x0000000020500000,0x0000000020600000)]
  0x000000001efad000 JavaThread "Service Thread" daemon [_thread_blocked, id=15032, stack(0x000000001fb00000,0x000000001fc00000)]
  0x000000001ef10800 JavaThread "C1 CompilerThread3" daemon [_thread_blocked, id=17888, stack(0x000000001fa00000,0x000000001fb00000)]
  0x000000001eeb5000 JavaThread "C2 CompilerThread2" daemon [_thread_in_native, id=17716, stack(0x000000001f900000,0x000000001fa00000)]
=>0x000000001eeb4000 JavaThread "C2 CompilerThread1" daemon [_thread_in_native, id=11044, stack(0x000000001f800000,0x000000001f900000)]
  0x000000001eeb3800 JavaThread "C2 CompilerThread0" daemon [_thread_blocked, id=16160, stack(0x000000001f700000,0x000000001f800000)]
  0x000000001ee9b000 JavaThread "Monitor Ctrl-Break" daemon [_thread_in_native, id=4180, stack(0x000000001f600000,0x000000001f700000)]
  0x000000001ee39000 JavaThread "Attach Listener" daemon [_thread_blocked, id=12976, stack(0x000000001f500000,0x000000001f600000)]
  0x000000001ee38800 JavaThread "Signal Dispatcher" daemon [_thread_blocked, id=4256, stack(0x000000001f400000,0x000000001f500000)]
  0x0000000003489000 JavaThread "Finalizer" daemon [_thread_blocked, id=17428, stack(0x000000001f210000,0x000000001f310000)]
  0x000000001cf2d800 JavaThread "Reference Handler" daemon [_thread_blocked, id=15696, stack(0x000000001ed10000,0x000000001ee10000)]
  0x00000000031be000 JavaThread "main" [_thread_blocked, id=16348, stack(0x0000000003060000,0x0000000003160000)]

Other Threads:
  0x000000001cf28800 VMThread [stack: 0x000000001ec10000,0x000000001ed10000] [id=11588]
  0x000000001f01b000 WatcherThread [stack: 0x000000001fc00000,0x000000001fd00000] [id=18288]

VM state:not at safepoint (normal execution)

VM Mutex/Monitor currently owned by a thread: None

Heap:
 PSYoungGen      total 130560K, used 113219K [0x000000076af80000, 0x0000000774480000, 0x00000007c0000000)
  eden space 119808K, 85% used [0x000000076af80000,0x00000007713d0ee8,0x0000000772480000)
  from space 10752K, 97% used [0x0000000773a00000,0x000000077443ff48,0x0000000774480000)
  to   space 10752K, 0% used [0x0000000772f80000,0x0000000772f80000,0x0000000773a00000)
 ParOldGen       total 448000K, used 300004K [0x00000006c0e00000, 0x00000006dc380000, 0x000000076af80000)
  object space 448000K, 66% used [0x00000006c0e00000,0x00000006d32f90a8,0x00000006dc380000)
 Metaspace       used 26654K, capacity 28422K, committed 28672K, reserved 1075200K
  class space    used 3463K, capacity 3804K, committed 3840K, reserved 1048576K

Card table byte_map: [0x0000000012850000,0x0000000013050000] byte_map_base: 0x000000000f249000

Marking Bits: (ParMarkBitMap*) 0x000000006cddc720
 Begin Bits: [0x0000000013db0000, 0x0000000017d78000)
 End Bits:   [0x0000000017d78000, 0x000000001bd40000)

Polling page: 0x0000000001890000

CodeCache: size=245760Kb used=19471Kb max_used=19698Kb free=226288Kb
 bounds [0x0000000003490000, 0x00000000047e0000, 0x0000000012490000]
 total_blobs=6405 nmethods=5613 adapters=702
 compilation: enabled

Compilation events (10 events):
Event: 63.459 Thread 0x000000001eeb3800 nmethod 6500 0x0000000003b985d0 code [0x0000000003b98740, 0x0000000003b988a8]
Event: 63.460 Thread 0x000000001ef10800 nmethod 6499 0x000000000434d890 code [0x000000000434dca0, 0x0000000004351148]
Event: 63.460 Thread 0x000000001ef10800 6503   !   3       com.sun.prism.impl.BaseResourcePool::cleanup (764 bytes)
Event: 63.463 Thread 0x000000001ef10800 nmethod 6503 0x00000000043c5f50 code [0x00000000043c6400, 0x00000000043ca098]
Event: 63.463 Thread 0x000000001ef10800 6502       3       com.sun.prism.impl.BaseResourcePool::prepareForAllocation (6 bytes)
Event: 63.463 Thread 0x000000001ef10800 nmethod 6502 0x0000000003901f90 code [0x0000000003902100, 0x0000000003902308]
Event: 63.477 Thread 0x000000001ef10800 6504       1       com.sun.prism.Image::getPixelBuffer (5 bytes)
Event: 63.477 Thread 0x000000001ef10800 nmethod 6504 0x00000000039f0610 code [0x00000000039f0760, 0x00000000039f0870]
Event: 63.478 Thread 0x000000001ef10800 6505       1       com.sun.prism.Image::getScanlineStride (5 bytes)
Event: 63.478 Thread 0x000000001ef10800 nmethod 6505 0x00000000042c2f90 code [0x00000000042c30e0, 0x00000000042c31f0]

GC Heap History (10 events):
Event: 24.110 GC heap before
{Heap before GC invocations=5 (full 2):
 PSYoungGen      total 76288K, used 65536K [0x000000076af80000, 0x0000000774480000, 0x00000007c0000000)
  eden space 65536K, 100% used [0x000000076af80000,0x000000076ef80000,0x000000076ef80000)
  from space 10752K, 0% used [0x000000076ef80000,0x000000076ef80000,0x000000076fa00000)
  to   space 10752K, 0% used [0x0000000773a00000,0x0000000773a00000,0x0000000774480000)
 ParOldGen       total 175104K, used 125411K [0x00000006c0e00000, 0x00000006cb900000, 0x000000076af80000)
  object space 175104K, 71% used [0x00000006c0e00000,0x00000006c8878c70,0x00000006cb900000)
 Metaspace       used 25546K, capacity 27282K, committed 27392K, reserved 1073152K
  class space    used 3411K, capacity 3732K, committed 3840K, reserved 1048576K
Event: 24.147 GC heap after
Heap after GC invocations=5 (full 2):
 PSYoungGen      total 76288K, used 0K [0x000000076af80000, 0x0000000774480000, 0x00000007c0000000)
  eden space 65536K, 0% used [0x000000076af80000,0x000000076af80000,0x000000076ef80000)
  from space 10752K, 0% used [0x000000076ef80000,0x000000076ef80000,0x000000076fa00000)
  to   space 10752K, 0% used [0x0000000773a00000,0x0000000773a00000,0x0000000774480000)
 ParOldGen       total 314368K, used 138122K [0x00000006c0e00000, 0x00000006d4100000, 0x000000076af80000)
  object space 314368K, 43% used [0x00000006c0e00000,0x00000006c94e2ac8,0x00000006d4100000)
 Metaspace       used 25546K, capacity 27282K, committed 27392K, reserved 1073152K
  class space    used 3411K, capacity 3732K, committed 3840K, reserved 1048576K
}
Event: 27.444 GC heap before
{Heap before GC invocations=6 (full 2):
 PSYoungGen      total 76288K, used 63936K [0x000000076af80000, 0x0000000774480000, 0x00000007c0000000)
  eden space 65536K, 97% used [0x000000076af80000,0x000000076edf01c0,0x000000076ef80000)
  from space 10752K, 0% used [0x000000076ef80000,0x000000076ef80000,0x000000076fa00000)
  to   space 10752K, 0% used [0x0000000773a00000,0x0000000773a00000,0x0000000774480000)
 ParOldGen       total 314368K, used 138122K [0x00000006c0e00000, 0x00000006d4100000, 0x000000076af80000)
  object space 314368K, 43% used [0x00000006c0e00000,0x00000006c94e2ac8,0x00000006d4100000)
 Metaspace       used 26176K, capacity 27876K, committed 28160K, reserved 1073152K
  class space    used 3460K, capacity 3799K, committed 3840K, reserved 1048576K
Event: 27.454 GC heap after
Heap after GC invocations=6 (full 2):
 PSYoungGen      total 130560K, used 10439K [0x000000076af80000, 0x0000000774480000, 0x00000007c0000000)
  eden space 119808K, 0% used [0x000000076af80000,0x000000076af80000,0x0000000772480000)
  from space 10752K, 97% used [0x0000000773a00000,0x0000000774431d60,0x0000000774480000)
  to   space 10752K, 0% used [0x0000000772f80000,0x0000000772f80000,0x0000000773a00000)
 ParOldGen       total 314368K, used 179639K [0x00000006c0e00000, 0x00000006d4100000, 0x000000076af80000)
  object space 314368K, 57% used [0x00000006c0e00000,0x00000006cbd6dea0,0x00000006d4100000)
 Metaspace       used 26176K, capacity 27876K, committed 28160K, reserved 1073152K
  class space    used 3460K, capacity 3799K, committed 3840K, reserved 1048576K
}
Event: 27.915 GC heap before
{Heap before GC invocations=7 (full 2):
 PSYoungGen      total 130560K, used 126956K [0x000000076af80000, 0x0000000774480000, 0x00000007c0000000)
  eden space 119808K, 97% used [0x000000076af80000,0x0000000772149590,0x0000000772480000)
  from space 10752K, 97% used [0x0000000773a00000,0x0000000774431d60,0x0000000774480000)
  to   space 10752K, 0% used [0x0000000772f80000,0x0000000772f80000,0x0000000773a00000)
 ParOldGen       total 314368K, used 179639K [0x00000006c0e00000, 0x00000006d4100000, 0x000000076af80000)
  object space 314368K, 57% used [0x00000006c0e00000,0x00000006cbd6dea0,0x00000006d4100000)
 Metaspace       used 26220K, capacity 27940K, committed 28160K, reserved 1073152K
  class space    used 3460K, capacity 3799K, committed 3840K, reserved 1048576K
Event: 27.937 GC heap after
Heap after GC invocations=7 (full 2):
 PSYoungGen      total 130560K, used 10741K [0x000000076af80000, 0x0000000774480000, 0x00000007c0000000)
  eden space 119808K, 0% used [0x000000076af80000,0x000000076af80000,0x0000000772480000)
  from space 10752K, 99% used [0x0000000772f80000,0x00000007739fd590,0x0000000773a00000)
  to   space 10752K, 0% used [0x0000000773a00000,0x0000000773a00000,0x0000000774480000)
 ParOldGen       total 314368K, used 290109K [0x00000006c0e00000, 0x00000006d4100000, 0x000000076af80000)
  object space 314368K, 92% used [0x00000006c0e00000,0x00000006d294f518,0x00000006d4100000)
 Metaspace       used 26220K, capacity 27940K, committed 28160K, reserved 1073152K
  class space    used 3460K, capacity 3799K, committed 3840K, reserved 1048576K
}
Event: 27.937 GC heap before
{Heap before GC invocations=8 (full 3):
 PSYoungGen      total 130560K, used 10741K [0x000000076af80000, 0x0000000774480000, 0x00000007c0000000)
  eden space 119808K, 0% used [0x000000076af80000,0x000000076af80000,0x0000000772480000)
  from space 10752K, 99% used [0x0000000772f80000,0x00000007739fd590,0x0000000773a00000)
  to   space 10752K, 0% used [0x0000000773a00000,0x0000000773a00000,0x0000000774480000)
 ParOldGen       total 314368K, used 290109K [0x00000006c0e00000, 0x00000006d4100000, 0x000000076af80000)
  object space 314368K, 92% used [0x00000006c0e00000,0x00000006d294f518,0x00000006d4100000)
 Metaspace       used 26220K, capacity 27940K, committed 28160K, reserved 1073152K
  class space    used 3460K, capacity 3799K, committed 3840K, reserved 1048576K
Event: 27.995 GC heap after
Heap after GC invocations=8 (full 3):
 PSYoungGen      total 130560K, used 0K [0x000000076af80000, 0x0000000774480000, 0x00000007c0000000)
  eden space 119808K, 0% used [0x000000076af80000,0x000000076af80000,0x0000000772480000)
  from space 10752K, 0% used [0x0000000772f80000,0x0000000772f80000,0x0000000773a00000)
  to   space 10752K, 0% used [0x0000000773a00000,0x0000000773a00000,0x0000000774480000)
 ParOldGen       total 448000K, used 227595K [0x00000006c0e00000, 0x00000006dc380000, 0x000000076af80000)
  object space 448000K, 50% used [0x00000006c0e00000,0x00000006cec42c98,0x00000006dc380000)
 Metaspace       used 26220K, capacity 27940K, committed 28160K, reserved 1073152K
  class space    used 3460K, capacity 3799K, committed 3840K, reserved 1048576K
}
Event: 63.027 GC heap before
{Heap before GC invocations=9 (full 3):
 PSYoungGen      total 130560K, used 117458K [0x000000076af80000, 0x0000000774480000, 0x00000007c0000000)
  eden space 119808K, 98% used [0x000000076af80000,0x0000000772234948,0x0000000772480000)
  from space 10752K, 0% used [0x0000000772f80000,0x0000000772f80000,0x0000000773a00000)
  to   space 10752K, 0% used [0x0000000773a00000,0x0000000773a00000,0x0000000774480000)
 ParOldGen       total 448000K, used 227595K [0x00000006c0e00000, 0x00000006dc380000, 0x000000076af80000)
  object space 448000K, 50% used [0x00000006c0e00000,0x00000006cec42c98,0x00000006dc380000)
 Metaspace       used 26597K, capacity 28294K, committed 28416K, reserved 1073152K
  class space    used 3463K, capacity 3804K, committed 3840K, reserved 1048576K
Event: 63.037 GC heap after
Heap after GC invocations=9 (full 3):
 PSYoungGen      total 130560K, used 10495K [0x000000076af80000, 0x0000000774480000, 0x00000007c0000000)
  eden space 119808K, 0% used [0x000000076af80000,0x000000076af80000,0x0000000772480000)
  from space 10752K, 97% used [0x0000000773a00000,0x000000077443ff48,0x0000000774480000)
  to   space 10752K, 0% used [0x0000000772f80000,0x0000000772f80000,0x0000000773a00000)
 ParOldGen       total 448000K, used 300004K [0x00000006c0e00000, 0x00000006dc380000, 0x000000076af80000)
  object space 448000K, 66% used [0x00000006c0e00000,0x00000006d32f90a8,0x00000006dc380000)
 Metaspace       used 26597K, capacity 28294K, committed 28416K, reserved 1073152K
  class space    used 3463K, capacity 3804K, committed 3840K, reserved 1048576K
}

Deoptimization events (10 events):
Event: 60.495 Thread 0x000000001fdfc000 Uncommon trap: reason=bimorphic action=maybe_recompile pc=0x0000000003c52940 method=com.sun.javafx.sg.prism.NGGroup.renderContent(Lcom/sun/prism/Graphics;)V @ 69
Event: 62.965 Thread 0x000000001fe62800 Uncommon trap: reason=unstable_if action=reinterpret pc=0x000000000474494c method=com.sun.javafx.css.BitSet.remove(Ljava/lang/Object;)Z @ 39
Event: 63.416 Thread 0x000000001fe62800 Uncommon trap: reason=class_check action=maybe_recompile pc=0x00000000038eb23c method=java.util.HashMap.putVal(ILjava/lang/Object;Ljava/lang/Object;ZZ)Ljava/lang/Object; @ 203
Event: 63.422 Thread 0x000000001fe62800 Uncommon trap: reason=class_check action=maybe_recompile pc=0x0000000003bd8454 method=javafx.scene.control.PopupControl$CSSBridge.getStyleableParent()Ljavafx/css/Styleable; @ 4
Event: 63.422 Thread 0x000000001fe62800 Uncommon trap: reason=class_check action=maybe_recompile pc=0x0000000003bd8454 method=javafx.scene.control.PopupControl$CSSBridge.getStyleableParent()Ljavafx/css/Styleable; @ 4
Event: 63.423 Thread 0x000000001fe62800 Uncommon trap: reason=class_check action=maybe_recompile pc=0x0000000003bd8454 method=javafx.scene.control.PopupControl$CSSBridge.getStyleableParent()Ljavafx/css/Styleable; @ 4
Event: 63.423 Thread 0x000000001fe62800 Uncommon trap: reason=class_check action=maybe_recompile pc=0x0000000003bd8454 method=javafx.scene.control.PopupControl$CSSBridge.getStyleableParent()Ljavafx/css/Styleable; @ 4
Event: 63.465 Thread 0x000000001fdfc000 Uncommon trap: reason=unstable_if action=reinterpret pc=0x00000000046a5df8 method=com.sun.prism.d3d.D3DTextureResource.isValid()Z @ 4
Event: 63.465 Thread 0x000000001fdfc000 Uncommon trap: reason=unstable_if action=reinterpret pc=0x0000000003b57900 method=com.sun.prism.d3d.D3DTextureResource.isValid()Z @ 4
Event: 63.465 Thread 0x000000001fdfc000 Uncommon trap: reason=unstable_if action=reinterpret pc=0x00000000041b4010 method=com.sun.prism.d3d.D3DTextureResource.isValid()Z @ 4

Internal exceptions (10 events):
Event: 25.965 Thread 0x000000001fe62800 Implicit null exception at 0x000000000418519b to 0x0000000004186685
Event: 27.198 Thread 0x000000001fe62800 Implicit null exception at 0x0000000003bff73d to 0x0000000003bffc05
Event: 27.726 Thread 0x000000001fe62800 Exception <a 'java/lang/NullPointerException'> (0x000000076b527240) thrown at [C:\re\workspace\8-2-build-windows-amd64-cygwin\jdk8u131\8869\hotspot\src\share\vm\interpreter\linkResolver.cpp, line 1197]
Event: 27.726 Thread 0x000000001fe62800 Exception <a 'java/lang/NullPointerException'> (0x000000076b527240) thrown at [C:\re\workspace\8-2-build-windows-amd64-cygwin\jdk8u131\8869\hotspot\src\share\vm\prims\jvm.cpp, line 1394]
Event: 63.416 Thread 0x000000001fe62800 Exception <a 'java/io/FileNotFoundException'> (0x000000076e6ce350) thrown at [C:\re\workspace\8-2-build-windows-amd64-cygwin\jdk8u131\8869\hotspot\src\share\vm\prims\jni.cpp, line 709]
Event: 63.427 Thread 0x000000001fe62800 Implicit null exception at 0x00000000041c1b59 to 0x00000000041c4dc2
Event: 63.427 Thread 0x000000001fe62800 Exception <a 'java/lang/NullPointerException'> (0x0000000770ede288) thrown at [C:\re\workspace\8-2-build-windows-amd64-cygwin\jdk8u131\8869\hotspot\src\share\vm\runtime\sharedRuntime.cpp, line 605]
Event: 63.465 Thread 0x000000001fdfc000 Implicit null exception at 0x00000000046a45df to 0x00000000046a5da1
Event: 63.465 Thread 0x000000001fdfc000 Implicit null exception at 0x0000000003b5786b to 0x0000000003b578f1
Event: 63.465 Thread 0x000000001fdfc000 Implicit null exception at 0x00000000041b3f95 to 0x00000000041b3ffd

Events (10 events):
Event: 63.423 Thread 0x000000001fe62800 DEOPT UNPACKING pc=0x00000000034d582a sp=0x0000000020ebbef0 mode 2
Event: 63.465 Thread 0x000000001fdfc000 Uncommon trap: trap_request=0xffffff65 fr.pc=0x00000000046a5df8
Event: 63.465 Thread 0x000000001fdfc000 DEOPT PACKING pc=0x00000000046a5df8 sp=0x00000000205fd2b0
Event: 63.465 Thread 0x000000001fdfc000 DEOPT UNPACKING pc=0x00000000034d582a sp=0x00000000205fd158 mode 2
Event: 63.465 Thread 0x000000001fdfc000 Uncommon trap: trap_request=0xffffff65 fr.pc=0x0000000003b57900
Event: 63.465 Thread 0x000000001fdfc000 DEOPT PACKING pc=0x0000000003b57900 sp=0x00000000205fd250
Event: 63.465 Thread 0x000000001fdfc000 DEOPT UNPACKING pc=0x00000000034d582a sp=0x00000000205fd148 mode 2
Event: 63.465 Thread 0x000000001fdfc000 Uncommon trap: trap_request=0xffffff65 fr.pc=0x00000000041b4010
Event: 63.465 Thread 0x000000001fdfc000 DEOPT PACKING pc=0x00000000041b4010 sp=0x00000000205fd200
Event: 63.465 Thread 0x000000001fdfc000 DEOPT UNPACKING pc=0x00000000034d582a sp=0x00000000205fd150 mode 2


Dynamic libraries:
0x00007ff694fe0000 - 0x00007ff695017000 	C:\Program Files\Java\jdk1.8.0_131\bin\java.exe
0x00007ff8590f0000 - 0x00007ff8592c2000 	C:\WINDOWS\SYSTEM32\ntdll.dll
0x00007ff856f30000 - 0x00007ff856fdc000 	C:\WINDOWS\System32\KERNEL32.DLL
0x00007ff856410000 - 0x00007ff85662d000 	C:\WINDOWS\System32\KERNELBASE.dll
0x00007ff857150000 - 0x00007ff8571f2000 	C:\WINDOWS\System32\ADVAPI32.dll
0x00007ff8575a0000 - 0x00007ff85763e000 	C:\WINDOWS\System32\msvcrt.dll
0x00007ff8572c0000 - 0x00007ff857319000 	C:\WINDOWS\System32\sechost.dll
0x00007ff856680000 - 0x00007ff8567a1000 	C:\WINDOWS\System32\RPCRT4.dll
0x00007ff858c20000 - 0x00007ff858d85000 	C:\WINDOWS\System32\USER32.dll
0x00007ff8563f0000 - 0x00007ff85640e000 	C:\WINDOWS\System32\win32u.dll
0x00007ff8574c0000 - 0x00007ff8574f4000 	C:\WINDOWS\System32\GDI32.dll
0x00007ff8555f0000 - 0x00007ff855770000 	C:\WINDOWS\System32\gdi32full.dll
0x00007ff843890000 - 0x00007ff843b0a000 	C:\WINDOWS\WinSxS\amd64_microsoft.windows.common-controls_6595b64144ccf1df_6.0.14393.953_none_42151e83c686086b\COMCTL32.dll
0x00007ff858d90000 - 0x00007ff859058000 	C:\WINDOWS\System32\combase.dll
0x00007ff8562f0000 - 0x00007ff8563e5000 	C:\WINDOWS\System32\ucrtbase.dll
0x00007ff856280000 - 0x00007ff8562ea000 	C:\WINDOWS\System32\bcryptPrimitives.dll
0x00007ff857120000 - 0x00007ff85714e000 	C:\WINDOWS\System32\IMM32.DLL
0x000000006da00000 - 0x000000006dad2000 	C:\Program Files\Java\jdk1.8.0_131\jre\bin\msvcr100.dll
0x000000006c5c0000 - 0x000000006ce5c000 	C:\Program Files\Java\jdk1.8.0_131\jre\bin\server\jvm.dll
0x00007ff856f20000 - 0x00007ff856f28000 	C:\WINDOWS\System32\PSAPI.DLL
0x00007ff84c090000 - 0x00007ff84c099000 	C:\WINDOWS\SYSTEM32\WSOCK32.dll
0x00007ff852730000 - 0x00007ff852753000 	C:\WINDOWS\SYSTEM32\WINMM.dll
0x00007ff850ed0000 - 0x00007ff850eda000 	C:\WINDOWS\SYSTEM32\VERSION.dll
0x00007ff859060000 - 0x00007ff8590ca000 	C:\WINDOWS\System32\WS2_32.dll
0x00007ff852700000 - 0x00007ff85272b000 	C:\WINDOWS\SYSTEM32\WINMMBASE.dll
0x00007ff856630000 - 0x00007ff856672000 	C:\WINDOWS\System32\cfgmgr32.dll
0x000000006d9f0000 - 0x000000006d9ff000 	C:\Program Files\Java\jdk1.8.0_131\jre\bin\verify.dll
0x000000006d9c0000 - 0x000000006d9e9000 	C:\Program Files\Java\jdk1.8.0_131\jre\bin\java.dll
0x000000006d970000 - 0x000000006d993000 	C:\Program Files\Java\jdk1.8.0_131\jre\bin\instrument.dll
0x000000006d9a0000 - 0x000000006d9b6000 	C:\Program Files\Java\jdk1.8.0_131\jre\bin\zip.dll
0x00007ff8576b0000 - 0x00007ff858bb8000 	C:\WINDOWS\System32\SHELL32.dll
0x00007ff8557d0000 - 0x00007ff855eaa000 	C:\WINDOWS\System32\windows.storage.dll
0x00007ff8555a0000 - 0x00007ff8555ec000 	C:\WINDOWS\System32\powrprof.dll
0x00007ff857640000 - 0x00007ff857692000 	C:\WINDOWS\System32\shlwapi.dll
0x00007ff855580000 - 0x00007ff85558f000 	C:\WINDOWS\System32\kernel.appcore.dll
0x00007ff8561d0000 - 0x00007ff856279000 	C:\WINDOWS\System32\shcore.dll
0x00007ff855560000 - 0x00007ff855574000 	C:\WINDOWS\System32\profapi.dll
0x00007ff852ea0000 - 0x00007ff852eba000 	C:\Program Files\JetBrains\IntelliJ IDEA 2017.1.3\bin\breakgen64.dll
0x000000006d950000 - 0x000000006d96a000 	C:\Program Files\Java\jdk1.8.0_131\jre\bin\net.dll
0x00007ff854e90000 - 0x00007ff854eec000 	C:\WINDOWS\system32\mswsock.dll
0x00007ff82f8f0000 - 0x00007ff82f9df000 	C:\Program Files\Java\jdk1.8.0_131\jre\bin\msvcr120.dll
0x00007ff82f5c0000 - 0x00007ff82f666000 	C:\Program Files\Java\jdk1.8.0_131\jre\bin\msvcp120.dll
0x000000006d920000 - 0x000000006d942000 	C:\Program Files\Java\jdk1.8.0_131\jre\bin\prism_d3d.dll
0x00007ff839c00000 - 0x00007ff839d8d000 	C:\WINDOWS\system32\d3d9.dll
0x00007ff8525d0000 - 0x00007ff8525f6000 	C:\WINDOWS\SYSTEM32\dwmapi.dll
0x00007ff853af0000 - 0x00007ff853b85000 	C:\WINDOWS\system32\uxtheme.dll
0x00007ff850ef0000 - 0x00007ff851086000 	C:\WINDOWS\System32\DriverStore\FileRepository\c0313676.inf_amd64_96bbc33bec5c7fae\aticfx64.dll
0x00007ff83fcb0000 - 0x00007ff83fce2000 	C:\WINDOWS\System32\DriverStore\FileRepository\c0313676.inf_amd64_96bbc33bec5c7fae\atiu9p64.dll
0x00007ff826960000 - 0x00007ff827296000 	C:\WINDOWS\System32\DriverStore\FileRepository\c0313676.inf_amd64_96bbc33bec5c7fae\atiumd64.dll
0x00007ff856fe0000 - 0x00007ff857118000 	C:\WINDOWS\System32\ole32.dll
0x000000006dbd0000 - 0x000000006e9f7000 	C:\WINDOWS\System32\DriverStore\FileRepository\c0313676.inf_amd64_96bbc33bec5c7fae\atiumd6a.dll
0x000000006d8d0000 - 0x000000006d913000 	C:\Program Files\Java\jdk1.8.0_131\jre\bin\glass.dll
0x00007ff856c50000 - 0x00007ff856d4a000 	C:\WINDOWS\System32\COMDLG32.dll
0x00007ff857200000 - 0x00007ff8572bf000 	C:\WINDOWS\System32\OLEAUT32.dll
0x00007ff856080000 - 0x00007ff85611c000 	C:\WINDOWS\System32\msvcp_win.dll
0x00007ff856dc0000 - 0x00007ff856f1a000 	C:\WINDOWS\System32\MSCTF.dll
0x00007ff83f0d0000 - 0x00007ff83f0fc000 	C:\PROGRA~2\RAPTRI~1\Raptr\ltc_help64-119906.dll
0x00007ff855770000 - 0x00007ff8557c5000 	C:\WINDOWS\System32\WINTRUST.dll
0x00007ff855590000 - 0x00007ff8555a0000 	C:\WINDOWS\System32\MSASN1.dll
0x00007ff855eb0000 - 0x00007ff856079000 	C:\WINDOWS\System32\CRYPT32.dll
0x000000006d890000 - 0x000000006d8a4000 	C:\Program Files\Java\jdk1.8.0_131\jre\bin\javafx_font.dll
0x00007ff84c5c0000 - 0x00007ff84c829000 	C:\WINDOWS\SYSTEM32\dwrite.dll
0x00007ff857500000 - 0x00007ff85759f000 	C:\WINDOWS\System32\clbcatq.dll
0x00007ff851ec0000 - 0x00007ff852068000 	C:\WINDOWS\SYSTEM32\WindowsCodecs.dll
0x00007ff833bc0000 - 0x00007ff833c09000 	C:\WINDOWS\system32\dataexchange.dll
0x00007ff8510f0000 - 0x00007ff8513a6000 	C:\WINDOWS\system32\d3d11.dll
0x00007ff853380000 - 0x00007ff8534d1000 	C:\WINDOWS\system32\dcomp.dll
0x00007ff854330000 - 0x00007ff8543cf000 	C:\WINDOWS\system32\dxgi.dll
0x00007ff853e20000 - 0x00007ff853f3c000 	C:\WINDOWS\system32\twinapi.appcore.dll
0x00007ff855140000 - 0x00007ff85516b000 	C:\WINDOWS\system32\bcrypt.dll
0x00007ff851880000 - 0x00007ff8518b2000 	C:\Program Files\Common Files\Microsoft Shared\Ink\rtscom.dll
0x00007ff850710000 - 0x00007ff850c6f000 	C:\WINDOWS\SYSTEM32\d2d1.dll
0x00007ff82c950000 - 0x00007ff82cbdd000 	C:\WINDOWS\SYSTEM32\D3D10Warp.dll
0x000000006d870000 - 0x000000006d881000 	C:\Program Files\Java\jdk1.8.0_131\jre\bin\prism_common.dll
0x00007ff854c50000 - 0x00007ff854cf1000 	C:\WINDOWS\SYSTEM32\DNSAPI.dll
0x00007ff8576a0000 - 0x00007ff8576a8000 	C:\WINDOWS\System32\NSI.dll
0x00007ff854c10000 - 0x00007ff854c48000 	C:\WINDOWS\SYSTEM32\IPHLPAPI.DLL
0x00007ff84cda0000 - 0x00007ff84cdaa000 	C:\Windows\System32\rasadhlp.dll
0x00007ff8503b0000 - 0x00007ff85041a000 	C:\WINDOWS\System32\fwpuclnt.dll
0x00007ff855030000 - 0x00007ff855047000 	C:\WINDOWS\System32\CRYPTSP.dll
0x00007ff854a90000 - 0x00007ff854ac3000 	C:\WINDOWS\system32\rsaenh.dll
0x00007ff855050000 - 0x00007ff85505b000 	C:\WINDOWS\SYSTEM32\CRYPTBASE.dll
0x00007ff8590d0000 - 0x00007ff8590ec000 	C:\WINDOWS\System32\imagehlp.dll
0x00007ff8542a0000 - 0x00007ff8542c3000 	C:\WINDOWS\SYSTEM32\gpapi.dll
0x00007ff846f20000 - 0x00007ff846f4f000 	C:\Windows\System32\cryptnet.dll
0x00007ff8502b0000 - 0x00007ff8502bb000 	C:\WINDOWS\SYSTEM32\WINNSI.DLL
0x00007ff812e70000 - 0x00007ff8130b4000 	C:\PROGRA~2\RAPTRI~1\Raptr\ltc_game64-119906.dll
0x000000006d840000 - 0x000000006d863000 	C:\Program Files\Java\jdk1.8.0_131\jre\bin\javafx_iio.dll
0x000000006d8b0000 - 0x000000006d8c1000 	C:\Program Files\Java\jdk1.8.0_131\jre\bin\nio.dll

VM Arguments:
jvm_args: -javaagent:C:\Program Files\JetBrains\IntelliJ IDEA 2017.1.3\lib\idea_rt.jar=62332:C:\Program Files\JetBrains\IntelliJ IDEA 2017.1.3\bin -Dfile.encoding=UTF-8 
java_command: main.java.controllers.Main
java_class_path (initial): C:\Program Files\Java\jdk1.8.0_131\jre\lib\charsets.jar;C:\Program Files\Java\jdk1.8.0_131\jre\lib\deploy.jar;C:\Program Files\Java\jdk1.8.0_131\jre\lib\ext\access-bridge-64.jar;C:\Program Files\Java\jdk1.8.0_131\jre\lib\ext\cldrdata.jar;C:\Program Files\Java\jdk1.8.0_131\jre\lib\ext\dnsns.jar;C:\Program Files\Java\jdk1.8.0_131\jre\lib\ext\jaccess.jar;C:\Program Files\Java\jdk1.8.0_131\jre\lib\ext\jfxrt.jar;C:\Program Files\Java\jdk1.8.0_131\jre\lib\ext\localedata.jar;C:\Program Files\Java\jdk1.8.0_131\jre\lib\ext\nashorn.jar;C:\Program Files\Java\jdk1.8.0_131\jre\lib\ext\sunec.jar;C:\Program Files\Java\jdk1.8.0_131\jre\lib\ext\sunjce_provider.jar;C:\Program Files\Java\jdk1.8.0_131\jre\lib\ext\sunmscapi.jar;C:\Program Files\Java\jdk1.8.0_131\jre\lib\ext\sunpkcs11.jar;C:\Program Files\Java\jdk1.8.0_131\jre\lib\ext\zipfs.jar;C:\Program Files\Java\jdk1.8.0_131\jre\lib\javaws.jar;C:\Program Files\Java\jdk1.8.0_131\jre\lib\jce.jar;C:\Program Files\Java\jdk1.8.0_131\jre\lib\jfr.jar;C:\Program Files\Java\jdk1.8.0_131\jre\lib\jfxswt.jar;C:\Program Files\Java\jdk1.8.0_131\jre\lib\jsse.jar;C:\Program Files\Java\jdk1.8.0_131\jre\lib\management-agent.jar;C:\Program Files\Java\jdk1.8.0_131\jre\lib\plugin.jar;C:\Program Files\Java\jdk1.8.0_131\jre\lib\resources.jar;C:\Program Files\Java\jdk1.8.0_131\jre\lib\rt.jar;C:\Users\Santi\IdeaProjects\payroll-manager\out\production\employee-database;C:\Users\Santi\Desktop\mysql-connector-java-5.1.42-bin.jar;C:\Users\Santi\Documents\Java Libraries\Apache\commons\text\commons-text-1.1\commons-text-1.1.jar;C:\Users\Santi\Documents\Java Libraries\Apache\commons\lang\commons-lang3-3.6.jar;C:\Users\Santi\Documents\Java Libraries\Apache\commons\collections\commons-collections4-4.1.jar;C:\Program Files\JetBrains\IntelliJ IDEA 2017.1.3\lib\idea_rt.jar
Launcher Type: SUN_STANDARD

Environment Variables:
PATH=C:\Program Files (x86)\NVIDIA Corporation\PhysX\Common;C:\ProgramData\Oracle\Java\javapath;C:\WINDOWS\system32;C:\WINDOWS;C:\WINDOWS\System32\Wbem;C:\WINDOWS\System32\WindowsPowerShell\v1.0\;C:\Program Files (x86)\Windows Live\Shared;C:\Program Files (x86)\Skype\Phone\;C:\Program Files\MiKTeX 2.9\miktex\bin\x64\;C:\Program Files\Git\cmd;C:\cygwin64\bin;C:\Program Files (x86)\Windows Kits\10\Windows Performance Toolkit\;C:\Program Files\MySQL\MySQL Utilities 1.6\;C:\Users\Santi\AppData\Local\Programs\Python\Python36-32\Scripts\;C:\Users\Santi\AppData\Local\Programs\Python\Python36-32\;C:\Users\Santi\AppData\Local\Microsoft\WindowsApps;
USERNAME=Santi
OS=Windows_NT
PROCESSOR_IDENTIFIER=Intel64 Family 6 Model 60 Stepping 3, GenuineIntel



---------------  S Y S T E M  ---------------

OS: Windows 10.0 , 64 bit Build 14393 (10.0.14393.1198)

CPU:total 8 (initial active 8) (4 cores per cpu, 2 threads per core) family 6 model 60 stepping 3, cmov, cx8, fxsr, mmx, sse, sse2, sse3, ssse3, sse4.1, sse4.2, popcnt, avx, avx2, aes, clmul, erms, lzcnt, ht, tsc, tscinvbit, bmi1, bmi2

Memory: 4k page, physical 16717616k(3899580k free), swap 52441692k(4668k free)

vm_info: Java HotSpot(TM) 64-Bit Server VM (25.131-b11) for windows-amd64 JRE (1.8.0_131-b11), built on Mar 15 2017 01:23:53 by "java_re" with MS VC++ 10.0 (VS2010)

time: Tue Aug 15 00:33:51 2017
elapsed time: 63 seconds (0d 0h 1m 3s)

