#
# There is insufficient memory for the Java Runtime Environment to continue.
# Native memory allocation (malloc) failed to allocate 756800 bytes for Chunk::new
# Possible reasons:
#   The system is out of physical RAM or swap space
#   In 32 bit mode, the process size limit was hit
# Possible solutions:
#   Reduce memory load on the system
#   Increase physical memory or swap space
#   Check if swap backing store is full
#   Use 64 bit Java on a 64 bit OS
#   Decrease Java heap size (-Xmx/-Xms)
#   Decrease number of Java threads
#   Decrease Java thread stack sizes (-Xss)
#   Set larger code cache with -XX:ReservedCodeCacheSize=
# This output file may be truncated or incomplete.
#
#  Out of Memory Error (allocation.cpp:390), pid=14024, tid=0x0000000000003488
#
# JRE version: Java(TM) SE Runtime Environment (8.0_131-b11) (build 1.8.0_131-b11)
# Java VM: Java HotSpot(TM) 64-Bit Server VM (25.131-b11 mixed mode windows-amd64 compressed oops)
# Failed to write core dump. Minidumps are not enabled by default on client versions of Windows
#

---------------  T H R E A D  ---------------

Current thread (0x000000001e8bb800):  JavaThread "C2 CompilerThread2" daemon [_thread_in_native, id=13448, stack(0x000000001f2b0000,0x000000001f3b0000)]

Stack: [0x000000001f2b0000,0x000000001f3b0000]
[error occurred during error reporting (printing stack bounds), id 0xc0000005]

Native frames: (J=compiled Java code, j=interpreted, Vv=VM code, C=native code)


Current CompileTask:
C2:3729698 5153   !   4       java.net.URL::<init> (543 bytes)


---------------  P R O C E S S  ---------------

Java Threads: ( => current thread )
  0x000000001fcd7800 JavaThread "Abandoned connection cleanup thread" daemon [_thread_blocked, id=20680, stack(0x000000002b3a0000,0x000000002b4a0000)]
  0x000000001f8bc000 JavaThread "Prism Font Disposer" daemon [_thread_blocked, id=17372, stack(0x0000000025090000,0x0000000025190000)]
  0x000000001f7fe000 JavaThread "Thread-3" daemon [_thread_in_native, id=20600, stack(0x00000000238c0000,0x00000000239c0000)]
  0x000000001f7dc800 JavaThread "JavaFX-Launcher" [_thread_blocked, id=200, stack(0x00000000239c0000,0x0000000023ac0000)]
  0x000000001f7b4800 JavaThread "JavaFX Application Thread" [_thread_in_native, id=7292, stack(0x00000000207c0000,0x00000000208c0000)]
  0x000000001f76b000 JavaThread "Thread-1" daemon [_thread_blocked, id=8588, stack(0x00000000206c0000,0x00000000207c0000)]
  0x000000001f75d800 JavaThread "QuantumRenderer-0" daemon [_thread_blocked, id=9240, stack(0x000000001feb0000,0x000000001ffb0000)]
  0x000000001e95f000 JavaThread "Service Thread" daemon [_thread_blocked, id=14964, stack(0x000000001f4b0000,0x000000001f5b0000)]
  0x000000001e8c3800 JavaThread "C1 CompilerThread3" daemon [_thread_blocked, id=3060, stack(0x000000001f3b0000,0x000000001f4b0000)]
=>0x000000001e8bb800 JavaThread "C2 CompilerThread2" daemon [_thread_in_native, id=13448, stack(0x000000001f2b0000,0x000000001f3b0000)]
  0x000000001e8b3000 JavaThread "C2 CompilerThread1" daemon [_thread_blocked, id=15328, stack(0x000000001f1b0000,0x000000001f2b0000)]
  0x000000001e8b2800 JavaThread "C2 CompilerThread0" daemon [_thread_blocked, id=6864, stack(0x000000001f0b0000,0x000000001f1b0000)]
  0x000000001e81e000 JavaThread "Monitor Ctrl-Break" daemon [_thread_in_native, id=15284, stack(0x000000001efb0000,0x000000001f0b0000)]
  0x000000001e7f5800 JavaThread "Attach Listener" daemon [_thread_blocked, id=5280, stack(0x000000001eeb0000,0x000000001efb0000)]
  0x000000001e7f4800 JavaThread "Signal Dispatcher" daemon [_thread_blocked, id=12240, stack(0x000000001edb0000,0x000000001eeb0000)]
  0x000000001e7e0800 JavaThread "Finalizer" daemon [_thread_blocked, id=15676, stack(0x000000001ebc0000,0x000000001ecc0000)]
  0x0000000002e09000 JavaThread "Reference Handler" daemon [_thread_blocked, id=10572, stack(0x000000001e6c0000,0x000000001e7c0000)]
  0x0000000002bbe000 JavaThread "main" [_thread_blocked, id=2924, stack(0x0000000002a80000,0x0000000002b80000)]

Other Threads:
  0x000000001c8f9000 VMThread [stack: 0x000000001e5c0000,0x000000001e6c0000] [id=5772]
  0x000000001e995800 WatcherThread [stack: 0x000000001f5b0000,0x000000001f6b0000] [id=12676]

VM state:not at safepoint (normal execution)

VM Mutex/Monitor currently owned by a thread: None

Heap:
 PSYoungGen      total 289280K, used 196666K [0x000000076af80000, 0x0000000784800000, 0x00000007c0000000)
  eden space 198144K, 65% used [0x000000076af80000,0x0000000772ef06e0,0x0000000777100000)
  from space 91136K, 72% used [0x000000077ef00000,0x0000000782f9e1b0,0x0000000784800000)
  to   space 110080K, 0% used [0x0000000777100000,0x0000000777100000,0x000000077dc80000)
 ParOldGen       total 392704K, used 176838K [0x00000006c0e00000, 0x00000006d8d80000, 0x000000076af80000)
  object space 392704K, 45% used [0x00000006c0e00000,0x00000006cbab1b00,0x00000006d8d80000)
 Metaspace       used 25960K, capacity 27652K, committed 27904K, reserved 1073152K
  class space    used 3457K, capacity 3793K, committed 3840K, reserved 1048576K

Card table byte_map: [0x00000000121d0000,0x00000000129d0000] byte_map_base: 0x000000000ebc9000

Marking Bits: (ParMarkBitMap*) 0x000000006cddc720
 Begin Bits: [0x0000000013730000, 0x00000000176f8000)
 End Bits:   [0x00000000176f8000, 0x000000001b6c0000)

Polling page: 0x0000000000d10000

CodeCache: size=245760Kb used=15246Kb max_used=16540Kb free=230513Kb
 bounds [0x0000000002e10000, 0x0000000003e50000, 0x0000000011e10000]
 total_blobs=5358 nmethods=4569 adapters=699
 compilation: enabled

Compilation events (10 events):
Event: 879.785 Thread 0x000000001e8bb800 nmethod 5148% 0x000000000331c0d0 code [0x000000000331c280, 0x000000000331c928]
Event: 1153.775 Thread 0x000000001e8c3800 5149       3       sun.misc.URLClassPath$FileLoader::findResource (18 bytes)
Event: 1153.775 Thread 0x000000001e8c3800 nmethod 5149 0x0000000002f50310 code [0x0000000002f50480, 0x0000000002f50718]
Event: 1268.797 Thread 0x000000001e8c3800 5150   !   3       com.mysql.jdbc.AbandonedConnectionCleanupThread::checkContextClassLoaders (20 bytes)
Event: 1268.802 Thread 0x000000001e8c3800 nmethod 5150 0x0000000003747ed0 code [0x0000000003748100, 0x0000000003748e78]
Event: 2489.062 Thread 0x000000001e8b2800 5151       4       sun.misc.URLClassPath::findResource (47 bytes)
Event: 2489.075 Thread 0x000000001e8b2800 nmethod 5151 0x00000000031d0e90 code [0x00000000031d1020, 0x00000000031d1390]
Event: 2729.104 Thread 0x000000001e8b2800 5152       4       sun.misc.URLClassPath::getResource (83 bytes)
Event: 2729.158 Thread 0x000000001e8b2800 nmethod 5152 0x0000000003e41d50 code [0x0000000003e42080, 0x0000000003e434f0]
Event: 3729.322 Thread 0x000000001e8bb800 5153   !   4       java.net.URL::<init> (543 bytes)

GC Heap History (10 events):
Event: 20.001 GC heap before
{Heap before GC invocations=5 (full 1):
 PSYoungGen      total 76288K, used 71194K [0x000000076af80000, 0x0000000773e00000, 0x00000007c0000000)
  eden space 65536K, 92% used [0x000000076af80000,0x000000076ead6da8,0x000000076ef80000)
  from space 10752K, 97% used [0x000000076ef80000,0x000000076f9afc50,0x000000076fa00000)
  to   space 10752K, 0% used [0x0000000773380000,0x0000000773380000,0x0000000773e00000)
 ParOldGen       total 173568K, used 101453K [0x00000006c0e00000, 0x00000006cb780000, 0x000000076af80000)
  object space 173568K, 58% used [0x00000006c0e00000,0x00000006c71135c8,0x00000006cb780000)
 Metaspace       used 25649K, capacity 27390K, committed 27648K, reserved 1073152K
  class space    used 3455K, capacity 3792K, committed 3840K, reserved 1048576K
Event: 20.007 GC heap after
Heap after GC invocations=5 (full 1):
 PSYoungGen      total 133120K, used 10738K [0x000000076af80000, 0x0000000773e00000, 0x00000007c0000000)
  eden space 122368K, 0% used [0x000000076af80000,0x000000076af80000,0x0000000772700000)
  from space 10752K, 99% used [0x0000000773380000,0x0000000773dfc8a0,0x0000000773e00000)
  to   space 10752K, 0% used [0x0000000772900000,0x0000000772900000,0x0000000773380000)
 ParOldGen       total 173568K, used 112395K [0x00000006c0e00000, 0x00000006cb780000, 0x000000076af80000)
  object space 173568K, 64% used [0x00000006c0e00000,0x00000006c7bc2ef8,0x00000006cb780000)
 Metaspace       used 25649K, capacity 27390K, committed 27648K, reserved 1073152K
  class space    used 3455K, capacity 3792K, committed 3840K, reserved 1048576K
}
Event: 20.007 GC heap before
{Heap before GC invocations=6 (full 2):
 PSYoungGen      total 133120K, used 10738K [0x000000076af80000, 0x0000000773e00000, 0x00000007c0000000)
  eden space 122368K, 0% used [0x000000076af80000,0x000000076af80000,0x0000000772700000)
  from space 10752K, 99% used [0x0000000773380000,0x0000000773dfc8a0,0x0000000773e00000)
  to   space 10752K, 0% used [0x0000000772900000,0x0000000772900000,0x0000000773380000)
 ParOldGen       total 173568K, used 112395K [0x00000006c0e00000, 0x00000006cb780000, 0x000000076af80000)
  object space 173568K, 64% used [0x00000006c0e00000,0x00000006c7bc2ef8,0x00000006cb780000)
 Metaspace       used 25649K, capacity 27390K, committed 27648K, reserved 1073152K
  class space    used 3455K, capacity 3792K, committed 3840K, reserved 1048576K
Event: 20.073 GC heap after
Heap after GC invocations=6 (full 2):
 PSYoungGen      total 133120K, used 0K [0x000000076af80000, 0x0000000773e00000, 0x00000007c0000000)
  eden space 122368K, 0% used [0x000000076af80000,0x000000076af80000,0x0000000772700000)
  from space 10752K, 0% used [0x0000000773380000,0x0000000773380000,0x0000000773e00000)
  to   space 10752K, 0% used [0x0000000772900000,0x0000000772900000,0x0000000773380000)
 ParOldGen       total 275456K, used 121751K [0x00000006c0e00000, 0x00000006d1b00000, 0x000000076af80000)
  object space 275456K, 44% used [0x00000006c0e00000,0x00000006c84e5d00,0x00000006d1b00000)
 Metaspace       used 25649K, capacity 27390K, committed 27648K, reserved 1073152K
  class space    used 3455K, capacity 3792K, committed 3840K, reserved 1048576K
}
Event: 23.473 GC heap before
{Heap before GC invocations=7 (full 2):
 PSYoungGen      total 133120K, used 122202K [0x000000076af80000, 0x0000000773e00000, 0x00000007c0000000)
  eden space 122368K, 99% used [0x000000076af80000,0x00000007726d68b0,0x0000000772700000)
  from space 10752K, 0% used [0x0000000773380000,0x0000000773380000,0x0000000773e00000)
  to   space 10752K, 0% used [0x0000000772900000,0x0000000772900000,0x0000000773380000)
 ParOldGen       total 275456K, used 121751K [0x00000006c0e00000, 0x00000006d1b00000, 0x000000076af80000)
  object space 275456K, 44% used [0x00000006c0e00000,0x00000006c84e5d00,0x00000006d1b00000)
 Metaspace       used 25878K, capacity 27524K, committed 27648K, reserved 1073152K
  class space    used 3456K, capacity 3793K, committed 3840K, reserved 1048576K
Event: 23.497 GC heap after
Heap after GC invocations=7 (full 2):
 PSYoungGen      total 135168K, used 10724K [0x000000076af80000, 0x0000000785780000, 0x00000007c0000000)
  eden space 124416K, 0% used [0x000000076af80000,0x000000076af80000,0x0000000772900000)
  from space 10752K, 99% used [0x0000000772900000,0x0000000773379030,0x0000000773380000)
  to   space 107008K, 0% used [0x000000077ef00000,0x000000077ef00000,0x0000000785780000)
 ParOldGen       total 275456K, used 225023K [0x00000006c0e00000, 0x00000006d1b00000, 0x000000076af80000)
  object space 275456K, 81% used [0x00000006c0e00000,0x00000006ce9bfed0,0x00000006d1b00000)
 Metaspace       used 25878K, capacity 27524K, committed 27648K, reserved 1073152K
  class space    used 3456K, capacity 3793K, committed 3840K, reserved 1048576K
}
Event: 23.497 GC heap before
{Heap before GC invocations=8 (full 3):
 PSYoungGen      total 135168K, used 10724K [0x000000076af80000, 0x0000000785780000, 0x00000007c0000000)
  eden space 124416K, 0% used [0x000000076af80000,0x000000076af80000,0x0000000772900000)
  from space 10752K, 99% used [0x0000000772900000,0x0000000773379030,0x0000000773380000)
  to   space 107008K, 0% used [0x000000077ef00000,0x000000077ef00000,0x0000000785780000)
 ParOldGen       total 275456K, used 225023K [0x00000006c0e00000, 0x00000006d1b00000, 0x000000076af80000)
  object space 275456K, 81% used [0x00000006c0e00000,0x00000006ce9bfed0,0x00000006d1b00000)
 Metaspace       used 25878K, capacity 27524K, committed 27648K, reserved 1073152K
  class space    used 3456K, capacity 3793K, committed 3840K, reserved 1048576K
Event: 23.560 GC heap after
Heap after GC invocations=8 (full 3):
 PSYoungGen      total 135168K, used 0K [0x000000076af80000, 0x0000000785780000, 0x00000007c0000000)
  eden space 124416K, 0% used [0x000000076af80000,0x000000076af80000,0x0000000772900000)
  from space 10752K, 0% used [0x0000000772900000,0x0000000772900000,0x0000000773380000)
  to   space 107008K, 0% used [0x000000077ef00000,0x000000077ef00000,0x0000000785780000)
 ParOldGen       total 392704K, used 176830K [0x00000006c0e00000, 0x00000006d8d80000, 0x000000076af80000)
  object space 392704K, 45% used [0x00000006c0e00000,0x00000006cbaafb00,0x00000006d8d80000)
 Metaspace       used 25878K, capacity 27524K, committed 27648K, reserved 1073152K
  class space    used 3456K, capacity 3793K, committed 3840K, reserved 1048576K
}
Event: 1089.860 GC heap before
{Heap before GC invocations=9 (full 3):
 PSYoungGen      total 135168K, used 124416K [0x000000076af80000, 0x0000000785780000, 0x00000007c0000000)
  eden space 124416K, 100% used [0x000000076af80000,0x0000000772900000,0x0000000772900000)
  from space 10752K, 0% used [0x0000000772900000,0x0000000772900000,0x0000000773380000)
  to   space 107008K, 0% used [0x000000077ef00000,0x000000077ef00000,0x0000000785780000)
 ParOldGen       total 392704K, used 176830K [0x00000006c0e00000, 0x00000006d8d80000, 0x000000076af80000)
  object space 392704K, 45% used [0x00000006c0e00000,0x00000006cbaafb00,0x00000006d8d80000)
 Metaspace       used 25957K, capacity 27652K, committed 27904K, reserved 1073152K
  class space    used 3457K, capacity 3793K, committed 3840K, reserved 1048576K
Event: 1089.920 GC heap after
Heap after GC invocations=9 (full 3):
 PSYoungGen      total 289280K, used 66168K [0x000000076af80000, 0x0000000784800000, 0x00000007c0000000)
  eden space 198144K, 0% used [0x000000076af80000,0x000000076af80000,0x0000000777100000)
  from space 91136K, 72% used [0x000000077ef00000,0x0000000782f9e1b0,0x0000000784800000)
  to   space 110080K, 0% used [0x0000000777100000,0x0000000777100000,0x000000077dc80000)
 ParOldGen       total 392704K, used 176838K [0x00000006c0e00000, 0x00000006d8d80000, 0x000000076af80000)
  object space 392704K, 45% used [0x00000006c0e00000,0x00000006cbab1b00,0x00000006d8d80000)
 Metaspace       used 25957K, capacity 27652K, committed 27904K, reserved 1073152K
  class space    used 3457K, capacity 3793K, committed 3840K, reserved 1048576K
}

Deoptimization events (10 events):
Event: 18.871 Thread 0x000000001f7b4800 Uncommon trap: reason=unstable_if action=reinterpret pc=0x0000000003a4fa98 method=com.sun.javafx.css.StyleManager$CacheContainer.getStyleMap(I)Lcom/sun/javafx/css/StyleMap; @ 22
Event: 18.879 Thread 0x000000001f7b4800 Uncommon trap: reason=unstable_if action=reinterpret pc=0x0000000003b9714c method=com.sun.javafx.geom.RectBounds.deriveWithNewBounds(FFFFFF)Lcom/sun/javafx/geom/BaseBounds; @ 11
Event: 18.883 Thread 0x000000001f7b4800 Uncommon trap: reason=unstable_if action=reinterpret pc=0x0000000003c6d99c method=javafx.scene.Scene.buildEventDispatchChain(Ljavafx/event/EventDispatchChain;)Ljavafx/event/EventDispatchChain; @ 4
Event: 18.886 Thread 0x000000001f7b4800 Uncommon trap: reason=unstable_if action=reinterpret pc=0x00000000039aa35c method=javafx.scene.Node.updateBounds()V @ 37
Event: 18.888 Thread 0x000000001f75d800 Uncommon trap: reason=unstable_if action=reinterpret pc=0x00000000032afc04 method=com.sun.javafx.geom.RectBounds.isEmpty()Z @ 21
Event: 19.934 Thread 0x000000001f7b4800 Uncommon trap: reason=unstable_if action=reinterpret pc=0x0000000003ac8de0 method=com.sun.javafx.css.StyleManager$Cache$Key.hashCode()I @ 19
Event: 19.935 Thread 0x000000001f7b4800 Uncommon trap: reason=null_check action=make_not_entrant pc=0x0000000003605994 method=com.sun.javafx.css.SimpleSelector.applies(Ljavafx/css/Styleable;)Z @ 77
Event: 19.935 Thread 0x000000001f7b4800 Uncommon trap: reason=unstable_if action=reinterpret pc=0x00000000035604c4 method=java.lang.String.trim()Ljava/lang/String; @ 44
Event: 19.940 Thread 0x000000001f7b4800 Uncommon trap: reason=unstable_if action=reinterpret pc=0x0000000003599bc8 method=sun.nio.cs.UTF_8$Encoder.encodeArrayLoop(Ljava/nio/CharBuffer;Ljava/nio/ByteBuffer;)Ljava/nio/charset/CoderResult; @ 87
Event: 491.011 Thread 0x000000001f7b4800 Uncommon trap: reason=unstable_if action=reinterpret pc=0x0000000003c298c0 method=java.util.Collections.unmodifiableList(Ljava/util/List;)Ljava/util/List; @ 4

Internal exceptions (10 events):
Event: 8.101 Thread 0x000000001f7b4800 Exception <a 'java/io/FileNotFoundException'> (0x000000076b1b6260) thrown at [C:\re\workspace\8-2-build-windows-amd64-cygwin\jdk8u131\8869\hotspot\src\share\vm\prims\jni.cpp, line 709]
Event: 8.174 Thread 0x000000001f7b4800 Exception <a 'java/lang/NullPointerException'> (0x000000076b5ba260) thrown at [C:\re\workspace\8-2-build-windows-amd64-cygwin\jdk8u131\8869\hotspot\src\share\vm\interpreter\linkResolver.cpp, line 1197]
Event: 9.729 Thread 0x000000001f7b4800 Exception <a 'java/lang/ArrayIndexOutOfBoundsException'> (0x000000076ca40988) thrown at [C:\re\workspace\8-2-build-windows-amd64-cygwin\jdk8u131\8869\hotspot\src\share\vm\runtime\sharedRuntime.cpp, line 605]
Event: 9.736 Thread 0x000000001f7b4800 Exception <a 'java/io/FileNotFoundException'> (0x000000076ca63880) thrown at [C:\re\workspace\8-2-build-windows-amd64-cygwin\jdk8u131\8869\hotspot\src\share\vm\prims\jni.cpp, line 709]
Event: 9.738 Thread 0x000000001f7b4800 Exception <a 'java/io/FileNotFoundException'> (0x000000076ca80948) thrown at [C:\re\workspace\8-2-build-windows-amd64-cygwin\jdk8u131\8869\hotspot\src\share\vm\prims\jni.cpp, line 709]
Event: 12.595 Thread 0x000000001f7b4800 Implicit null exception at 0x0000000003676c46 to 0x0000000003677545
Event: 18.883 Thread 0x000000001f7b4800 Implicit null exception at 0x0000000003c6c32b to 0x0000000003c6d985
Event: 19.935 Thread 0x000000001f7b4800 Implicit null exception at 0x00000000036054e9 to 0x0000000003605989
Event: 20.475 Thread 0x000000001f7b4800 Exception <a 'java/lang/NullPointerException'> (0x000000076f3d9ce8) thrown at [C:\re\workspace\8-2-build-windows-amd64-cygwin\jdk8u131\8869\hotspot\src\share\vm\interpreter\linkResolver.cpp, line 1197]
Event: 20.475 Thread 0x000000001f7b4800 Exception <a 'java/lang/NullPointerException'> (0x000000076f3d9ce8) thrown at [C:\re\workspace\8-2-build-windows-amd64-cygwin\jdk8u131\8869\hotspot\src\share\vm\prims\jvm.cpp, line 1394]

Events (10 events):
Event: 2729.159 Thread 0x000000001e8b2800 flushing nmethod 0x0000000003203b50
Event: 2729.159 Thread 0x000000001e8b2800 flushing nmethod 0x000000000320e9d0
Event: 2729.159 Thread 0x000000001e8b2800 flushing nmethod 0x0000000003212f90
Event: 2729.159 Thread 0x000000001e8b2800 flushing nmethod 0x00000000032132d0
Event: 2729.159 Thread 0x000000001e8b2800 flushing nmethod 0x0000000003213a90
Event: 2729.159 Thread 0x000000001e8b2800 flushing nmethod 0x0000000003213f50
Event: 2729.159 Thread 0x000000001e8b2800 flushing nmethod 0x0000000003216fd0
Event: 2729.160 Thread 0x000000001e8b2800 flushing nmethod 0x0000000003228710
Event: 2729.160 Thread 0x000000001e8b2800 flushing nmethod 0x0000000003228f90
Event: 2729.160 Thread 0x000000001e8b2800 flushing nmethod 0x0000000003229ed0


Dynamic libraries:
0x00007ff694fe0000 - 0x00007ff695017000 	C:\Program Files\Java\jdk1.8.0_131\bin\java.exe
0x00007ff8590f0000 - 0x00007ff8592c2000 	C:\WINDOWS\SYSTEM32\ntdll.dll
0x00007ff856f30000 - 0x00007ff856fdc000 	C:\WINDOWS\System32\KERNEL32.DLL
0x00007ff856410000 - 0x00007ff85662d000 	C:\WINDOWS\System32\KERNELBASE.dll
0x00007ff857150000 - 0x00007ff8571f2000 	C:\WINDOWS\System32\ADVAPI32.dll
0x00007ff8575a0000 - 0x00007ff85763e000 	C:\WINDOWS\System32\msvcrt.dll
0x00007ff8572c0000 - 0x00007ff857319000 	C:\WINDOWS\System32\sechost.dll
0x00007ff856680000 - 0x00007ff8567a1000 	C:\WINDOWS\System32\RPCRT4.dll
0x00007ff858c20000 - 0x00007ff858d85000 	C:\WINDOWS\System32\USER32.dll
0x00007ff8563f0000 - 0x00007ff85640e000 	C:\WINDOWS\System32\win32u.dll
0x00007ff8574c0000 - 0x00007ff8574f4000 	C:\WINDOWS\System32\GDI32.dll
0x00007ff8555f0000 - 0x00007ff855770000 	C:\WINDOWS\System32\gdi32full.dll
0x00007ff843890000 - 0x00007ff843b0a000 	C:\WINDOWS\WinSxS\amd64_microsoft.windows.common-controls_6595b64144ccf1df_6.0.14393.953_none_42151e83c686086b\COMCTL32.dll
0x00007ff858d90000 - 0x00007ff859058000 	C:\WINDOWS\System32\combase.dll
0x00007ff8562f0000 - 0x00007ff8563e5000 	C:\WINDOWS\System32\ucrtbase.dll
0x00007ff856280000 - 0x00007ff8562ea000 	C:\WINDOWS\System32\bcryptPrimitives.dll
0x00007ff857120000 - 0x00007ff85714e000 	C:\WINDOWS\System32\IMM32.DLL
0x000000006da00000 - 0x000000006dad2000 	C:\Program Files\Java\jdk1.8.0_131\jre\bin\msvcr100.dll
0x000000006c5c0000 - 0x000000006ce5c000 	C:\Program Files\Java\jdk1.8.0_131\jre\bin\server\jvm.dll
0x00007ff856f20000 - 0x00007ff856f28000 	C:\WINDOWS\System32\PSAPI.DLL
0x00007ff852730000 - 0x00007ff852753000 	C:\WINDOWS\SYSTEM32\WINMM.dll
0x00007ff84c090000 - 0x00007ff84c099000 	C:\WINDOWS\SYSTEM32\WSOCK32.dll
0x00007ff850ed0000 - 0x00007ff850eda000 	C:\WINDOWS\SYSTEM32\VERSION.dll
0x00007ff859060000 - 0x00007ff8590ca000 	C:\WINDOWS\System32\WS2_32.dll
0x00000000029f0000 - 0x0000000002a1b000 	C:\WINDOWS\SYSTEM32\WINMMBASE.dll
0x00007ff856630000 - 0x00007ff856672000 	C:\WINDOWS\System32\cfgmgr32.dll
0x000000006d9f0000 - 0x000000006d9ff000 	C:\Program Files\Java\jdk1.8.0_131\jre\bin\verify.dll
0x000000006d9c0000 - 0x000000006d9e9000 	C:\Program Files\Java\jdk1.8.0_131\jre\bin\java.dll
0x000000006d970000 - 0x000000006d993000 	C:\Program Files\Java\jdk1.8.0_131\jre\bin\instrument.dll
0x000000006d9a0000 - 0x000000006d9b6000 	C:\Program Files\Java\jdk1.8.0_131\jre\bin\zip.dll
0x00007ff8576b0000 - 0x00007ff858bb8000 	C:\WINDOWS\System32\SHELL32.dll
0x00007ff8557d0000 - 0x00007ff855eaa000 	C:\WINDOWS\System32\windows.storage.dll
0x00007ff8555a0000 - 0x00007ff8555ec000 	C:\WINDOWS\System32\powrprof.dll
0x00007ff857640000 - 0x00007ff857692000 	C:\WINDOWS\System32\shlwapi.dll
0x00007ff855580000 - 0x00007ff85558f000 	C:\WINDOWS\System32\kernel.appcore.dll
0x00007ff8561d0000 - 0x00007ff856279000 	C:\WINDOWS\System32\shcore.dll
0x00007ff855560000 - 0x00007ff855574000 	C:\WINDOWS\System32\profapi.dll
0x00007ff852ea0000 - 0x00007ff852eba000 	C:\Program Files\JetBrains\IntelliJ IDEA 2017.1.3\bin\breakgen64.dll
0x000000006d950000 - 0x000000006d96a000 	C:\Program Files\Java\jdk1.8.0_131\jre\bin\net.dll
0x00007ff854e90000 - 0x00007ff854eec000 	C:\WINDOWS\system32\mswsock.dll
0x00007ff82f8f0000 - 0x00007ff82f9df000 	C:\Program Files\Java\jdk1.8.0_131\jre\bin\msvcr120.dll
0x00007ff82f5c0000 - 0x00007ff82f666000 	C:\Program Files\Java\jdk1.8.0_131\jre\bin\msvcp120.dll
0x000000006d920000 - 0x000000006d942000 	C:\Program Files\Java\jdk1.8.0_131\jre\bin\prism_d3d.dll
0x00007ff839c00000 - 0x00007ff839d8d000 	C:\WINDOWS\system32\d3d9.dll
0x00007ff8525d0000 - 0x00007ff8525f6000 	C:\WINDOWS\SYSTEM32\dwmapi.dll
0x00007ff853af0000 - 0x00007ff853b85000 	C:\WINDOWS\system32\uxtheme.dll
0x00007ff850ef0000 - 0x00007ff851086000 	C:\WINDOWS\System32\DriverStore\FileRepository\c0313676.inf_amd64_96bbc33bec5c7fae\aticfx64.dll
0x00007ff83fcb0000 - 0x00007ff83fce2000 	C:\WINDOWS\System32\DriverStore\FileRepository\c0313676.inf_amd64_96bbc33bec5c7fae\atiu9p64.dll
0x00007ff826960000 - 0x00007ff827296000 	C:\WINDOWS\System32\DriverStore\FileRepository\c0313676.inf_amd64_96bbc33bec5c7fae\atiumd64.dll
0x00007ff856fe0000 - 0x00007ff857118000 	C:\WINDOWS\System32\ole32.dll
0x000000006dbd0000 - 0x000000006e9f7000 	C:\WINDOWS\System32\DriverStore\FileRepository\c0313676.inf_amd64_96bbc33bec5c7fae\atiumd6a.dll
0x000000006d8d0000 - 0x000000006d913000 	C:\Program Files\Java\jdk1.8.0_131\jre\bin\glass.dll
0x00007ff856c50000 - 0x00007ff856d4a000 	C:\WINDOWS\System32\COMDLG32.dll
0x00007ff857200000 - 0x00007ff8572bf000 	C:\WINDOWS\System32\OLEAUT32.dll
0x00007ff856080000 - 0x00007ff85611c000 	C:\WINDOWS\System32\msvcp_win.dll
0x00007ff856dc0000 - 0x00007ff856f1a000 	C:\WINDOWS\System32\MSCTF.dll
0x00007ff83f0d0000 - 0x00007ff83f0fc000 	C:\PROGRA~2\RAPTRI~1\Raptr\ltc_help64-119906.dll
0x00007ff855770000 - 0x00007ff8557c5000 	C:\WINDOWS\System32\WINTRUST.dll
0x00007ff855590000 - 0x00007ff8555a0000 	C:\WINDOWS\System32\MSASN1.dll
0x00007ff855eb0000 - 0x00007ff856079000 	C:\WINDOWS\System32\CRYPT32.dll
0x000000006d890000 - 0x000000006d8a4000 	C:\Program Files\Java\jdk1.8.0_131\jre\bin\javafx_font.dll
0x00007ff84c5c0000 - 0x00007ff84c829000 	C:\WINDOWS\SYSTEM32\dwrite.dll
0x00007ff857500000 - 0x00007ff85759f000 	C:\WINDOWS\System32\clbcatq.dll
0x00007ff851ec0000 - 0x00007ff852068000 	C:\WINDOWS\SYSTEM32\WindowsCodecs.dll
0x00007ff833bc0000 - 0x00007ff833c09000 	C:\WINDOWS\system32\dataexchange.dll
0x00007ff853380000 - 0x00007ff8534d1000 	C:\WINDOWS\system32\dcomp.dll
0x00007ff8510f0000 - 0x00007ff8513a6000 	C:\WINDOWS\system32\d3d11.dll
0x00007ff854330000 - 0x00007ff8543cf000 	C:\WINDOWS\system32\dxgi.dll
0x00007ff853e20000 - 0x00007ff853f3c000 	C:\WINDOWS\system32\twinapi.appcore.dll
0x00007ff855140000 - 0x00007ff85516b000 	C:\WINDOWS\system32\bcrypt.dll
0x00007ff851880000 - 0x00007ff8518b2000 	C:\Program Files\Common Files\Microsoft Shared\Ink\rtscom.dll
0x00007ff850710000 - 0x00007ff850c6f000 	C:\WINDOWS\SYSTEM32\d2d1.dll
0x00007ff82c950000 - 0x00007ff82cbdd000 	C:\WINDOWS\SYSTEM32\D3D10Warp.dll
0x000000006d870000 - 0x000000006d881000 	C:\Program Files\Java\jdk1.8.0_131\jre\bin\prism_common.dll
0x00007ff854c50000 - 0x00007ff854cf1000 	C:\WINDOWS\SYSTEM32\DNSAPI.dll
0x00007ff8576a0000 - 0x00007ff8576a8000 	C:\WINDOWS\System32\NSI.dll
0x00007ff854c10000 - 0x00007ff854c48000 	C:\WINDOWS\SYSTEM32\IPHLPAPI.DLL
0x00007ff84cda0000 - 0x00007ff84cdaa000 	C:\Windows\System32\rasadhlp.dll
0x00007ff8503b0000 - 0x00007ff85041a000 	C:\WINDOWS\System32\fwpuclnt.dll
0x00007ff855030000 - 0x00007ff855047000 	C:\WINDOWS\System32\CRYPTSP.dll
0x00007ff854a90000 - 0x00007ff854ac3000 	C:\WINDOWS\system32\rsaenh.dll
0x00007ff855050000 - 0x00007ff85505b000 	C:\WINDOWS\SYSTEM32\CRYPTBASE.dll
0x00007ff8590d0000 - 0x00007ff8590ec000 	C:\WINDOWS\System32\imagehlp.dll
0x00007ff8542a0000 - 0x00007ff8542c3000 	C:\WINDOWS\SYSTEM32\gpapi.dll
0x00007ff846f20000 - 0x00007ff846f4f000 	C:\Windows\System32\cryptnet.dll
0x00007ff8502b0000 - 0x00007ff8502bb000 	C:\WINDOWS\SYSTEM32\WINNSI.DLL
0x00007ff812e70000 - 0x00007ff8130b4000 	C:\PROGRA~2\RAPTRI~1\Raptr\ltc_game64-119906.dll
0x000000006d840000 - 0x000000006d863000 	C:\Program Files\Java\jdk1.8.0_131\jre\bin\javafx_iio.dll
0x00007ff852140000 - 0x00007ff8522c5000 	C:\WINDOWS\SYSTEM32\PROPSYS.dll
0x00007ff845e20000 - 0x00007ff846185000 	C:\Windows\System32\ActXPrxy.dll
0x00007ff826350000 - 0x00007ff8263e8000 	C:\Program Files\Common Files\microsoft shared\ink\tiptsf.dll
0x00007ff832c80000 - 0x00007ff832cc2000 	C:\WINDOWS\SYSTEM32\edputil.dll
0x00007ff833730000 - 0x00007ff833bb4000 	C:\WINDOWS\system32\explorerframe.dll
0x00007ff8411e0000 - 0x00007ff841388000 	C:\WINDOWS\system32\DUI70.dll
0x00007ff84e000000 - 0x00007ff84e094000 	C:\WINDOWS\system32\DUser.dll
0x00007ff832d40000 - 0x00007ff832d93000 	C:\Windows\System32\thumbcache.dll
0x00007ff84cf10000 - 0x00007ff84cf53000 	C:\WINDOWS\SYSTEM32\policymanager.dll
0x00007ff853d80000 - 0x00007ff853e11000 	C:\WINDOWS\SYSTEM32\msvcp110_win.dll
0x00007ff84e1a0000 - 0x00007ff84e207000 	C:\Windows\System32\Bcp47Langs.dll
0x00007ff83f2a0000 - 0x00007ff83f340000 	C:\WINDOWS\System32\StructuredQuery.dll
0x00007ff843810000 - 0x00007ff84382b000 	C:\WINDOWS\SYSTEM32\MPR.dll
0x00007ff82c710000 - 0x00007ff82c719000 	C:\WINDOWS\SYSTEM32\atlthunk.dll
0x00007ff83f080000 - 0x00007ff83f096000 	C:\WINDOWS\System32\ntlanman.dll
0x00007ff843b10000 - 0x00007ff843b1b000 	C:\WINDOWS\System32\drprov.dll
0x00007ff854510000 - 0x00007ff854566000 	C:\WINDOWS\System32\WINSTA.dll
0x00007ff83d970000 - 0x00007ff83d990000 	C:\WINDOWS\System32\davclnt.dll
0x00007ff83dd10000 - 0x00007ff83dd1c000 	C:\WINDOWS\System32\DAVHLPR.dll
0x00007ff8522f0000 - 0x00007ff852306000 	C:\WINDOWS\System32\wkscli.dll
0x00007ff846fd0000 - 0x00007ff846fe2000 	C:\WINDOWS\SYSTEM32\cscapi.dll
0x00007ff854d00000 - 0x00007ff854d0d000 	C:\WINDOWS\System32\netutils.dll
0x00007ff853950000 - 0x00007ff8539ca000 	C:\WINDOWS\SYSTEM32\apphelp.dll
0x00007ff83ac80000 - 0x00007ff83accd000 	C:\Windows\System32\dlnashext.dll
0x00007ff8436c0000 - 0x00007ff8436de000 	C:\Windows\System32\DevDispItemProvider.dll
0x00007ff83dad0000 - 0x00007ff83dad9000 	C:\WINDOWS\system32\IconCodecService.dll
0x00007ff854030000 - 0x00007ff854058000 	C:\WINDOWS\System32\DEVOBJ.dll
0x00007ff84fdc0000 - 0x00007ff84fdd6000 	C:\WINDOWS\SYSTEM32\dhcpcsvc6.DLL
0x00007ff84fda0000 - 0x00007ff84fdba000 	C:\WINDOWS\SYSTEM32\dhcpcsvc.DLL
0x00007ff856d50000 - 0x00007ff856dbe000 	C:\WINDOWS\System32\coml2.dll
0x00007ff856820000 - 0x00007ff856c49000 	C:\WINDOWS\System32\SETUPAPI.dll
0x00007ff843840000 - 0x00007ff843850000 	C:\WINDOWS\SYSTEM32\LINKINFO.dll
0x00007ff834600000 - 0x00007ff83467d000 	C:\Windows\System32\twinapi.dll
0x00007ff8478b0000 - 0x00007ff847a4a000 	C:\WINDOWS\WinSxS\amd64_microsoft.windows.gdiplus_6595b64144ccf1df_1.1.14393.953_none_7300116921188239\gdiplus.dll
0x00007ff83aaf0000 - 0x00007ff83ab26000 	C:\Windows\System32\EhStorShell.dll
0x00007ff830cb0000 - 0x00007ff830d47000 	C:\Users\Santi\AppData\Local\MEGAsync\ShellExtX64.dll
0x00007ff8306c0000 - 0x00007ff830ca6000 	C:\Users\Santi\AppData\Local\Microsoft\OneDrive\17.3.6943.0625\amd64\FileSyncShell64.dll
0x00007ff8475e0000 - 0x00007ff8478aa000 	C:\WINDOWS\SYSTEM32\WININET.dll
0x00007ff82cdc0000 - 0x00007ff82d000000 	C:\PROGRA~1\MICROS~1\Office15\GROOVEEX.DLL
0x000000006f5f0000 - 0x000000006f688000 	C:\WINDOWS\SYSTEM32\MSVCP100.dll

VM Arguments:
jvm_args: -javaagent:C:\Program Files\JetBrains\IntelliJ IDEA 2017.1.3\lib\idea_rt.jar=61992:C:\Program Files\JetBrains\IntelliJ IDEA 2017.1.3\bin -Dfile.encoding=UTF-8 
java_command: main.java.Main
java_class_path (initial): C:\Program Files\Java\jdk1.8.0_131\jre\lib\charsets.jar;C:\Program Files\Java\jdk1.8.0_131\jre\lib\deploy.jar;C:\Program Files\Java\jdk1.8.0_131\jre\lib\ext\access-bridge-64.jar;C:\Program Files\Java\jdk1.8.0_131\jre\lib\ext\cldrdata.jar;C:\Program Files\Java\jdk1.8.0_131\jre\lib\ext\dnsns.jar;C:\Program Files\Java\jdk1.8.0_131\jre\lib\ext\jaccess.jar;C:\Program Files\Java\jdk1.8.0_131\jre\lib\ext\jfxrt.jar;C:\Program Files\Java\jdk1.8.0_131\jre\lib\ext\localedata.jar;C:\Program Files\Java\jdk1.8.0_131\jre\lib\ext\nashorn.jar;C:\Program Files\Java\jdk1.8.0_131\jre\lib\ext\sunec.jar;C:\Program Files\Java\jdk1.8.0_131\jre\lib\ext\sunjce_provider.jar;C:\Program Files\Java\jdk1.8.0_131\jre\lib\ext\sunmscapi.jar;C:\Program Files\Java\jdk1.8.0_131\jre\lib\ext\sunpkcs11.jar;C:\Program Files\Java\jdk1.8.0_131\jre\lib\ext\zipfs.jar;C:\Program Files\Java\jdk1.8.0_131\jre\lib\javaws.jar;C:\Program Files\Java\jdk1.8.0_131\jre\lib\jce.jar;C:\Program Files\Java\jdk1.8.0_131\jre\lib\jfr.jar;C:\Program Files\Java\jdk1.8.0_131\jre\lib\jfxswt.jar;C:\Program Files\Java\jdk1.8.0_131\jre\lib\jsse.jar;C:\Program Files\Java\jdk1.8.0_131\jre\lib\management-agent.jar;C:\Program Files\Java\jdk1.8.0_131\jre\lib\plugin.jar;C:\Program Files\Java\jdk1.8.0_131\jre\lib\resources.jar;C:\Program Files\Java\jdk1.8.0_131\jre\lib\rt.jar;C:\Users\Santi\IdeaProjects\payroll-manager\out\production\employee-database;C:\Users\Santi\Desktop\mysql-connector-java-5.1.42-bin.jar;C:\Users\Santi\Documents\Java Libraries\Apache\commons\text\commons-text-1.1\commons-text-1.1.jar;C:\Users\Santi\Documents\Java Libraries\Apache\commons\lang\commons-lang3-3.6.jar;C:\Users\Santi\Documents\Java Libraries\Apache\commons\collections\commons-collections4-4.1.jar;C:\Program Files\JetBrains\IntelliJ IDEA 2017.1.3\lib\idea_rt.jar
Launcher Type: SUN_STANDARD

Environment Variables:
PATH=C:\Program Files (x86)\NVIDIA Corporation\PhysX\Common;C:\ProgramData\Oracle\Java\javapath;C:\WINDOWS\system32;C:\WINDOWS;C:\WINDOWS\System32\Wbem;C:\WINDOWS\System32\WindowsPowerShell\v1.0\;C:\Program Files (x86)\Windows Live\Shared;C:\Program Files (x86)\Skype\Phone\;C:\Program Files\MiKTeX 2.9\miktex\bin\x64\;C:\Program Files\Git\cmd;C:\cygwin64\bin;C:\Program Files (x86)\Windows Kits\10\Windows Performance Toolkit\;C:\Program Files\MySQL\MySQL Utilities 1.6\;C:\Users\Santi\AppData\Local\Programs\Python\Python36-32\Scripts\;C:\Users\Santi\AppData\Local\Programs\Python\Python36-32\;C:\Users\Santi\AppData\Local\Microsoft\WindowsApps;
USERNAME=Santi
OS=Windows_NT
PROCESSOR_IDENTIFIER=Intel64 Family 6 Model 60 Stepping 3, GenuineIntel



---------------  S Y S T E M  ---------------

OS: Windows 10.0 , 64 bit Build 14393 (10.0.14393.1198)

CPU:total 8 (initial active 8) (4 cores per cpu, 2 threads per core) family 6 model 60 stepping 3, cmov, cx8, fxsr, mmx, sse, sse2, sse3, ssse3, sse4.1, sse4.2, popcnt, avx, avx2, aes, clmul, erms, lzcnt, ht, tsc, tscinvbit, bmi1, bmi2

Memory: 4k page, physical 16717616k(4490836k free), swap 52727020k(5716k free)

vm_info: Java HotSpot(TM) 64-Bit Server VM (25.131-b11) for windows-amd64 JRE (1.8.0_131-b11), built on Mar 15 2017 01:23:53 by "java_re" with MS VC++ 10.0 (VS2010)

time: Tue Aug 15 01:27:50 2017
elapsed time: 3729 seconds (0d 1h 2m 9s)

