#
# There is insufficient memory for the Java Runtime Environment to continue.
# Native memory allocation (malloc) failed to allocate 32784 bytes for Chunk::new
# Possible reasons:
#   The system is out of physical RAM or swap space
#   In 32 bit mode, the process size limit was hit
# Possible solutions:
#   Reduce memory load on the system
#   Increase physical memory or swap space
#   Check if swap backing store is full
#   Use 64 bit Java on a 64 bit OS
#   Decrease Java heap size (-Xmx/-Xms)
#   Decrease number of Java threads
#   Decrease Java thread stack sizes (-Xss)
#   Set larger code cache with -XX:ReservedCodeCacheSize=
# This output file may be truncated or incomplete.
#
#  Out of Memory Error (allocation.cpp:390), pid=22684, tid=0x000000000000113c
#
# JRE version: Java(TM) SE Runtime Environment (8.0_131-b11) (build 1.8.0_131-b11)
# Java VM: Java HotSpot(TM) 64-Bit Server VM (25.131-b11 mixed mode windows-amd64 compressed oops)
# Failed to write core dump. Minidumps are not enabled by default on client versions of Windows
#

---------------  T H R E A D  ---------------

Current thread (0x000000001e63b800):  JavaThread "C2 CompilerThread2" daemon [_thread_in_native, id=4412, stack(0x000000001f030000,0x000000001f130000)]

Stack: [0x000000001f030000,0x000000001f130000]
[error occurred during error reporting (printing stack bounds), id 0xc0000005]

Native frames: (J=compiled Java code, j=interpreted, Vv=VM code, C=native code)


Current CompileTask:
C2:26003881 5058   !   4       sun.misc.URLClassPath$FileLoader::getResource (164 bytes)


---------------  P R O C E S S  ---------------

Java Threads: ( => current thread )
  0x000000001e63e800 JavaThread "Abandoned connection cleanup thread" daemon [_thread_blocked, id=19800, stack(0x000000002d6b0000,0x000000002d7b0000)]
  0x000000001f682800 JavaThread "Prism Font Disposer" daemon [_thread_blocked, id=16928, stack(0x0000000025210000,0x0000000025310000)]
  0x000000001f58e800 JavaThread "Thread-3" daemon [_thread_in_native, id=136, stack(0x0000000023ad0000,0x0000000023bd0000)]
  0x000000001f59b000 JavaThread "JavaFX-Launcher" [_thread_blocked, id=21840, stack(0x0000000023bd0000,0x0000000023cd0000)]
  0x000000001f569800 JavaThread "JavaFX Application Thread" [_thread_in_native, id=20112, stack(0x00000000205a0000,0x00000000206a0000)]
  0x000000001f50a000 JavaThread "Thread-1" daemon [_thread_blocked, id=7356, stack(0x00000000204a0000,0x00000000205a0000)]
  0x000000001f4fa000 JavaThread "QuantumRenderer-0" daemon [_thread_blocked, id=21572, stack(0x000000001fc30000,0x000000001fd30000)]
  0x000000001e6e3000 JavaThread "Service Thread" daemon [_thread_blocked, id=12932, stack(0x000000001f230000,0x000000001f330000)]
  0x000000001e63d000 JavaThread "C1 CompilerThread3" daemon [_thread_blocked, id=21092, stack(0x000000001f130000,0x000000001f230000)]
=>0x000000001e63b800 JavaThread "C2 CompilerThread2" daemon [_thread_in_native, id=4412, stack(0x000000001f030000,0x000000001f130000)]
  0x000000001e5e4000 JavaThread "C2 CompilerThread1" daemon [_thread_blocked, id=20180, stack(0x000000001ef30000,0x000000001f030000)]
  0x000000001e5e3800 JavaThread "C2 CompilerThread0" daemon [_thread_blocked, id=2288, stack(0x000000001ee30000,0x000000001ef30000)]
  0x000000001e5cb000 JavaThread "Monitor Ctrl-Break" daemon [_thread_in_native, id=16624, stack(0x000000001ed30000,0x000000001ee30000)]
  0x000000001e569000 JavaThread "Attach Listener" daemon [_thread_blocked, id=20256, stack(0x000000001ec30000,0x000000001ed30000)]
  0x000000001e568000 JavaThread "Signal Dispatcher" daemon [_thread_blocked, id=17676, stack(0x000000001eb30000,0x000000001ec30000)]
  0x0000000002b79000 JavaThread "Finalizer" daemon [_thread_blocked, id=21220, stack(0x000000001e940000,0x000000001ea40000)]
  0x000000001c66d800 JavaThread "Reference Handler" daemon [_thread_blocked, id=1596, stack(0x000000001e440000,0x000000001e540000)]
  0x00000000007fe000 JavaThread "main" [_thread_blocked, id=4100, stack(0x0000000002830000,0x0000000002930000)]

Other Threads:
  0x000000001c668800 VMThread [stack: 0x000000001e340000,0x000000001e440000] [id=15336]
  0x000000001e729000 WatcherThread [stack: 0x000000001f330000,0x000000001f430000] [id=6196]

VM state:not at safepoint (normal execution)

VM Mutex/Monitor currently owned by a thread: None

Heap:
 PSYoungGen      total 123392K, used 86977K [0x000000076af80000, 0x0000000774d00000, 0x00000007c0000000)
  eden space 94720K, 91% used [0x000000076af80000,0x0000000770450428,0x0000000770c00000)
  from space 28672K, 0% used [0x0000000773100000,0x0000000773120000,0x0000000774d00000)
  to   space 33280K, 0% used [0x0000000770c00000,0x0000000770c00000,0x0000000772c80000)
 ParOldGen       total 247808K, used 116274K [0x00000006c0e00000, 0x00000006d0000000, 0x000000076af80000)
  object space 247808K, 46% used [0x00000006c0e00000,0x00000006c7f8c880,0x00000006d0000000)
 Metaspace       used 25476K, capacity 27172K, committed 27392K, reserved 1073152K
  class space    used 3427K, capacity 3735K, committed 3840K, reserved 1048576K

Card table byte_map: [0x0000000011f40000,0x0000000012740000] byte_map_base: 0x000000000e939000

Marking Bits: (ParMarkBitMap*) 0x000000006cddc720
 Begin Bits: [0x00000000134a0000, 0x0000000017468000)
 End Bits:   [0x0000000017468000, 0x000000001b430000)

Polling page: 0x0000000000b20000

CodeCache: size=245760Kb used=15734Kb max_used=16108Kb free=230025Kb
 bounds [0x0000000002b80000, 0x0000000003b70000, 0x0000000011b80000]
 total_blobs=5392 nmethods=4616 adapters=687
 compilation: enabled

Compilation events (10 events):
Event: 23311.619 Thread 0x000000001e63b800 nmethod 5053 0x000000000319aa90 code [0x000000000319abe0, 0x000000000319ad78]
Event: 24591.877 Thread 0x000000001e63b800 5054   !   4       sun.misc.URLClassPath$JarLoader::getResource (353 bytes)
Event: 24591.993 Thread 0x000000001e63b800 nmethod 5054 0x0000000002f7dd50 code [0x0000000002f7dee0, 0x0000000002f7e6b8]
Event: 25322.041 Thread 0x000000001e63b800 5055       4       java.io.File::exists (43 bytes)
Event: 25322.053 Thread 0x000000001e63b800 nmethod 5055 0x0000000002dbc0d0 code [0x0000000002dbc220, 0x0000000002dbc428]
Event: 25747.123 Thread 0x000000001e63b800 5056       4       java.io.WinNTFileSystem::resolve (231 bytes)
Event: 25747.125 Thread 0x000000001e63b800 nmethod 5056 0x0000000002c98050 code [0x0000000002c981a0, 0x0000000002c98298]
Event: 25792.134 Thread 0x000000001e63b800 5057       4       java.io.File::<init> (113 bytes)
Event: 25792.141 Thread 0x000000001e63b800 nmethod 5057 0x0000000002f5a710 code [0x0000000002f5a880, 0x0000000002f5ad28]
Event: 26002.179 Thread 0x000000001e63b800 5058   !   4       sun.misc.URLClassPath$FileLoader::getResource (164 bytes)

GC Heap History (10 events):
Event: 17199.931 GC heap before
{Heap before GC invocations=14 (full 2):
 PSYoungGen      total 153600K, used 108640K [0x000000076af80000, 0x0000000777680000, 0x00000007c0000000)
  eden space 108544K, 100% used [0x000000076af80000,0x0000000771980000,0x0000000771980000)
  from space 45056K, 0% used [0x0000000771e80000,0x0000000771e98000,0x0000000774a80000)
  to   space 43008K, 0% used [0x0000000774c80000,0x0000000774c80000,0x0000000777680000)
 ParOldGen       total 247808K, used 116242K [0x00000006c0e00000, 0x00000006d0000000, 0x000000076af80000)
  object space 247808K, 46% used [0x00000006c0e00000,0x00000006c7f84880,0x00000006d0000000)
 Metaspace       used 25476K, capacity 27172K, committed 27392K, reserved 1073152K
  class space    used 3427K, capacity 3735K, committed 3840K, reserved 1048576K
Event: 17199.933 GC heap after
Heap after GC invocations=14 (full 2):
 PSYoungGen      total 133120K, used 32K [0x000000076af80000, 0x0000000776780000, 0x00000007c0000000)
  eden space 105472K, 0% used [0x000000076af80000,0x000000076af80000,0x0000000771680000)
  from space 27648K, 0% used [0x0000000774c80000,0x0000000774c88000,0x0000000776780000)
  to   space 41472K, 0% used [0x0000000771680000,0x0000000771680000,0x0000000773f00000)
 ParOldGen       total 247808K, used 116274K [0x00000006c0e00000, 0x00000006d0000000, 0x000000076af80000)
  object space 247808K, 46% used [0x00000006c0e00000,0x00000006c7f8c880,0x00000006d0000000)
 Metaspace       used 25476K, capacity 27172K, committed 27392K, reserved 1073152K
  class space    used 3427K, capacity 3735K, committed 3840K, reserved 1048576K
}
Event: 19083.834 GC heap before
{Heap before GC invocations=15 (full 2):
 PSYoungGen      total 133120K, used 105504K [0x000000076af80000, 0x0000000776780000, 0x00000007c0000000)
  eden space 105472K, 100% used [0x000000076af80000,0x0000000771680000,0x0000000771680000)
  from space 27648K, 0% used [0x0000000774c80000,0x0000000774c88000,0x0000000776780000)
  to   space 41472K, 0% used [0x0000000771680000,0x0000000771680000,0x0000000773f00000)
 ParOldGen       total 247808K, used 116274K [0x00000006c0e00000, 0x00000006d0000000, 0x000000076af80000)
  object space 247808K, 46% used [0x00000006c0e00000,0x00000006c7f8c880,0x00000006d0000000)
 Metaspace       used 25476K, capacity 27172K, committed 27392K, reserved 1073152K
  class space    used 3427K, capacity 3735K, committed 3840K, reserved 1048576K
Event: 19083.836 GC heap after
Heap after GC invocations=15 (full 2):
 PSYoungGen      total 102912K, used 32K [0x000000076af80000, 0x0000000776080000, 0x00000007c0000000)
  eden space 102400K, 0% used [0x000000076af80000,0x000000076af80000,0x0000000771380000)
  from space 512K, 6% used [0x0000000771680000,0x0000000771688000,0x0000000771700000)
  to   space 39424K, 0% used [0x0000000773a00000,0x0000000773a00000,0x0000000776080000)
 ParOldGen       total 247808K, used 116274K [0x00000006c0e00000, 0x00000006d0000000, 0x000000076af80000)
  object space 247808K, 46% used [0x00000006c0e00000,0x00000006c7f8c880,0x00000006d0000000)
 Metaspace       used 25476K, capacity 27172K, committed 27392K, reserved 1073152K
  class space    used 3427K, capacity 3735K, committed 3840K, reserved 1048576K
}
Event: 20919.451 GC heap before
{Heap before GC invocations=16 (full 2):
 PSYoungGen      total 102912K, used 102432K [0x000000076af80000, 0x0000000776080000, 0x00000007c0000000)
  eden space 102400K, 100% used [0x000000076af80000,0x0000000771380000,0x0000000771380000)
  from space 512K, 6% used [0x0000000771680000,0x0000000771688000,0x0000000771700000)
  to   space 39424K, 0% used [0x0000000773a00000,0x0000000773a00000,0x0000000776080000)
 ParOldGen       total 247808K, used 116274K [0x00000006c0e00000, 0x00000006d0000000, 0x000000076af80000)
  object space 247808K, 46% used [0x00000006c0e00000,0x00000006c7f8c880,0x00000006d0000000)
 Metaspace       used 25476K, capacity 27172K, committed 27392K, reserved 1073152K
  class space    used 3427K, capacity 3735K, committed 3840K, reserved 1048576K
Event: 20919.455 GC heap after
Heap after GC invocations=16 (full 2):
 PSYoungGen      total 132608K, used 64K [0x000000076af80000, 0x0000000775a00000, 0x00000007c0000000)
  eden space 99840K, 0% used [0x000000076af80000,0x000000076af80000,0x0000000771100000)
  from space 32768K, 0% used [0x0000000773a00000,0x0000000773a10000,0x0000000775a00000)
  to   space 37376K, 0% used [0x0000000771100000,0x0000000771100000,0x0000000773580000)
 ParOldGen       total 247808K, used 116274K [0x00000006c0e00000, 0x00000006d0000000, 0x000000076af80000)
  object space 247808K, 46% used [0x00000006c0e00000,0x00000006c7f8c880,0x00000006d0000000)
 Metaspace       used 25476K, capacity 27172K, committed 27392K, reserved 1073152K
  class space    used 3427K, capacity 3735K, committed 3840K, reserved 1048576K
}
Event: 22706.500 GC heap before
{Heap before GC invocations=17 (full 2):
 PSYoungGen      total 132608K, used 99904K [0x000000076af80000, 0x0000000775a00000, 0x00000007c0000000)
  eden space 99840K, 100% used [0x000000076af80000,0x0000000771100000,0x0000000771100000)
  from space 32768K, 0% used [0x0000000773a00000,0x0000000773a10000,0x0000000775a00000)
  to   space 37376K, 0% used [0x0000000771100000,0x0000000771100000,0x0000000773580000)
 ParOldGen       total 247808K, used 116274K [0x00000006c0e00000, 0x00000006d0000000, 0x000000076af80000)
  object space 247808K, 46% used [0x00000006c0e00000,0x00000006c7f8c880,0x00000006d0000000)
 Metaspace       used 25476K, capacity 27172K, committed 27392K, reserved 1073152K
  class space    used 3427K, capacity 3735K, committed 3840K, reserved 1048576K
Event: 22706.513 GC heap after
Heap after GC invocations=17 (full 2):
 PSYoungGen      total 97792K, used 128K [0x000000076af80000, 0x0000000775380000, 0x00000007c0000000)
  eden space 97280K, 0% used [0x000000076af80000,0x000000076af80000,0x0000000770e80000)
  from space 512K, 25% used [0x0000000771100000,0x0000000771120000,0x0000000771180000)
  to   space 35328K, 0% used [0x0000000773100000,0x0000000773100000,0x0000000775380000)
 ParOldGen       total 247808K, used 116274K [0x00000006c0e00000, 0x00000006d0000000, 0x000000076af80000)
  object space 247808K, 46% used [0x00000006c0e00000,0x00000006c7f8c880,0x00000006d0000000)
 Metaspace       used 25476K, capacity 27172K, committed 27392K, reserved 1073152K
  class space    used 3427K, capacity 3735K, committed 3840K, reserved 1048576K
}
Event: 24455.339 GC heap before
{Heap before GC invocations=18 (full 2):
 PSYoungGen      total 97792K, used 97408K [0x000000076af80000, 0x0000000775380000, 0x00000007c0000000)
  eden space 97280K, 100% used [0x000000076af80000,0x0000000770e80000,0x0000000770e80000)
  from space 512K, 25% used [0x0000000771100000,0x0000000771120000,0x0000000771180000)
  to   space 35328K, 0% used [0x0000000773100000,0x0000000773100000,0x0000000775380000)
 ParOldGen       total 247808K, used 116274K [0x00000006c0e00000, 0x00000006d0000000, 0x000000076af80000)
  object space 247808K, 46% used [0x00000006c0e00000,0x00000006c7f8c880,0x00000006d0000000)
 Metaspace       used 25476K, capacity 27172K, committed 27392K, reserved 1073152K
  class space    used 3427K, capacity 3735K, committed 3840K, reserved 1048576K
Event: 24455.358 GC heap after
Heap after GC invocations=18 (full 2):
 PSYoungGen      total 123392K, used 128K [0x000000076af80000, 0x0000000774d00000, 0x00000007c0000000)
  eden space 94720K, 0% used [0x000000076af80000,0x000000076af80000,0x0000000770c00000)
  from space 28672K, 0% used [0x0000000773100000,0x0000000773120000,0x0000000774d00000)
  to   space 33280K, 0% used [0x0000000770c00000,0x0000000770c00000,0x0000000772c80000)
 ParOldGen       total 247808K, used 116274K [0x00000006c0e00000, 0x00000006d0000000, 0x000000076af80000)
  object space 247808K, 46% used [0x00000006c0e00000,0x00000006c7f8c880,0x00000006d0000000)
 Metaspace       used 25476K, capacity 27172K, committed 27392K, reserved 1073152K
  class space    used 3427K, capacity 3735K, committed 3840K, reserved 1048576K
}

Deoptimization events (10 events):
Event: 63.748 Thread 0x000000001f569800 Uncommon trap: reason=unstable_if action=reinterpret pc=0x00000000038ddd80 method=com.sun.javafx.geom.RectBounds.deriveWithNewBounds(FFFFFF)Lcom/sun/javafx/geom/BaseBounds; @ 11
Event: 63.761 Thread 0x000000001f569800 Uncommon trap: reason=unstable_if action=reinterpret pc=0x0000000003750f48 method=javafx.scene.Node.updateBounds()V @ 70
Event: 64.626 Thread 0x000000001f4fa000 Uncommon trap: reason=unstable_if action=reinterpret pc=0x00000000037e1854 method=com.sun.javafx.geom.transform.Identity.transform(Lcom/sun/javafx/geom/BaseBounds;Lcom/sun/javafx/geom/BaseBounds;)Lcom/sun/javafx/geom/BaseBounds; @ 2
Event: 68.395 Thread 0x000000001f569800 Uncommon trap: reason=unstable_if action=reinterpret pc=0x00000000037295a4 method=com.sun.javafx.css.StyleManager$Cache$Key.hashCode()I @ 19
Event: 68.396 Thread 0x000000001f569800 Uncommon trap: reason=null_check action=make_not_entrant pc=0x0000000002d1705c method=com.sun.javafx.css.SimpleSelector.applies(Ljavafx/css/Styleable;)Z @ 77
Event: 68.396 Thread 0x000000001f569800 Uncommon trap: reason=unstable_if action=reinterpret pc=0x00000000032f0c04 method=java.lang.String.trim()Ljava/lang/String; @ 44
Event: 68.404 Thread 0x000000001f569800 Uncommon trap: reason=unstable_if action=reinterpret pc=0x000000000331ab48 method=sun.nio.cs.UTF_8$Encoder.encodeArrayLoop(Ljava/nio/CharBuffer;Ljava/nio/ByteBuffer;)Ljava/nio/charset/CoderResult; @ 87
Event: 68.404 Thread 0x000000001f569800 Uncommon trap: reason=unstable_if action=reinterpret pc=0x0000000002e0e08c method=java.util.ArrayList.rangeCheck(I)V @ 5
Event: 70.700 Thread 0x000000001f569800 Uncommon trap: reason=unstable_if action=reinterpret pc=0x0000000003a4d890 method=javafx.scene.CssStyleHelper.transitionToState(Ljavafx/scene/Node;)V @ 513
Event: 116.923 Thread 0x000000001f569800 Uncommon trap: reason=unstable_if action=reinterpret pc=0x0000000002d0a9d0 method=com.sun.scenario.animation.shared.InfiniteClipEnvelope.timePulse(J)V @ 245

Internal exceptions (10 events):
Event: 39.256 Thread 0x000000001f569800 Exception <a 'java/lang/ArrayIndexOutOfBoundsException'> (0x000000076c599e78) thrown at [C:\re\workspace\8-2-build-windows-amd64-cygwin\jdk8u131\8869\hotspot\src\share\vm\runtime\sharedRuntime.cpp, line 605]
Event: 39.762 Thread 0x000000001f569800 Exception <a 'java/io/FileNotFoundException'> (0x000000076cf2d9a8) thrown at [C:\re\workspace\8-2-build-windows-amd64-cygwin\jdk8u131\8869\hotspot\src\share\vm\prims\jni.cpp, line 709]
Event: 39.842 Thread 0x000000001f569800 Exception <a 'java/lang/NullPointerException'> (0x000000076ec98e88) thrown at [C:\re\workspace\8-2-build-windows-amd64-cygwin\jdk8u131\8869\hotspot\src\share\vm\interpreter\linkResolver.cpp, line 1197]
Event: 57.351 Thread 0x000000001f569800 Exception <a 'java/io/FileNotFoundException'> (0x000000076bf7f060) thrown at [C:\re\workspace\8-2-build-windows-amd64-cygwin\jdk8u131\8869\hotspot\src\share\vm\prims\jni.cpp, line 709]
Event: 58.319 Thread 0x000000001f569800 Exception <a 'java/io/FileNotFoundException'> (0x000000076c1b8750) thrown at [C:\re\workspace\8-2-build-windows-amd64-cygwin\jdk8u131\8869\hotspot\src\share\vm\prims\jni.cpp, line 709]
Event: 59.025 Thread 0x000000001f569800 Exception <a 'java/lang/ArrayIndexOutOfBoundsException': 78> (0x000000076ce5deb8) thrown at [C:\re\workspace\8-2-build-windows-amd64-cygwin\jdk8u131\8869\hotspot\src\share\vm\interpreter\interpreterRuntime.cpp, line 366]
Event: 59.032 Thread 0x000000001f569800 Exception <a 'java/io/FileNotFoundException'> (0x000000076ce7a730) thrown at [C:\re\workspace\8-2-build-windows-amd64-cygwin\jdk8u131\8869\hotspot\src\share\vm\prims\jni.cpp, line 709]
Event: 59.033 Thread 0x000000001f569800 Exception <a 'java/io/FileNotFoundException'> (0x000000076ce977f8) thrown at [C:\re\workspace\8-2-build-windows-amd64-cygwin\jdk8u131\8869\hotspot\src\share\vm\prims\jni.cpp, line 709]
Event: 68.396 Thread 0x000000001f569800 Implicit null exception at 0x0000000002d16bad to 0x0000000002d17051
Event: 68.404 Thread 0x000000001f569800 Exception <a 'java/lang/IndexOutOfBoundsException'> (0x000000076ed93ba0) thrown at [C:\re\workspace\8-2-build-windows-amd64-cygwin\jdk8u131\8869\hotspot\src\share\vm\prims\jvm.cpp, line 1394]

Events (10 events):
Event: 25747.267 Thread 0x000000001e63b800 flushing nmethod 0x000000000308c790
Event: 25747.283 Thread 0x000000001e63b800 flushing nmethod 0x0000000003091cd0
Event: 25792.168 Thread 0x000000001e63b800 flushing nmethod 0x00000000030c08d0
Event: 25792.168 Thread 0x000000001e63b800 flushing nmethod 0x00000000030c4250
Event: 25792.169 Thread 0x000000001e63b800 flushing nmethod 0x00000000030c9950
Event: 25792.169 Thread 0x000000001e63b800 flushing nmethod 0x00000000030ca150
Event: 25792.205 Thread 0x000000001e63b800 flushing nmethod 0x00000000030e6910
Event: 25792.304 Thread 0x000000001e63b800 flushing nmethod 0x0000000003148490
Event: 25792.317 Thread 0x000000001e63b800 flushing nmethod 0x0000000003151a50
Event: 25792.347 Thread 0x000000001e63b800 flushing nmethod 0x0000000003157450


Dynamic libraries:
0x00007ff694fe0000 - 0x00007ff695017000 	C:\Program Files\Java\jdk1.8.0_131\bin\java.exe
0x00007ff8590f0000 - 0x00007ff8592c2000 	C:\WINDOWS\SYSTEM32\ntdll.dll
0x00007ff856f30000 - 0x00007ff856fdc000 	C:\WINDOWS\System32\KERNEL32.DLL
0x00007ff856410000 - 0x00007ff85662d000 	C:\WINDOWS\System32\KERNELBASE.dll
0x00007ff857150000 - 0x00007ff8571f2000 	C:\WINDOWS\System32\ADVAPI32.dll
0x00007ff8575a0000 - 0x00007ff85763e000 	C:\WINDOWS\System32\msvcrt.dll
0x00007ff8572c0000 - 0x00007ff857319000 	C:\WINDOWS\System32\sechost.dll
0x00007ff856680000 - 0x00007ff8567a1000 	C:\WINDOWS\System32\RPCRT4.dll
0x00007ff858c20000 - 0x00007ff858d85000 	C:\WINDOWS\System32\USER32.dll
0x00007ff8563f0000 - 0x00007ff85640e000 	C:\WINDOWS\System32\win32u.dll
0x00007ff8574c0000 - 0x00007ff8574f4000 	C:\WINDOWS\System32\GDI32.dll
0x00007ff8555f0000 - 0x00007ff855770000 	C:\WINDOWS\System32\gdi32full.dll
0x00007ff843890000 - 0x00007ff843b0a000 	C:\WINDOWS\WinSxS\amd64_microsoft.windows.common-controls_6595b64144ccf1df_6.0.14393.953_none_42151e83c686086b\COMCTL32.dll
0x00007ff858d90000 - 0x00007ff859058000 	C:\WINDOWS\System32\combase.dll
0x00007ff8562f0000 - 0x00007ff8563e5000 	C:\WINDOWS\System32\ucrtbase.dll
0x00007ff856280000 - 0x00007ff8562ea000 	C:\WINDOWS\System32\bcryptPrimitives.dll
0x00007ff857120000 - 0x00007ff85714e000 	C:\WINDOWS\System32\IMM32.DLL
0x000000006da00000 - 0x000000006dad2000 	C:\Program Files\Java\jdk1.8.0_131\jre\bin\msvcr100.dll
0x000000006c5c0000 - 0x000000006ce5c000 	C:\Program Files\Java\jdk1.8.0_131\jre\bin\server\jvm.dll
0x00007ff856f20000 - 0x00007ff856f28000 	C:\WINDOWS\System32\PSAPI.DLL
0x00007ff84c090000 - 0x00007ff84c099000 	C:\WINDOWS\SYSTEM32\WSOCK32.dll
0x00007ff859060000 - 0x00007ff8590ca000 	C:\WINDOWS\System32\WS2_32.dll
0x00007ff852730000 - 0x00007ff852753000 	C:\WINDOWS\SYSTEM32\WINMM.dll
0x00007ff850ed0000 - 0x00007ff850eda000 	C:\WINDOWS\SYSTEM32\VERSION.dll
0x00007ff852700000 - 0x00007ff85272b000 	C:\WINDOWS\SYSTEM32\WINMMBASE.dll
0x00007ff856630000 - 0x00007ff856672000 	C:\WINDOWS\System32\cfgmgr32.dll
0x000000006d9f0000 - 0x000000006d9ff000 	C:\Program Files\Java\jdk1.8.0_131\jre\bin\verify.dll
0x000000006d9c0000 - 0x000000006d9e9000 	C:\Program Files\Java\jdk1.8.0_131\jre\bin\java.dll
0x000000006d970000 - 0x000000006d993000 	C:\Program Files\Java\jdk1.8.0_131\jre\bin\instrument.dll
0x000000006d9a0000 - 0x000000006d9b6000 	C:\Program Files\Java\jdk1.8.0_131\jre\bin\zip.dll
0x00007ff8576b0000 - 0x00007ff858bb8000 	C:\WINDOWS\System32\SHELL32.dll
0x00007ff8557d0000 - 0x00007ff855eaa000 	C:\WINDOWS\System32\windows.storage.dll
0x00007ff8555a0000 - 0x00007ff8555ec000 	C:\WINDOWS\System32\powrprof.dll
0x00007ff857640000 - 0x00007ff857692000 	C:\WINDOWS\System32\shlwapi.dll
0x00007ff855580000 - 0x00007ff85558f000 	C:\WINDOWS\System32\kernel.appcore.dll
0x00007ff8561d0000 - 0x00007ff856279000 	C:\WINDOWS\System32\shcore.dll
0x00007ff855560000 - 0x00007ff855574000 	C:\WINDOWS\System32\profapi.dll
0x00007ff852ea0000 - 0x00007ff852eba000 	C:\Program Files\JetBrains\IntelliJ IDEA 2017.1.3\bin\breakgen64.dll
0x000000006d950000 - 0x000000006d96a000 	C:\Program Files\Java\jdk1.8.0_131\jre\bin\net.dll
0x00007ff854e90000 - 0x00007ff854eec000 	C:\WINDOWS\system32\mswsock.dll
0x00007ff82f8f0000 - 0x00007ff82f9df000 	C:\Program Files\Java\jdk1.8.0_131\jre\bin\msvcr120.dll
0x00007ff82f5c0000 - 0x00007ff82f666000 	C:\Program Files\Java\jdk1.8.0_131\jre\bin\msvcp120.dll
0x000000006d920000 - 0x000000006d942000 	C:\Program Files\Java\jdk1.8.0_131\jre\bin\prism_d3d.dll
0x00007ff839c00000 - 0x00007ff839d8d000 	C:\WINDOWS\system32\d3d9.dll
0x00007ff8525d0000 - 0x00007ff8525f6000 	C:\WINDOWS\SYSTEM32\dwmapi.dll
0x00007ff853af0000 - 0x00007ff853b85000 	C:\WINDOWS\system32\uxtheme.dll
0x00007ff850ef0000 - 0x00007ff851086000 	C:\WINDOWS\System32\DriverStore\FileRepository\c0313676.inf_amd64_96bbc33bec5c7fae\aticfx64.dll
0x00007ff83fcb0000 - 0x00007ff83fce2000 	C:\WINDOWS\System32\DriverStore\FileRepository\c0313676.inf_amd64_96bbc33bec5c7fae\atiu9p64.dll
0x00007ff826960000 - 0x00007ff827296000 	C:\WINDOWS\System32\DriverStore\FileRepository\c0313676.inf_amd64_96bbc33bec5c7fae\atiumd64.dll
0x00007ff856fe0000 - 0x00007ff857118000 	C:\WINDOWS\System32\ole32.dll
0x000000006dbd0000 - 0x000000006e9f7000 	C:\WINDOWS\System32\DriverStore\FileRepository\c0313676.inf_amd64_96bbc33bec5c7fae\atiumd6a.dll
0x000000006d8d0000 - 0x000000006d913000 	C:\Program Files\Java\jdk1.8.0_131\jre\bin\glass.dll
0x00007ff856c50000 - 0x00007ff856d4a000 	C:\WINDOWS\System32\COMDLG32.dll
0x00007ff857200000 - 0x00007ff8572bf000 	C:\WINDOWS\System32\OLEAUT32.dll
0x00007ff856080000 - 0x00007ff85611c000 	C:\WINDOWS\System32\msvcp_win.dll
0x00007ff856dc0000 - 0x00007ff856f1a000 	C:\WINDOWS\System32\MSCTF.dll
0x00007ff83f0d0000 - 0x00007ff83f0fc000 	C:\PROGRA~2\RAPTRI~1\Raptr\ltc_help64-119906.dll
0x00007ff855770000 - 0x00007ff8557c5000 	C:\WINDOWS\System32\WINTRUST.dll
0x00007ff855590000 - 0x00007ff8555a0000 	C:\WINDOWS\System32\MSASN1.dll
0x00007ff855eb0000 - 0x00007ff856079000 	C:\WINDOWS\System32\CRYPT32.dll
0x000000006d890000 - 0x000000006d8a4000 	C:\Program Files\Java\jdk1.8.0_131\jre\bin\javafx_font.dll
0x00007ff84c5c0000 - 0x00007ff84c829000 	C:\WINDOWS\SYSTEM32\dwrite.dll
0x00007ff857500000 - 0x00007ff85759f000 	C:\WINDOWS\System32\clbcatq.dll
0x00007ff851ec0000 - 0x00007ff852068000 	C:\WINDOWS\SYSTEM32\WindowsCodecs.dll
0x00007ff833bc0000 - 0x00007ff833c09000 	C:\WINDOWS\system32\dataexchange.dll
0x00007ff8510f0000 - 0x00007ff8513a6000 	C:\WINDOWS\system32\d3d11.dll
0x00007ff853380000 - 0x00007ff8534d1000 	C:\WINDOWS\system32\dcomp.dll
0x00007ff854330000 - 0x00007ff8543cf000 	C:\WINDOWS\system32\dxgi.dll
0x00007ff853e20000 - 0x00007ff853f3c000 	C:\WINDOWS\system32\twinapi.appcore.dll
0x00007ff855140000 - 0x00007ff85516b000 	C:\WINDOWS\system32\bcrypt.dll
0x00007ff851880000 - 0x00007ff8518b2000 	C:\Program Files\Common Files\Microsoft Shared\Ink\rtscom.dll
0x00007ff850710000 - 0x00007ff850c6f000 	C:\WINDOWS\SYSTEM32\d2d1.dll
0x00007ff82c950000 - 0x00007ff82cbdd000 	C:\WINDOWS\SYSTEM32\D3D10Warp.dll
0x000000006d870000 - 0x000000006d881000 	C:\Program Files\Java\jdk1.8.0_131\jre\bin\prism_common.dll
0x00007ff855030000 - 0x00007ff855047000 	C:\WINDOWS\System32\CRYPTSP.dll
0x00007ff854a90000 - 0x00007ff854ac3000 	C:\WINDOWS\system32\rsaenh.dll
0x00007ff855050000 - 0x00007ff85505b000 	C:\WINDOWS\SYSTEM32\CRYPTBASE.dll
0x00007ff8590d0000 - 0x00007ff8590ec000 	C:\WINDOWS\System32\imagehlp.dll
0x00007ff8542a0000 - 0x00007ff8542c3000 	C:\WINDOWS\SYSTEM32\gpapi.dll
0x00007ff846f20000 - 0x00007ff846f4f000 	C:\Windows\System32\cryptnet.dll
0x00007ff854c10000 - 0x00007ff854c48000 	C:\WINDOWS\SYSTEM32\IPHLPAPI.DLL
0x00007ff8502b0000 - 0x00007ff8502bb000 	C:\WINDOWS\SYSTEM32\WINNSI.DLL
0x00007ff8576a0000 - 0x00007ff8576a8000 	C:\WINDOWS\System32\NSI.dll
0x00007ff812e70000 - 0x00007ff8130b4000 	C:\PROGRA~2\RAPTRI~1\Raptr\ltc_game64-119906.dll
0x00007ff854c50000 - 0x00007ff854cf1000 	C:\WINDOWS\SYSTEM32\DNSAPI.dll
0x00007ff84cda0000 - 0x00007ff84cdaa000 	C:\Windows\System32\rasadhlp.dll
0x00007ff8503b0000 - 0x00007ff85041a000 	C:\WINDOWS\System32\fwpuclnt.dll
0x000000006d840000 - 0x000000006d863000 	C:\Program Files\Java\jdk1.8.0_131\jre\bin\javafx_iio.dll
0x00007ff852140000 - 0x00007ff8522c5000 	C:\WINDOWS\SYSTEM32\PROPSYS.dll
0x00007ff826350000 - 0x00007ff8263e8000 	C:\Program Files\Common Files\microsoft shared\ink\tiptsf.dll
0x00007ff832c80000 - 0x00007ff832cc2000 	C:\WINDOWS\SYSTEM32\edputil.dll
0x00007ff833730000 - 0x00007ff833bb4000 	C:\WINDOWS\system32\explorerframe.dll
0x00007ff8411e0000 - 0x00007ff841388000 	C:\WINDOWS\system32\DUI70.dll
0x00007ff84e000000 - 0x00007ff84e094000 	C:\WINDOWS\system32\DUser.dll
0x00007ff832d40000 - 0x00007ff832d93000 	C:\Windows\System32\thumbcache.dll
0x00007ff84cf10000 - 0x00007ff84cf53000 	C:\WINDOWS\SYSTEM32\policymanager.dll
0x00007ff853d80000 - 0x00007ff853e11000 	C:\WINDOWS\SYSTEM32\msvcp110_win.dll
0x00007ff84e1a0000 - 0x00007ff84e207000 	C:\Windows\System32\Bcp47Langs.dll
0x00007ff83f2a0000 - 0x00007ff83f340000 	C:\WINDOWS\System32\StructuredQuery.dll
0x00007ff843810000 - 0x00007ff84382b000 	C:\WINDOWS\SYSTEM32\MPR.dll
0x00007ff82c710000 - 0x00007ff82c719000 	C:\WINDOWS\SYSTEM32\atlthunk.dll
0x00007ff83f080000 - 0x00007ff83f096000 	C:\WINDOWS\System32\ntlanman.dll
0x00007ff843b10000 - 0x00007ff843b1b000 	C:\WINDOWS\System32\drprov.dll
0x00007ff854510000 - 0x00007ff854566000 	C:\WINDOWS\System32\WINSTA.dll
0x00007ff83d970000 - 0x00007ff83d990000 	C:\WINDOWS\System32\davclnt.dll
0x00007ff83dd10000 - 0x00007ff83dd1c000 	C:\WINDOWS\System32\DAVHLPR.dll
0x00007ff8522f0000 - 0x00007ff852306000 	C:\WINDOWS\System32\wkscli.dll
0x00007ff846fd0000 - 0x00007ff846fe2000 	C:\WINDOWS\SYSTEM32\cscapi.dll
0x00007ff854d00000 - 0x00007ff854d0d000 	C:\WINDOWS\System32\netutils.dll
0x00007ff853950000 - 0x00007ff8539ca000 	C:\WINDOWS\SYSTEM32\apphelp.dll
0x00007ff83ac80000 - 0x00007ff83accd000 	C:\Windows\System32\dlnashext.dll
0x00007ff8436c0000 - 0x00007ff8436de000 	C:\Windows\System32\DevDispItemProvider.dll
0x00007ff83dad0000 - 0x00007ff83dad9000 	C:\WINDOWS\system32\IconCodecService.dll
0x00007ff854030000 - 0x00007ff854058000 	C:\WINDOWS\System32\DEVOBJ.dll
0x00007ff84fdc0000 - 0x00007ff84fdd6000 	C:\WINDOWS\SYSTEM32\dhcpcsvc6.DLL
0x00007ff84fda0000 - 0x00007ff84fdba000 	C:\WINDOWS\SYSTEM32\dhcpcsvc.DLL
0x00007ff856d50000 - 0x00007ff856dbe000 	C:\WINDOWS\System32\coml2.dll
0x00007ff845e20000 - 0x00007ff846185000 	C:\Windows\System32\ActXPrxy.dll
0x00007ff834600000 - 0x00007ff83467d000 	C:\Windows\System32\twinapi.dll
0x00007ff843840000 - 0x00007ff843850000 	C:\WINDOWS\SYSTEM32\LINKINFO.dll
0x00007ff856820000 - 0x00007ff856c49000 	C:\WINDOWS\System32\SETUPAPI.dll
0x00007ff8478b0000 - 0x00007ff847a4a000 	C:\WINDOWS\WinSxS\amd64_microsoft.windows.gdiplus_6595b64144ccf1df_1.1.14393.953_none_7300116921188239\gdiplus.dll
0x00007ff83aaf0000 - 0x00007ff83ab26000 	C:\Windows\System32\EhStorShell.dll
0x00007ff830cb0000 - 0x00007ff830d47000 	C:\Users\Santi\AppData\Local\MEGAsync\ShellExtX64.dll
0x00007ff8306c0000 - 0x00007ff830ca6000 	C:\Users\Santi\AppData\Local\Microsoft\OneDrive\17.3.6943.0625\amd64\FileSyncShell64.dll
0x00007ff8475e0000 - 0x00007ff8478aa000 	C:\WINDOWS\SYSTEM32\WININET.dll
0x00007ff82cdc0000 - 0x00007ff82d000000 	C:\PROGRA~1\MICROS~1\Office15\GROOVEEX.DLL
0x000000006f770000 - 0x000000006f79b000 	C:\WINDOWS\SYSTEM32\ATL100.DLL

VM Arguments:
jvm_args: -javaagent:C:\Program Files\JetBrains\IntelliJ IDEA 2017.1.3\lib\idea_rt.jar=60107:C:\Program Files\JetBrains\IntelliJ IDEA 2017.1.3\bin -Dfile.encoding=UTF-8 
java_command: main.java.Main
java_class_path (initial): C:\Program Files\Java\jdk1.8.0_131\jre\lib\charsets.jar;C:\Program Files\Java\jdk1.8.0_131\jre\lib\deploy.jar;C:\Program Files\Java\jdk1.8.0_131\jre\lib\ext\access-bridge-64.jar;C:\Program Files\Java\jdk1.8.0_131\jre\lib\ext\cldrdata.jar;C:\Program Files\Java\jdk1.8.0_131\jre\lib\ext\dnsns.jar;C:\Program Files\Java\jdk1.8.0_131\jre\lib\ext\jaccess.jar;C:\Program Files\Java\jdk1.8.0_131\jre\lib\ext\jfxrt.jar;C:\Program Files\Java\jdk1.8.0_131\jre\lib\ext\localedata.jar;C:\Program Files\Java\jdk1.8.0_131\jre\lib\ext\nashorn.jar;C:\Program Files\Java\jdk1.8.0_131\jre\lib\ext\sunec.jar;C:\Program Files\Java\jdk1.8.0_131\jre\lib\ext\sunjce_provider.jar;C:\Program Files\Java\jdk1.8.0_131\jre\lib\ext\sunmscapi.jar;C:\Program Files\Java\jdk1.8.0_131\jre\lib\ext\sunpkcs11.jar;C:\Program Files\Java\jdk1.8.0_131\jre\lib\ext\zipfs.jar;C:\Program Files\Java\jdk1.8.0_131\jre\lib\javaws.jar;C:\Program Files\Java\jdk1.8.0_131\jre\lib\jce.jar;C:\Program Files\Java\jdk1.8.0_131\jre\lib\jfr.jar;C:\Program Files\Java\jdk1.8.0_131\jre\lib\jfxswt.jar;C:\Program Files\Java\jdk1.8.0_131\jre\lib\jsse.jar;C:\Program Files\Java\jdk1.8.0_131\jre\lib\management-agent.jar;C:\Program Files\Java\jdk1.8.0_131\jre\lib\plugin.jar;C:\Program Files\Java\jdk1.8.0_131\jre\lib\resources.jar;C:\Program Files\Java\jdk1.8.0_131\jre\lib\rt.jar;C:\Users\Santi\IdeaProjects\payroll-manager\out\production\employee-database;C:\Users\Santi\Desktop\mysql-connector-java-5.1.42-bin.jar;C:\Users\Santi\Documents\Java Libraries\Apache\commons\text\commons-text-1.1\commons-text-1.1.jar;C:\Users\Santi\Documents\Java Libraries\Apache\commons\lang\commons-lang3-3.6.jar;C:\Users\Santi\Documents\Java Libraries\Apache\commons\collections\commons-collections4-4.1.jar;C:\Program Files\JetBrains\IntelliJ IDEA 2017.1.3\lib\idea_rt.jar
Launcher Type: SUN_STANDARD

Environment Variables:
PATH=C:\Program Files (x86)\NVIDIA Corporation\PhysX\Common;C:\ProgramData\Oracle\Java\javapath;C:\WINDOWS\system32;C:\WINDOWS;C:\WINDOWS\System32\Wbem;C:\WINDOWS\System32\WindowsPowerShell\v1.0\;C:\Program Files (x86)\Windows Live\Shared;C:\Program Files (x86)\Skype\Phone\;C:\Program Files\MiKTeX 2.9\miktex\bin\x64\;C:\Program Files\Git\cmd;C:\cygwin64\bin;C:\Program Files (x86)\Windows Kits\10\Windows Performance Toolkit\;C:\Program Files\MySQL\MySQL Utilities 1.6\;C:\Users\Santi\AppData\Local\Programs\Python\Python36-32\Scripts\;C:\Users\Santi\AppData\Local\Programs\Python\Python36-32\;C:\Users\Santi\AppData\Local\Microsoft\WindowsApps;
USERNAME=Santi
OS=Windows_NT
PROCESSOR_IDENTIFIER=Intel64 Family 6 Model 60 Stepping 3, GenuineIntel



---------------  S Y S T E M  ---------------

OS: Windows 10.0 , 64 bit Build 14393 (10.0.14393.1198)

CPU:total 8 (initial active 8) (4 cores per cpu, 2 threads per core) family 6 model 60 stepping 3, cmov, cx8, fxsr, mmx, sse, sse2, sse3, ssse3, sse4.1, sse4.2, popcnt, avx, avx2, aes, clmul, erms, lzcnt, ht, tsc, tscinvbit, bmi1, bmi2

Memory: 4k page, physical 16717616k(2171600k free), swap 52741948k(976k free)

vm_info: Java HotSpot(TM) 64-Bit Server VM (25.131-b11) for windows-amd64 JRE (1.8.0_131-b11), built on Mar 15 2017 01:23:53 by "java_re" with MS VC++ 10.0 (VS2010)

time: Tue Aug 15 07:08:11 2017
elapsed time: 26002 seconds (0d 7h 13m 22s)

