#
# There is insufficient memory for the Java Runtime Environment to continue.
# Native memory allocation (malloc) failed to allocate 801456 bytes for Chunk::new
# Possible reasons:
#   The system is out of physical RAM or swap space
#   In 32 bit mode, the process size limit was hit
# Possible solutions:
#   Reduce memory load on the system
#   Increase physical memory or swap space
#   Check if swap backing store is full
#   Use 64 bit Java on a 64 bit OS
#   Decrease Java heap size (-Xmx/-Xms)
#   Decrease number of Java threads
#   Decrease Java thread stack sizes (-Xss)
#   Set larger code cache with -XX:ReservedCodeCacheSize=
# This output file may be truncated or incomplete.
#
#  Out of Memory Error (allocation.cpp:390), pid=20144, tid=0x0000000000005458
#
# JRE version: Java(TM) SE Runtime Environment (8.0_131-b11) (build 1.8.0_131-b11)
# Java VM: Java HotSpot(TM) 64-Bit Server VM (25.131-b11 mixed mode windows-amd64 compressed oops)
# Failed to write core dump. Minidumps are not enabled by default on client versions of Windows
#

---------------  T H R E A D  ---------------

Current thread (0x000000001eb9a000):  JavaThread "C2 CompilerThread0" daemon [_thread_in_native, id=21592, stack(0x000000001f400000,0x000000001f500000)]

Stack: [0x000000001f400000,0x000000001f500000]
[error occurred during error reporting (printing stack bounds), id 0xc0000005]

Native frames: (J=compiled Java code, j=interpreted, Vv=VM code, C=native code)


Current CompileTask:
C2:  73396 3481   !   4       com.mysql.jdbc.PreparedStatement$ParseInfo::<init> (1149 bytes)


---------------  P R O C E S S  ---------------

Java Threads: ( => current thread )
  0x000000001fd81000 JavaThread "Abandoned connection cleanup thread" daemon [_thread_blocked, id=6704, stack(0x000000002b530000,0x000000002b630000)]
  0x000000001fc3f800 JavaThread "Prism Font Disposer" daemon [_thread_blocked, id=23052, stack(0x0000000025410000,0x0000000025510000)]
  0x000000001fb3b000 JavaThread "Thread-3" daemon [_thread_in_native, id=5360, stack(0x0000000023c40000,0x0000000023d40000)]
  0x000000001fb4f800 JavaThread "JavaFX-Launcher" [_thread_blocked, id=13632, stack(0x0000000023d40000,0x0000000023e40000)]
  0x000000001fb12800 JavaThread "JavaFX Application Thread" [_thread_in_native, id=22504, stack(0x0000000020b00000,0x0000000020c00000)]
  0x000000001fac5800 JavaThread "Thread-1" daemon [_thread_blocked, id=14740, stack(0x0000000020a00000,0x0000000020b00000)]
  0x000000001faaa800 JavaThread "QuantumRenderer-0" daemon [_thread_blocked, id=17840, stack(0x0000000020200000,0x0000000020300000)]
  0x000000001ecad800 JavaThread "Service Thread" daemon [_thread_blocked, id=23056, stack(0x000000001f800000,0x000000001f900000)]
  0x000000001ec12000 JavaThread "C1 CompilerThread3" daemon [_thread_in_native, id=19824, stack(0x000000001f700000,0x000000001f800000)]
  0x000000001ec0a800 JavaThread "C2 CompilerThread2" daemon [_thread_blocked, id=20244, stack(0x000000001f600000,0x000000001f700000)]
  0x000000001ec07800 JavaThread "C2 CompilerThread1" daemon [_thread_blocked, id=22352, stack(0x000000001f500000,0x000000001f600000)]
=>0x000000001eb9a000 JavaThread "C2 CompilerThread0" daemon [_thread_in_native, id=21592, stack(0x000000001f400000,0x000000001f500000)]
  0x000000001ec04800 JavaThread "Monitor Ctrl-Break" daemon [_thread_in_native, id=14236, stack(0x000000001f300000,0x000000001f400000)]
  0x000000001eb38800 JavaThread "Attach Listener" daemon [_thread_blocked, id=21932, stack(0x000000001f200000,0x000000001f300000)]
  0x000000000319e800 JavaThread "Signal Dispatcher" daemon [_thread_blocked, id=21372, stack(0x000000001f100000,0x000000001f200000)]
  0x0000000003199000 JavaThread "Finalizer" daemon [_thread_blocked, id=472, stack(0x000000001ef10000,0x000000001f010000)]
  0x000000001cc3d800 JavaThread "Reference Handler" daemon [_thread_blocked, id=10428, stack(0x000000001ea10000,0x000000001eb10000)]
  0x000000000309e000 JavaThread "main" [_thread_blocked, id=8172, stack(0x0000000002d80000,0x0000000002e80000)]

Other Threads:
  0x000000001cc38800 VMThread [stack: 0x000000001e910000,0x000000001ea10000] [id=6716]
  0x000000001ed04000 WatcherThread [stack: 0x000000001f900000,0x000000001fa00000] [id=22804]

VM state:not at safepoint (normal execution)

VM Mutex/Monitor currently owned by a thread: None

Heap:
 PSYoungGen      total 128512K, used 89860K [0x000000076af80000, 0x0000000774480000, 0x00000007c0000000)
  eden space 117760K, 76% used [0x000000076af80000,0x0000000770741378,0x0000000772280000)
  from space 10752K, 0% used [0x0000000773a00000,0x0000000773a00000,0x0000000774480000)
  to   space 10752K, 0% used [0x0000000772f80000,0x0000000772f80000,0x0000000773a00000)
 ParOldGen       total 216064K, used 215023K [0x00000006c0e00000, 0x00000006ce100000, 0x000000076af80000)
  object space 216064K, 99% used [0x00000006c0e00000,0x00000006cdffbdb8,0x00000006ce100000)
 Metaspace       used 22387K, capacity 23556K, committed 23808K, reserved 1069056K
  class space    used 3012K, capacity 3287K, committed 3328K, reserved 1048576K

Card table byte_map: [0x0000000012560000,0x0000000012d60000] byte_map_base: 0x000000000ef59000

Marking Bits: (ParMarkBitMap*) 0x000000006cddc720
 Begin Bits: [0x0000000013ac0000, 0x0000000017a88000)
 End Bits:   [0x0000000017a88000, 0x000000001ba50000)

Polling page: 0x0000000002e80000

CodeCache: size=245760Kb used=10622Kb max_used=10636Kb free=235137Kb
 bounds [0x00000000031a0000, 0x0000000003c10000, 0x00000000121a0000]
 total_blobs=3954 nmethods=3207 adapters=658
 compilation: enabled

Compilation events (10 events):
Event: 73.313 Thread 0x000000001ec12000 3477       3       com.mysql.jdbc.Buffer::<init> (41 bytes)
Event: 73.313 Thread 0x000000001ec12000 nmethod 3477 0x0000000003bffb10 code [0x0000000003bffc80, 0x0000000003bfff50]
Event: 73.314 Thread 0x000000001ec12000 3478  s    3       com.mysql.jdbc.util.ReadAheadInputStream::read (105 bytes)
Event: 73.315 Thread 0x000000001ec12000 nmethod 3478 0x0000000003c00050 code [0x0000000003c00220, 0x0000000003c00ad8]
Event: 73.315 Thread 0x000000001ec12000 3479       3       java.net.URL::isValidProtocol (78 bytes)
Event: 73.315 Thread 0x000000001ec12000 nmethod 3479 0x0000000003c00e50 code [0x0000000003c010a0, 0x0000000003c01e98]
Event: 73.315 Thread 0x000000001ec12000 3480   !   3       java.net.URL::getURLStreamHandler (313 bytes)
Event: 73.316 Thread 0x000000001ec12000 nmethod 3480 0x0000000003c02610 code [0x0000000003c02b00, 0x0000000003c05e38]
Event: 73.318 Thread 0x000000001ec07800 nmethod 3471 0x0000000003c0b590 code [0x0000000003c0b720, 0x0000000003c0c468]
Event: 73.337 Thread 0x000000001eb9a000 3481   !   4       com.mysql.jdbc.PreparedStatement$ParseInfo::<init> (1149 bytes)

GC Heap History (10 events):
Event: 51.655 GC heap before
{Heap before GC invocations=230 (full 226):
 PSYoungGen      total 128512K, used 117759K [0x000000076af80000, 0x0000000774480000, 0x00000007c0000000)
  eden space 117760K, 99% used [0x000000076af80000,0x000000077227fff8,0x0000000772280000)
  from space 10752K, 0% used [0x0000000773a00000,0x0000000773a00000,0x0000000774480000)
  to   space 10752K, 0% used [0x0000000772f80000,0x0000000772f80000,0x0000000773a00000)
 ParOldGen       total 216064K, used 215308K [0x00000006c0e00000, 0x00000006ce100000, 0x000000076af80000)
  object space 216064K, 99% used [0x00000006c0e00000,0x00000006ce043030,0x00000006ce100000)
 Metaspace       used 22139K, capacity 23250K, committed 23552K, reserved 1069056K
  class space    used 3005K, capacity 3252K, committed 3328K, reserved 1048576K
Event: 51.671 GC heap after
Heap after GC invocations=230 (full 226):
 PSYoungGen      total 128512K, used 117759K [0x000000076af80000, 0x0000000774480000, 0x00000007c0000000)
  eden space 117760K, 99% used [0x000000076af80000,0x000000077227fff8,0x0000000772280000)
  from space 10752K, 0% used [0x0000000773a00000,0x0000000773a00000,0x0000000774480000)
  to   space 10752K, 0% used [0x0000000772f80000,0x0000000772f80000,0x0000000773a00000)
 ParOldGen       total 216064K, used 215306K [0x00000006c0e00000, 0x00000006ce100000, 0x000000076af80000)
  object space 216064K, 99% used [0x00000006c0e00000,0x00000006ce042ab0,0x00000006ce100000)
 Metaspace       used 22139K, capacity 23250K, committed 23552K, reserved 1069056K
  class space    used 3005K, capacity 3252K, committed 3328K, reserved 1048576K
}
Event: 51.672 GC heap before
{Heap before GC invocations=231 (full 227):
 PSYoungGen      total 128512K, used 117759K [0x000000076af80000, 0x0000000774480000, 0x00000007c0000000)
  eden space 117760K, 99% used [0x000000076af80000,0x000000077227fff8,0x0000000772280000)
  from space 10752K, 0% used [0x0000000773a00000,0x0000000773a00000,0x0000000774480000)
  to   space 10752K, 0% used [0x0000000772f80000,0x0000000772f80000,0x0000000773a00000)
 ParOldGen       total 216064K, used 215322K [0x00000006c0e00000, 0x00000006ce100000, 0x000000076af80000)
  object space 216064K, 99% used [0x00000006c0e00000,0x00000006ce046898,0x00000006ce100000)
 Metaspace       used 22139K, capacity 23250K, committed 23552K, reserved 1069056K
  class space    used 3005K, capacity 3252K, committed 3328K, reserved 1048576K
Event: 51.688 GC heap after
Heap after GC invocations=231 (full 227):
 PSYoungGen      total 128512K, used 117759K [0x000000076af80000, 0x0000000774480000, 0x00000007c0000000)
  eden space 117760K, 99% used [0x000000076af80000,0x000000077227fff8,0x0000000772280000)
  from space 10752K, 0% used [0x0000000773a00000,0x0000000773a00000,0x0000000774480000)
  to   space 10752K, 0% used [0x0000000772f80000,0x0000000772f80000,0x0000000773a00000)
 ParOldGen       total 216064K, used 215319K [0x00000006c0e00000, 0x00000006ce100000, 0x000000076af80000)
  object space 216064K, 99% used [0x00000006c0e00000,0x00000006ce045f58,0x00000006ce100000)
 Metaspace       used 22139K, capacity 23250K, committed 23552K, reserved 1069056K
  class space    used 3005K, capacity 3252K, committed 3328K, reserved 1048576K
}
Event: 51.688 GC heap before
{Heap before GC invocations=232 (full 228):
 PSYoungGen      total 128512K, used 117759K [0x000000076af80000, 0x0000000774480000, 0x00000007c0000000)
  eden space 117760K, 99% used [0x000000076af80000,0x000000077227fff8,0x0000000772280000)
  from space 10752K, 0% used [0x0000000773a00000,0x0000000773a00000,0x0000000774480000)
  to   space 10752K, 0% used [0x0000000772f80000,0x0000000772f80000,0x0000000773a00000)
 ParOldGen       total 216064K, used 215319K [0x00000006c0e00000, 0x00000006ce100000, 0x000000076af80000)
  object space 216064K, 99% used [0x00000006c0e00000,0x00000006ce045fb0,0x00000006ce100000)
 Metaspace       used 22139K, capacity 23250K, committed 23552K, reserved 1069056K
  class space    used 3005K, capacity 3252K, committed 3328K, reserved 1048576K
Event: 51.706 GC heap after
Heap after GC invocations=232 (full 228):
 PSYoungGen      total 128512K, used 117759K [0x000000076af80000, 0x0000000774480000, 0x00000007c0000000)
  eden space 117760K, 99% used [0x000000076af80000,0x000000077227fff8,0x0000000772280000)
  from space 10752K, 0% used [0x0000000773a00000,0x0000000773a00000,0x0000000774480000)
  to   space 10752K, 0% used [0x0000000772f80000,0x0000000772f80000,0x0000000773a00000)
 ParOldGen       total 216064K, used 215319K [0x00000006c0e00000, 0x00000006ce100000, 0x000000076af80000)
  object space 216064K, 99% used [0x00000006c0e00000,0x00000006ce045f88,0x00000006ce100000)
 Metaspace       used 22139K, capacity 23250K, committed 23552K, reserved 1069056K
  class space    used 3005K, capacity 3252K, committed 3328K, reserved 1048576K
}
Event: 51.706 GC heap before
{Heap before GC invocations=233 (full 229):
 PSYoungGen      total 128512K, used 117759K [0x000000076af80000, 0x0000000774480000, 0x00000007c0000000)
  eden space 117760K, 99% used [0x000000076af80000,0x000000077227fff8,0x0000000772280000)
  from space 10752K, 0% used [0x0000000773a00000,0x0000000773a00000,0x0000000774480000)
  to   space 10752K, 0% used [0x0000000772f80000,0x0000000772f80000,0x0000000773a00000)
 ParOldGen       total 216064K, used 215319K [0x00000006c0e00000, 0x00000006ce100000, 0x000000076af80000)
  object space 216064K, 99% used [0x00000006c0e00000,0x00000006ce045f88,0x00000006ce100000)
 Metaspace       used 22139K, capacity 23250K, committed 23552K, reserved 1069056K
  class space    used 3005K, capacity 3252K, committed 3328K, reserved 1048576K
Event: 51.799 GC heap after
Heap after GC invocations=233 (full 229):
 PSYoungGen      total 128512K, used 117758K [0x000000076af80000, 0x0000000774480000, 0x00000007c0000000)
  eden space 117760K, 99% used [0x000000076af80000,0x000000077227fa60,0x0000000772280000)
  from space 10752K, 0% used [0x0000000773a00000,0x0000000773a00000,0x0000000774480000)
  to   space 10752K, 0% used [0x0000000772f80000,0x0000000772f80000,0x0000000773a00000)
 ParOldGen       total 216064K, used 214829K [0x00000006c0e00000, 0x00000006ce100000, 0x000000076af80000)
  object space 216064K, 99% used [0x00000006c0e00000,0x00000006cdfcb448,0x00000006ce100000)
 Metaspace       used 22127K, capacity 23230K, committed 23552K, reserved 1069056K
  class space    used 3001K, capacity 3244K, committed 3328K, reserved 1048576K
}
Event: 51.799 GC heap before
{Heap before GC invocations=234 (full 230):
 PSYoungGen      total 128512K, used 117760K [0x000000076af80000, 0x0000000774480000, 0x00000007c0000000)
  eden space 117760K, 100% used [0x000000076af80000,0x0000000772280000,0x0000000772280000)
  from space 10752K, 0% used [0x0000000773a00000,0x0000000773a00000,0x0000000774480000)
  to   space 10752K, 0% used [0x0000000772f80000,0x0000000772f80000,0x0000000773a00000)
 ParOldGen       total 216064K, used 214833K [0x00000006c0e00000, 0x00000006ce100000, 0x000000076af80000)
  object space 216064K, 99% used [0x00000006c0e00000,0x00000006cdfcc640,0x00000006ce100000)
 Metaspace       used 22127K, capacity 23230K, committed 23552K, reserved 1069056K
  class space    used 3001K, capacity 3244K, committed 3328K, reserved 1048576K
Event: 51.840 GC heap after
Heap after GC invocations=234 (full 230):
 PSYoungGen      total 128512K, used 41422K [0x000000076af80000, 0x0000000774480000, 0x00000007c0000000)
  eden space 117760K, 35% used [0x000000076af80000,0x000000076d7f3800,0x0000000772280000)
  from space 10752K, 0% used [0x0000000773a00000,0x0000000773a00000,0x0000000774480000)
  to   space 10752K, 0% used [0x0000000772f80000,0x0000000772f80000,0x0000000773a00000)
 ParOldGen       total 216064K, used 215023K [0x00000006c0e00000, 0x00000006ce100000, 0x000000076af80000)
  object space 216064K, 99% used [0x00000006c0e00000,0x00000006cdffbdb8,0x00000006ce100000)
 Metaspace       used 22127K, capacity 23230K, committed 23552K, reserved 1069056K
  class space    used 3001K, capacity 3244K, committed 3328K, reserved 1048576K
}

Deoptimization events (10 events):
Event: 10.563 Thread 0x000000001fb12800 Uncommon trap: reason=bimorphic action=maybe_recompile pc=0x00000000037c5210 method=java.util.regex.Pattern$BmpCharProperty.match(Ljava/util/regex/Matcher;ILjava/lang/CharSequence;)Z @ 31
Event: 10.563 Thread 0x000000001fb12800 Uncommon trap: reason=bimorphic action=maybe_recompile pc=0x00000000037c5210 method=java.util.regex.Pattern$BmpCharProperty.match(Ljava/util/regex/Matcher;ILjava/lang/CharSequence;)Z @ 31
Event: 10.563 Thread 0x000000001fb12800 Uncommon trap: reason=bimorphic action=maybe_recompile pc=0x00000000037c5210 method=java.util.regex.Pattern$BmpCharProperty.match(Ljava/util/regex/Matcher;ILjava/lang/CharSequence;)Z @ 31
Event: 11.157 Thread 0x000000001fb12800 Uncommon trap: reason=array_check action=maybe_recompile pc=0x0000000003afa4d8 method=com.sun.javafx.css.SimpleSelector.applies(Ljavafx/css/Styleable;[Ljava/util/Set;I)Z @ 37
Event: 11.157 Thread 0x000000001fb12800 Uncommon trap: reason=array_check action=maybe_recompile pc=0x0000000003afa4d8 method=com.sun.javafx.css.SimpleSelector.applies(Ljavafx/css/Styleable;[Ljava/util/Set;I)Z @ 37
Event: 11.157 Thread 0x000000001fb12800 Uncommon trap: reason=array_check action=maybe_recompile pc=0x0000000003afa4d8 method=com.sun.javafx.css.SimpleSelector.applies(Ljavafx/css/Styleable;[Ljava/util/Set;I)Z @ 37
Event: 11.157 Thread 0x000000001fb12800 Uncommon trap: reason=array_check action=maybe_recompile pc=0x0000000003afa4d8 method=com.sun.javafx.css.SimpleSelector.applies(Ljavafx/css/Styleable;[Ljava/util/Set;I)Z @ 37
Event: 11.167 Thread 0x000000001fb12800 Uncommon trap: reason=array_check action=maybe_recompile pc=0x0000000003b127cc method=com.sun.javafx.css.SimpleSelector.applies(Ljavafx/css/Styleable;[Ljava/util/Set;I)Z @ 37
Event: 47.817 Thread 0x000000001fb12800 Uncommon trap: reason=unstable_if action=reinterpret pc=0x000000000335dc4c method=com.mysql.jdbc.util.ReadAheadInputStream.readFromUnderlyingStreamIfNecessary([BII)I @ 203
Event: 73.313 Thread 0x000000001fb12800 Uncommon trap: reason=unstable_if action=reinterpret pc=0x00000000032c2358 method=com.mysql.jdbc.util.ReadAheadInputStream.readFromUnderlyingStreamIfNecessary([BII)I @ 203

Internal exceptions (10 events):
Event: 5.546 Thread 0x000000001fb12800 Exception <a 'java/lang/ArrayIndexOutOfBoundsException'> (0x000000076c577028) thrown at [C:\re\workspace\8-2-build-windows-amd64-cygwin\jdk8u131\8869\hotspot\src\share\vm\runtime\sharedRuntime.cpp, line 605]
Event: 5.547 Thread 0x000000001fb12800 Exception <a 'java/lang/ArrayIndexOutOfBoundsException'> (0x000000076c579978) thrown at [C:\re\workspace\8-2-build-windows-amd64-cygwin\jdk8u131\8869\hotspot\src\share\vm\runtime\sharedRuntime.cpp, line 605]
Event: 5.549 Thread 0x000000001fb12800 Exception <a 'java/lang/ArrayIndexOutOfBoundsException'> (0x000000076c599e40) thrown at [C:\re\workspace\8-2-build-windows-amd64-cygwin\jdk8u131\8869\hotspot\src\share\vm\runtime\sharedRuntime.cpp, line 605]
Event: 6.195 Thread 0x000000001fb12800 Exception <a 'java/io/FileNotFoundException'> (0x000000076c99d738) thrown at [C:\re\workspace\8-2-build-windows-amd64-cygwin\jdk8u131\8869\hotspot\src\share\vm\prims\jni.cpp, line 709]
Event: 6.266 Thread 0x000000001fb12800 Exception <a 'java/lang/NullPointerException'> (0x000000076cd5c820) thrown at [C:\re\workspace\8-2-build-windows-amd64-cygwin\jdk8u131\8869\hotspot\src\share\vm\interpreter\linkResolver.cpp, line 1197]
Event: 6.316 Thread 0x000000001fb12800 Exception <a 'java/lang/NullPointerException'> (0x000000076d1068e0) thrown at [C:\re\workspace\8-2-build-windows-amd64-cygwin\jdk8u131\8869\hotspot\src\share\vm\prims\jvm.cpp, line 1394]
Event: 11.208 Thread 0x000000001fb12800 Exception <a 'java/lang/reflect/InvocationTargetException'> (0x0000000771ed8310) thrown at [C:\re\workspace\8-2-build-windows-amd64-cygwin\jdk8u131\8869\hotspot\src\share\vm\runtime\reflection.cpp, line 1092]
Event: 11.208 Thread 0x000000001fb12800 Exception <a 'java/lang/RuntimeException'> (0x0000000771ed8b00) thrown at [C:\re\workspace\8-2-build-windows-amd64-cygwin\jdk8u131\8869\hotspot\src\share\vm\prims\jvm.cpp, line 1394]
Event: 51.799 Thread 0x000000001fb12800 Exception <a 'java/lang/OutOfMemoryError'> (0x00000006c7328210) thrown at [C:\re\workspace\8-2-build-windows-amd64-cygwin\jdk8u131\8869\hotspot\src\share\vm\gc_interface/collectedHeap.inline.hpp, line 159]
Event: 51.799 Thread 0x000000001fb12800 Exception <a 'java/lang/reflect/InvocationTargetException'> (0x000000077227fa70) thrown at [C:\re\workspace\8-2-build-windows-amd64-cygwin\jdk8u131\8869\hotspot\src\share\vm\runtime\reflection.cpp, line 1092]

Events (10 events):
Event: 69.898 loading class com/sun/openpisces/TransformingPathConsumer2D$FilterSet done
Event: 70.830 loading class javafx/scene/input/MouseEvent$1
Event: 70.830 loading class javafx/scene/input/MouseEvent$1 done
Event: 71.764 Thread 0x000000001fb12800 DEOPT PACKING pc=0x00000000039fbed5 sp=0x0000000020bfb840
Event: 71.764 Thread 0x000000001fb12800 DEOPT UNPACKING pc=0x00000000031e787f sp=0x0000000020bfb5b8 mode 0
Event: 73.313 Thread 0x000000001fb12800 Uncommon trap: trap_request=0xffffff65 fr.pc=0x00000000032c2358
Event: 73.313 Executing VM operation: RevokeBias
Event: 73.313 Executing VM operation: RevokeBias done
Event: 73.313 Thread 0x000000001fb12800 DEOPT PACKING pc=0x00000000032c2358 sp=0x0000000020bf98e0
Event: 73.313 Thread 0x000000001fb12800 DEOPT UNPACKING pc=0x00000000031e582a sp=0x0000000020bf9820 mode 2


Dynamic libraries:
0x00007ff694fe0000 - 0x00007ff695017000 	C:\Program Files\Java\jdk1.8.0_131\bin\java.exe
0x00007ff8590f0000 - 0x00007ff8592c2000 	C:\WINDOWS\SYSTEM32\ntdll.dll
0x00007ff856f30000 - 0x00007ff856fdc000 	C:\WINDOWS\System32\KERNEL32.DLL
0x00007ff856410000 - 0x00007ff85662d000 	C:\WINDOWS\System32\KERNELBASE.dll
0x00007ff857150000 - 0x00007ff8571f2000 	C:\WINDOWS\System32\ADVAPI32.dll
0x00007ff8575a0000 - 0x00007ff85763e000 	C:\WINDOWS\System32\msvcrt.dll
0x00007ff8572c0000 - 0x00007ff857319000 	C:\WINDOWS\System32\sechost.dll
0x00007ff856680000 - 0x00007ff8567a1000 	C:\WINDOWS\System32\RPCRT4.dll
0x00007ff858c20000 - 0x00007ff858d85000 	C:\WINDOWS\System32\USER32.dll
0x00007ff8563f0000 - 0x00007ff85640e000 	C:\WINDOWS\System32\win32u.dll
0x00007ff8574c0000 - 0x00007ff8574f4000 	C:\WINDOWS\System32\GDI32.dll
0x00007ff8555f0000 - 0x00007ff855770000 	C:\WINDOWS\System32\gdi32full.dll
0x00007ff843890000 - 0x00007ff843b0a000 	C:\WINDOWS\WinSxS\amd64_microsoft.windows.common-controls_6595b64144ccf1df_6.0.14393.953_none_42151e83c686086b\COMCTL32.dll
0x00007ff858d90000 - 0x00007ff859058000 	C:\WINDOWS\System32\combase.dll
0x00007ff8562f0000 - 0x00007ff8563e5000 	C:\WINDOWS\System32\ucrtbase.dll
0x00007ff856280000 - 0x00007ff8562ea000 	C:\WINDOWS\System32\bcryptPrimitives.dll
0x00007ff857120000 - 0x00007ff85714e000 	C:\WINDOWS\System32\IMM32.DLL
0x000000006da00000 - 0x000000006dad2000 	C:\Program Files\Java\jdk1.8.0_131\jre\bin\msvcr100.dll
0x000000006c5c0000 - 0x000000006ce5c000 	C:\Program Files\Java\jdk1.8.0_131\jre\bin\server\jvm.dll
0x00007ff856f20000 - 0x00007ff856f28000 	C:\WINDOWS\System32\PSAPI.DLL
0x00007ff850ed0000 - 0x00007ff850eda000 	C:\WINDOWS\SYSTEM32\VERSION.dll
0x00007ff852730000 - 0x00007ff852753000 	C:\WINDOWS\SYSTEM32\WINMM.dll
0x00007ff84c090000 - 0x00007ff84c099000 	C:\WINDOWS\SYSTEM32\WSOCK32.dll
0x00007ff859060000 - 0x00007ff8590ca000 	C:\WINDOWS\System32\WS2_32.dll
0x00007ff852700000 - 0x00007ff85272b000 	C:\WINDOWS\SYSTEM32\WINMMBASE.dll
0x00007ff856630000 - 0x00007ff856672000 	C:\WINDOWS\System32\cfgmgr32.dll
0x000000006d9f0000 - 0x000000006d9ff000 	C:\Program Files\Java\jdk1.8.0_131\jre\bin\verify.dll
0x000000006d9c0000 - 0x000000006d9e9000 	C:\Program Files\Java\jdk1.8.0_131\jre\bin\java.dll
0x000000006d970000 - 0x000000006d993000 	C:\Program Files\Java\jdk1.8.0_131\jre\bin\instrument.dll
0x000000006d9a0000 - 0x000000006d9b6000 	C:\Program Files\Java\jdk1.8.0_131\jre\bin\zip.dll
0x00007ff8576b0000 - 0x00007ff858bb8000 	C:\WINDOWS\System32\SHELL32.dll
0x00007ff8557d0000 - 0x00007ff855eaa000 	C:\WINDOWS\System32\windows.storage.dll
0x00007ff8555a0000 - 0x00007ff8555ec000 	C:\WINDOWS\System32\powrprof.dll
0x00007ff857640000 - 0x00007ff857692000 	C:\WINDOWS\System32\shlwapi.dll
0x00007ff855580000 - 0x00007ff85558f000 	C:\WINDOWS\System32\kernel.appcore.dll
0x00007ff8561d0000 - 0x00007ff856279000 	C:\WINDOWS\System32\shcore.dll
0x00007ff855560000 - 0x00007ff855574000 	C:\WINDOWS\System32\profapi.dll
0x00007ff852ea0000 - 0x00007ff852eba000 	C:\Program Files\JetBrains\IntelliJ IDEA 2017.1.3\bin\breakgen64.dll
0x000000006d950000 - 0x000000006d96a000 	C:\Program Files\Java\jdk1.8.0_131\jre\bin\net.dll
0x00007ff854e90000 - 0x00007ff854eec000 	C:\WINDOWS\system32\mswsock.dll
0x00007ff82f8f0000 - 0x00007ff82f9df000 	C:\Program Files\Java\jdk1.8.0_131\jre\bin\msvcr120.dll
0x00007ff82f5c0000 - 0x00007ff82f666000 	C:\Program Files\Java\jdk1.8.0_131\jre\bin\msvcp120.dll
0x000000006d920000 - 0x000000006d942000 	C:\Program Files\Java\jdk1.8.0_131\jre\bin\prism_d3d.dll
0x00007ff839c00000 - 0x00007ff839d8d000 	C:\WINDOWS\system32\d3d9.dll
0x00007ff8525d0000 - 0x00007ff8525f6000 	C:\WINDOWS\SYSTEM32\dwmapi.dll
0x00007ff853af0000 - 0x00007ff853b85000 	C:\WINDOWS\system32\uxtheme.dll
0x00007ff850ef0000 - 0x00007ff851086000 	C:\WINDOWS\System32\DriverStore\FileRepository\c0313676.inf_amd64_96bbc33bec5c7fae\aticfx64.dll
0x00007ff83fcb0000 - 0x00007ff83fce2000 	C:\WINDOWS\System32\DriverStore\FileRepository\c0313676.inf_amd64_96bbc33bec5c7fae\atiu9p64.dll
0x00007ff826960000 - 0x00007ff827296000 	C:\WINDOWS\System32\DriverStore\FileRepository\c0313676.inf_amd64_96bbc33bec5c7fae\atiumd64.dll
0x00007ff856fe0000 - 0x00007ff857118000 	C:\WINDOWS\System32\ole32.dll
0x000000006dbd0000 - 0x000000006e9f7000 	C:\WINDOWS\System32\DriverStore\FileRepository\c0313676.inf_amd64_96bbc33bec5c7fae\atiumd6a.dll
0x000000006d8d0000 - 0x000000006d913000 	C:\Program Files\Java\jdk1.8.0_131\jre\bin\glass.dll
0x00007ff856c50000 - 0x00007ff856d4a000 	C:\WINDOWS\System32\COMDLG32.dll
0x00007ff857200000 - 0x00007ff8572bf000 	C:\WINDOWS\System32\OLEAUT32.dll
0x00007ff856080000 - 0x00007ff85611c000 	C:\WINDOWS\System32\msvcp_win.dll
0x00007ff856dc0000 - 0x00007ff856f1a000 	C:\WINDOWS\System32\MSCTF.dll
0x00007ff83f0d0000 - 0x00007ff83f0fc000 	C:\PROGRA~2\RAPTRI~1\Raptr\ltc_help64-119906.dll
0x00007ff855770000 - 0x00007ff8557c5000 	C:\WINDOWS\System32\WINTRUST.dll
0x00007ff855590000 - 0x00007ff8555a0000 	C:\WINDOWS\System32\MSASN1.dll
0x00007ff855eb0000 - 0x00007ff856079000 	C:\WINDOWS\System32\CRYPT32.dll
0x000000006d890000 - 0x000000006d8a4000 	C:\Program Files\Java\jdk1.8.0_131\jre\bin\javafx_font.dll
0x00007ff84c5c0000 - 0x00007ff84c829000 	C:\WINDOWS\SYSTEM32\dwrite.dll
0x00007ff857500000 - 0x00007ff85759f000 	C:\WINDOWS\System32\clbcatq.dll
0x00007ff851ec0000 - 0x00007ff852068000 	C:\WINDOWS\SYSTEM32\WindowsCodecs.dll
0x00007ff833bc0000 - 0x00007ff833c09000 	C:\WINDOWS\system32\dataexchange.dll
0x00007ff8510f0000 - 0x00007ff8513a6000 	C:\WINDOWS\system32\d3d11.dll
0x00007ff853380000 - 0x00007ff8534d1000 	C:\WINDOWS\system32\dcomp.dll
0x00007ff854330000 - 0x00007ff8543cf000 	C:\WINDOWS\system32\dxgi.dll
0x00007ff853e20000 - 0x00007ff853f3c000 	C:\WINDOWS\system32\twinapi.appcore.dll
0x00007ff855140000 - 0x00007ff85516b000 	C:\WINDOWS\system32\bcrypt.dll
0x00007ff851880000 - 0x00007ff8518b2000 	C:\Program Files\Common Files\Microsoft Shared\Ink\rtscom.dll
0x00007ff850710000 - 0x00007ff850c6f000 	C:\WINDOWS\SYSTEM32\d2d1.dll
0x00007ff82c950000 - 0x00007ff82cbdd000 	C:\WINDOWS\SYSTEM32\D3D10Warp.dll
0x000000006d870000 - 0x000000006d881000 	C:\Program Files\Java\jdk1.8.0_131\jre\bin\prism_common.dll
0x00007ff854c50000 - 0x00007ff854cf1000 	C:\WINDOWS\SYSTEM32\DNSAPI.dll
0x00007ff8576a0000 - 0x00007ff8576a8000 	C:\WINDOWS\System32\NSI.dll
0x00007ff854c10000 - 0x00007ff854c48000 	C:\WINDOWS\SYSTEM32\IPHLPAPI.DLL
0x00007ff84cda0000 - 0x00007ff84cdaa000 	C:\Windows\System32\rasadhlp.dll
0x00007ff8503b0000 - 0x00007ff85041a000 	C:\WINDOWS\System32\fwpuclnt.dll
0x00007ff855030000 - 0x00007ff855047000 	C:\WINDOWS\System32\CRYPTSP.dll
0x00007ff854a90000 - 0x00007ff854ac3000 	C:\WINDOWS\system32\rsaenh.dll
0x00007ff855050000 - 0x00007ff85505b000 	C:\WINDOWS\SYSTEM32\CRYPTBASE.dll
0x00007ff8590d0000 - 0x00007ff8590ec000 	C:\WINDOWS\System32\imagehlp.dll
0x00007ff8542a0000 - 0x00007ff8542c3000 	C:\WINDOWS\SYSTEM32\gpapi.dll
0x00007ff846f20000 - 0x00007ff846f4f000 	C:\Windows\System32\cryptnet.dll
0x00007ff8502b0000 - 0x00007ff8502bb000 	C:\WINDOWS\SYSTEM32\WINNSI.DLL
0x00007ff812e70000 - 0x00007ff8130b4000 	C:\PROGRA~2\RAPTRI~1\Raptr\ltc_game64-119906.dll
0x000000006d840000 - 0x000000006d863000 	C:\Program Files\Java\jdk1.8.0_131\jre\bin\javafx_iio.dll

VM Arguments:
jvm_args: -javaagent:C:\Program Files\JetBrains\IntelliJ IDEA 2017.1.3\lib\idea_rt.jar=62435:C:\Program Files\JetBrains\IntelliJ IDEA 2017.1.3\bin -Dfile.encoding=UTF-8 
java_command: main.java.controllers.Main
java_class_path (initial): C:\Program Files\Java\jdk1.8.0_131\jre\lib\charsets.jar;C:\Program Files\Java\jdk1.8.0_131\jre\lib\deploy.jar;C:\Program Files\Java\jdk1.8.0_131\jre\lib\ext\access-bridge-64.jar;C:\Program Files\Java\jdk1.8.0_131\jre\lib\ext\cldrdata.jar;C:\Program Files\Java\jdk1.8.0_131\jre\lib\ext\dnsns.jar;C:\Program Files\Java\jdk1.8.0_131\jre\lib\ext\jaccess.jar;C:\Program Files\Java\jdk1.8.0_131\jre\lib\ext\jfxrt.jar;C:\Program Files\Java\jdk1.8.0_131\jre\lib\ext\localedata.jar;C:\Program Files\Java\jdk1.8.0_131\jre\lib\ext\nashorn.jar;C:\Program Files\Java\jdk1.8.0_131\jre\lib\ext\sunec.jar;C:\Program Files\Java\jdk1.8.0_131\jre\lib\ext\sunjce_provider.jar;C:\Program Files\Java\jdk1.8.0_131\jre\lib\ext\sunmscapi.jar;C:\Program Files\Java\jdk1.8.0_131\jre\lib\ext\sunpkcs11.jar;C:\Program Files\Java\jdk1.8.0_131\jre\lib\ext\zipfs.jar;C:\Program Files\Java\jdk1.8.0_131\jre\lib\javaws.jar;C:\Program Files\Java\jdk1.8.0_131\jre\lib\jce.jar;C:\Program Files\Java\jdk1.8.0_131\jre\lib\jfr.jar;C:\Program Files\Java\jdk1.8.0_131\jre\lib\jfxswt.jar;C:\Program Files\Java\jdk1.8.0_131\jre\lib\jsse.jar;C:\Program Files\Java\jdk1.8.0_131\jre\lib\management-agent.jar;C:\Program Files\Java\jdk1.8.0_131\jre\lib\plugin.jar;C:\Program Files\Java\jdk1.8.0_131\jre\lib\resources.jar;C:\Program Files\Java\jdk1.8.0_131\jre\lib\rt.jar;C:\Users\Santi\IdeaProjects\payroll-manager\out\production\employee-database;C:\Users\Santi\Desktop\mysql-connector-java-5.1.42-bin.jar;C:\Users\Santi\Documents\Java Libraries\Apache\commons\text\commons-text-1.1\commons-text-1.1.jar;C:\Users\Santi\Documents\Java Libraries\Apache\commons\lang\commons-lang3-3.6.jar;C:\Users\Santi\Documents\Java Libraries\Apache\commons\collections\commons-collections4-4.1.jar;C:\Program Files\JetBrains\IntelliJ IDEA 2017.1.3\lib\idea_rt.jar
Launcher Type: SUN_STANDARD

Environment Variables:
PATH=C:\Program Files (x86)\NVIDIA Corporation\PhysX\Common;C:\ProgramData\Oracle\Java\javapath;C:\WINDOWS\system32;C:\WINDOWS;C:\WINDOWS\System32\Wbem;C:\WINDOWS\System32\WindowsPowerShell\v1.0\;C:\Program Files (x86)\Windows Live\Shared;C:\Program Files (x86)\Skype\Phone\;C:\Program Files\MiKTeX 2.9\miktex\bin\x64\;C:\Program Files\Git\cmd;C:\cygwin64\bin;C:\Program Files (x86)\Windows Kits\10\Windows Performance Toolkit\;C:\Program Files\MySQL\MySQL Utilities 1.6\;C:\Users\Santi\AppData\Local\Programs\Python\Python36-32\Scripts\;C:\Users\Santi\AppData\Local\Programs\Python\Python36-32\;C:\Users\Santi\AppData\Local\Microsoft\WindowsApps;
USERNAME=Santi
OS=Windows_NT
PROCESSOR_IDENTIFIER=Intel64 Family 6 Model 60 Stepping 3, GenuineIntel



---------------  S Y S T E M  ---------------

OS: Windows 10.0 , 64 bit Build 14393 (10.0.14393.1198)

CPU:total 8 (initial active 8) (4 cores per cpu, 2 threads per core) family 6 model 60 stepping 3, cmov, cx8, fxsr, mmx, sse, sse2, sse3, ssse3, sse4.1, sse4.2, popcnt, avx, avx2, aes, clmul, erms, lzcnt, ht, tsc, tscinvbit, bmi1, bmi2

Memory: 4k page, physical 16717616k(5431476k free), swap 52441692k(3740k free)

vm_info: Java HotSpot(TM) 64-Bit Server VM (25.131-b11) for windows-amd64 JRE (1.8.0_131-b11), built on Mar 15 2017 01:23:53 by "java_re" with MS VC++ 10.0 (VS2010)

time: Tue Aug 15 00:36:05 2017
elapsed time: 73 seconds (0d 0h 1m 13s)

