#
# There is insufficient memory for the Java Runtime Environment to continue.
# Native memory allocation (malloc) failed to allocate 32744 bytes for ChunkPool::allocate
# Possible reasons:
#   The system is out of physical RAM or swap space
#   In 32 bit mode, the process size limit was hit
# Possible solutions:
#   Reduce memory load on the system
#   Increase physical memory or swap space
#   Check if swap backing store is full
#   Use 64 bit Java on a 64 bit OS
#   Decrease Java heap size (-Xmx/-Xms)
#   Decrease number of Java threads
#   Decrease Java thread stack sizes (-Xss)
#   Set larger code cache with -XX:ReservedCodeCacheSize=
# This output file may be truncated or incomplete.
#
#  Out of Memory Error (allocation.cpp:273), pid=22464, tid=0x0000000000004068
#
# JRE version: Java(TM) SE Runtime Environment (8.0_131-b11) (build 1.8.0_131-b11)
# Java VM: Java HotSpot(TM) 64-Bit Server VM (25.131-b11 mixed mode windows-amd64 compressed oops)
# Failed to write core dump. Minidumps are not enabled by default on client versions of Windows
#

---------------  T H R E A D  ---------------

Current thread (0x000000001eb37000):  JavaThread "C2 CompilerThread2" daemon [_thread_in_native, id=16488, stack(0x000000001f530000,0x000000001f630000)]

Stack: [0x000000001f530000,0x000000001f630000]
[error occurred during error reporting (printing stack bounds), id 0xc0000005]

Native frames: (J=compiled Java code, j=interpreted, Vv=VM code, C=native code)


Current CompileTask:
C2:  18565 2894       4       com.sun.javafx.css.BitSet::retainAll (318 bytes)


---------------  P R O C E S S  ---------------

Java Threads: ( => current thread )
  0x000000001fcb9000 JavaThread "Abandoned connection cleanup thread" daemon [_thread_blocked, id=15408, stack(0x000000002b370000,0x000000002b470000)]
  0x000000001fbbb000 JavaThread "Prism Font Disposer" daemon [_thread_blocked, id=19812, stack(0x00000000257d0000,0x00000000258d0000)]
  0x000000001fae0800 JavaThread "Thread-3" daemon [_thread_in_native, id=1600, stack(0x0000000024000000,0x0000000024100000)]
  0x000000001face800 JavaThread "JavaFX-Launcher" [_thread_blocked, id=23008, stack(0x0000000024100000,0x0000000024200000)]
  0x000000001fa8a800 JavaThread "JavaFX Application Thread" [_thread_in_Java, id=2704, stack(0x0000000020a80000,0x0000000020b80000)]
  0x000000001fa8f000 JavaThread "Thread-1" daemon [_thread_blocked, id=18088, stack(0x0000000020980000,0x0000000020a80000)]
  0x000000001fa25000 JavaThread "QuantumRenderer-0" daemon [_thread_blocked, id=18924, stack(0x0000000020130000,0x0000000020230000)]
  0x000000001ebdf800 JavaThread "Service Thread" daemon [_thread_blocked, id=20432, stack(0x000000001f730000,0x000000001f830000)]
  0x000000001eb43000 JavaThread "C1 CompilerThread3" daemon [_thread_in_vm_trans, id=22416, stack(0x000000001f630000,0x000000001f730000)]
=>0x000000001eb37000 JavaThread "C2 CompilerThread2" daemon [_thread_in_native, id=16488, stack(0x000000001f530000,0x000000001f630000)]
  0x000000001eb34800 JavaThread "C2 CompilerThread1" daemon [_thread_in_native, id=1900, stack(0x000000001f430000,0x000000001f530000)]
  0x000000001eacb800 JavaThread "C2 CompilerThread0" daemon [_thread_in_native, id=16448, stack(0x000000001f330000,0x000000001f430000)]
  0x000000001eac8800 JavaThread "Monitor Ctrl-Break" daemon [_thread_in_native, id=20140, stack(0x000000001f230000,0x000000001f330000)]
  0x000000001ea75800 JavaThread "Attach Listener" daemon [_thread_blocked, id=10220, stack(0x000000001f130000,0x000000001f230000)]
  0x000000001ea74800 JavaThread "Signal Dispatcher" daemon [_thread_blocked, id=18076, stack(0x000000001f030000,0x000000001f130000)]
  0x000000001ea60800 JavaThread "Finalizer" daemon [_thread_blocked, id=22048, stack(0x000000001ee40000,0x000000001ef40000)]
  0x0000000003079000 JavaThread "Reference Handler" daemon [_thread_blocked, id=5452, stack(0x000000001e940000,0x000000001ea40000)]
  0x0000000002cde000 JavaThread "main" [_thread_blocked, id=6956, stack(0x0000000002d20000,0x0000000002e20000)]

Other Threads:
  0x000000001cb69800 VMThread [stack: 0x000000001e840000,0x000000001e940000] [id=23356]
  0x000000001ec50800 WatcherThread [stack: 0x000000001f830000,0x000000001f930000] [id=21276]

VM state:not at safepoint (normal execution)

VM Mutex/Monitor currently owned by a thread: None

Heap:
 PSYoungGen      total 76288K, used 14265K [0x000000076af80000, 0x0000000770480000, 0x00000007c0000000)
  eden space 65536K, 21% used [0x000000076af80000,0x000000076bd6e670,0x000000076ef80000)
  from space 10752K, 0% used [0x000000076ef80000,0x000000076ef80000,0x000000076fa00000)
  to   space 10752K, 0% used [0x000000076fa00000,0x000000076fa00000,0x0000000770480000)
 ParOldGen       total 175104K, used 113404K [0x00000006c0e00000, 0x00000006cb900000, 0x000000076af80000)
  object space 175104K, 64% used [0x00000006c0e00000,0x00000006c7cbf2c0,0x00000006cb900000)
 Metaspace       used 22069K, capacity 23246K, committed 23552K, reserved 1069056K
  class space    used 3033K, capacity 3252K, committed 3328K, reserved 1048576K

Card table byte_map: [0x0000000012440000,0x0000000012c40000] byte_map_base: 0x000000000ee39000

Marking Bits: (ParMarkBitMap*) 0x000000006cddc720
 Begin Bits: [0x00000000139a0000, 0x0000000017968000)
 End Bits:   [0x0000000017968000, 0x000000001b930000)

Polling page: 0x00000000014e0000

CodeCache: size=245760Kb used=8742Kb max_used=8743Kb free=237017Kb
 bounds [0x0000000003080000, 0x0000000003920000, 0x0000000012080000]
 total_blobs=3600 nmethods=2855 adapters=656
 compilation: enabled

Compilation events (10 events):
Event: 18.557 Thread 0x000000001eb34800 2882       4       javafx.scene.CssStyleHelper::handleNoStyleFound (88 bytes)
Event: 18.557 Thread 0x000000001eb37000 2885       4       com.sun.javafx.css.BitSet::equals (117 bytes)
Event: 18.557 Thread 0x000000001eb34800 nmethod 2882 0x00000000038ff950 code [0x00000000038ffa80, 0x00000000038ffb38]
Event: 18.558 Thread 0x000000001eb34800 2889       4       com.sun.javafx.css.PseudoClassState::size (5 bytes)
Event: 18.559 Thread 0x000000001eb34800 nmethod 2889 0x00000000038ffc10 code [0x00000000038ffd40, 0x00000000038ffe18]
Event: 18.559 Thread 0x000000001eb34800 2890       4       java.util.AbstractMap::<init> (5 bytes)
Event: 18.560 Thread 0x000000001eb34800 nmethod 2890 0x00000000038d43d0 code [0x00000000038d4500, 0x00000000038d4558]
Event: 18.560 Thread 0x000000001eb37000 nmethod 2885 0x00000000038fdf10 code [0x00000000038fe060, 0x00000000038fe238]
Event: 18.561 Thread 0x000000001eb34800 2893       4       com.sun.javafx.css.PseudoClassState::equals (6 bytes)
Event: 18.562 Thread 0x000000001eb37000 2894       4       com.sun.javafx.css.BitSet::retainAll (318 bytes)

GC Heap History (8 events):
Event: 5.732 GC heap before
{Heap before GC invocations=1 (full 0):
 PSYoungGen      total 76288K, used 62903K [0x000000076af80000, 0x0000000770480000, 0x00000007c0000000)
  eden space 65536K, 95% used [0x000000076af80000,0x000000076ecedf38,0x000000076ef80000)
  from space 10752K, 0% used [0x000000076fa00000,0x000000076fa00000,0x0000000770480000)
  to   space 10752K, 0% used [0x000000076ef80000,0x000000076ef80000,0x000000076fa00000)
 ParOldGen       total 175104K, used 0K [0x00000006c0e00000, 0x00000006cb900000, 0x000000076af80000)
  object space 175104K, 0% used [0x00000006c0e00000,0x00000006c0e00000,0x00000006cb900000)
 Metaspace       used 19395K, capacity 20134K, committed 20352K, reserved 1067008K
  class space    used 2666K, capacity 2876K, committed 2944K, reserved 1048576K
Event: 5.738 GC heap after
Heap after GC invocations=1 (full 0):
 PSYoungGen      total 76288K, used 10736K [0x000000076af80000, 0x0000000770480000, 0x00000007c0000000)
  eden space 65536K, 0% used [0x000000076af80000,0x000000076af80000,0x000000076ef80000)
  from space 10752K, 99% used [0x000000076ef80000,0x000000076f9fc0c0,0x000000076fa00000)
  to   space 10752K, 0% used [0x000000076fa00000,0x000000076fa00000,0x0000000770480000)
 ParOldGen       total 175104K, used 1819K [0x00000006c0e00000, 0x00000006cb900000, 0x000000076af80000)
  object space 175104K, 1% used [0x00000006c0e00000,0x00000006c0fc6fd0,0x00000006cb900000)
 Metaspace       used 19395K, capacity 20134K, committed 20352K, reserved 1067008K
  class space    used 2666K, capacity 2876K, committed 2944K, reserved 1048576K
}
Event: 6.007 GC heap before
{Heap before GC invocations=2 (full 0):
 PSYoungGen      total 76288K, used 74576K [0x000000076af80000, 0x0000000770480000, 0x00000007c0000000)
  eden space 65536K, 97% used [0x000000076af80000,0x000000076edd7fe8,0x000000076ef80000)
  from space 10752K, 99% used [0x000000076ef80000,0x000000076f9fc0c0,0x000000076fa00000)
  to   space 10752K, 0% used [0x000000076fa00000,0x000000076fa00000,0x0000000770480000)
 ParOldGen       total 175104K, used 1819K [0x00000006c0e00000, 0x00000006cb900000, 0x000000076af80000)
  object space 175104K, 1% used [0x00000006c0e00000,0x00000006c0fc6fd0,0x00000006cb900000)
 Metaspace       used 20195K, capacity 20912K, committed 21248K, reserved 1067008K
  class space    used 2777K, capacity 2967K, committed 3072K, reserved 1048576K
Event: 6.021 GC heap after
Heap after GC invocations=2 (full 0):
 PSYoungGen      total 76288K, used 10726K [0x000000076af80000, 0x0000000770480000, 0x00000007c0000000)
  eden space 65536K, 0% used [0x000000076af80000,0x000000076af80000,0x000000076ef80000)
  from space 10752K, 99% used [0x000000076fa00000,0x00000007704798d0,0x0000000770480000)
  to   space 10752K, 0% used [0x000000076ef80000,0x000000076ef80000,0x000000076fa00000)
 ParOldGen       total 175104K, used 55621K [0x00000006c0e00000, 0x00000006cb900000, 0x000000076af80000)
  object space 175104K, 31% used [0x00000006c0e00000,0x00000006c4451598,0x00000006cb900000)
 Metaspace       used 20195K, capacity 20912K, committed 21248K, reserved 1067008K
  class space    used 2777K, capacity 2967K, committed 3072K, reserved 1048576K
}
Event: 6.291 GC heap before
{Heap before GC invocations=3 (full 0):
 PSYoungGen      total 76288K, used 61762K [0x000000076af80000, 0x0000000770480000, 0x00000007c0000000)
  eden space 65536K, 77% used [0x000000076af80000,0x000000076e157300,0x000000076ef80000)
  from space 10752K, 99% used [0x000000076fa00000,0x00000007704798d0,0x0000000770480000)
  to   space 10752K, 0% used [0x000000076ef80000,0x000000076ef80000,0x000000076fa00000)
 ParOldGen       total 175104K, used 55621K [0x00000006c0e00000, 0x00000006cb900000, 0x000000076af80000)
  object space 175104K, 31% used [0x00000006c0e00000,0x00000006c4451598,0x00000006cb900000)
 Metaspace       used 20394K, capacity 21160K, committed 21248K, reserved 1067008K
  class space    used 2796K, capacity 3001K, committed 3072K, reserved 1048576K
Event: 6.304 GC heap after
Heap after GC invocations=3 (full 0):
 PSYoungGen      total 76288K, used 10744K [0x000000076af80000, 0x0000000770480000, 0x00000007c0000000)
  eden space 65536K, 0% used [0x000000076af80000,0x000000076af80000,0x000000076ef80000)
  from space 10752K, 99% used [0x000000076ef80000,0x000000076f9fe130,0x000000076fa00000)
  to   space 10752K, 0% used [0x000000076fa00000,0x000000076fa00000,0x0000000770480000)
 ParOldGen       total 175104K, used 103842K [0x00000006c0e00000, 0x00000006cb900000, 0x000000076af80000)
  object space 175104K, 59% used [0x00000006c0e00000,0x00000006c7368988,0x00000006cb900000)
 Metaspace       used 20394K, capacity 21160K, committed 21248K, reserved 1067008K
  class space    used 2796K, capacity 3001K, committed 3072K, reserved 1048576K
}
Event: 6.304 GC heap before
{Heap before GC invocations=4 (full 1):
 PSYoungGen      total 76288K, used 10744K [0x000000076af80000, 0x0000000770480000, 0x00000007c0000000)
  eden space 65536K, 0% used [0x000000076af80000,0x000000076af80000,0x000000076ef80000)
  from space 10752K, 99% used [0x000000076ef80000,0x000000076f9fe130,0x000000076fa00000)
  to   space 10752K, 0% used [0x000000076fa00000,0x000000076fa00000,0x0000000770480000)
 ParOldGen       total 175104K, used 103842K [0x00000006c0e00000, 0x00000006cb900000, 0x000000076af80000)
  object space 175104K, 59% used [0x00000006c0e00000,0x00000006c7368988,0x00000006cb900000)
 Metaspace       used 20394K, capacity 21160K, committed 21248K, reserved 1067008K
  class space    used 2796K, capacity 3001K, committed 3072K, reserved 1048576K
Event: 6.343 GC heap after
Heap after GC invocations=4 (full 1):
 PSYoungGen      total 76288K, used 0K [0x000000076af80000, 0x0000000770480000, 0x00000007c0000000)
  eden space 65536K, 0% used [0x000000076af80000,0x000000076af80000,0x000000076ef80000)
  from space 10752K, 0% used [0x000000076ef80000,0x000000076ef80000,0x000000076fa00000)
  to   space 10752K, 0% used [0x000000076fa00000,0x000000076fa00000,0x0000000770480000)
 ParOldGen       total 175104K, used 113404K [0x00000006c0e00000, 0x00000006cb900000, 0x000000076af80000)
  object space 175104K, 64% used [0x00000006c0e00000,0x00000006c7cbf2c0,0x00000006cb900000)
 Metaspace       used 20394K, capacity 21160K, committed 21248K, reserved 1067008K
  class space    used 2796K, capacity 3001K, committed 3072K, reserved 1048576K
}

Deoptimization events (10 events):
Event: 5.799 Thread 0x000000001fa8a800 Uncommon trap: reason=unstable_if action=reinterpret pc=0x000000000359ee04 method=com.sun.javafx.image.impl.BaseByteToByteConverter$FourByteReorderer.doConvert([BII[BIIII)V @ 31
Event: 5.800 Thread 0x000000001fa8a800 Uncommon trap: reason=unstable_if action=reinterpret pc=0x0000000003353c6c method=java.lang.ref.SoftReference.get()Ljava/lang/Object; @ 17
Event: 6.081 Thread 0x000000001fa8a800 Uncommon trap: reason=unstable_if action=reinterpret pc=0x0000000003653594 method=com.sun.javafx.iio.png.PNGIDATChunkInputStream.read([BII)I @ 4
Event: 6.346 Thread 0x000000001fa8a800 Uncommon trap: reason=class_check action=maybe_recompile pc=0x00000000035238bc method=java.util.HashMap.putVal(ILjava/lang/Object;Ljava/lang/Object;ZZ)Ljava/lang/Object; @ 203
Event: 6.360 Thread 0x000000001fa8a800 Uncommon trap: reason=unstable_if action=reinterpret pc=0x000000000362784c method=com.sun.javafx.iio.png.PNGImageLoader2.copy([B[BIII)V @ 10
Event: 6.433 Thread 0x000000001fa8a800 Uncommon trap: reason=unstable_if action=reinterpret pc=0x0000000003780f14 method=com.sun.javafx.css.BitSet.add(Ljava/lang/Object;)Z @ 91
Event: 6.467 Thread 0x000000001fa8a800 Uncommon trap: reason=array_check action=maybe_recompile pc=0x00000000037f52d8 method=com.sun.javafx.css.SimpleSelector.applies(Ljavafx/css/Styleable;[Ljava/util/Set;I)Z @ 37
Event: 6.467 Thread 0x000000001fa8a800 Uncommon trap: reason=array_check action=maybe_recompile pc=0x00000000037f52d8 method=com.sun.javafx.css.SimpleSelector.applies(Ljavafx/css/Styleable;[Ljava/util/Set;I)Z @ 37
Event: 6.467 Thread 0x000000001fa8a800 Uncommon trap: reason=array_check action=maybe_recompile pc=0x00000000037f52d8 method=com.sun.javafx.css.SimpleSelector.applies(Ljavafx/css/Styleable;[Ljava/util/Set;I)Z @ 37
Event: 6.467 Thread 0x000000001fa8a800 Uncommon trap: reason=array_check action=maybe_recompile pc=0x00000000037f52d8 method=com.sun.javafx.css.SimpleSelector.applies(Ljavafx/css/Styleable;[Ljava/util/Set;I)Z @ 37

Internal exceptions (10 events):
Event: 0.391 Thread 0x000000001fa8a800 Exception <a 'java/lang/ArrayIndexOutOfBoundsException'> (0x000000076c862868) thrown at [C:\re\workspace\8-2-build-windows-amd64-cygwin\jdk8u131\8869\hotspot\src\share\vm\runtime\sharedRuntime.cpp, line 605]
Event: 0.391 Thread 0x000000001fa8a800 Exception <a 'java/lang/ArrayIndexOutOfBoundsException'> (0x000000076c864710) thrown at [C:\re\workspace\8-2-build-windows-amd64-cygwin\jdk8u131\8869\hotspot\src\share\vm\runtime\sharedRuntime.cpp, line 605]
Event: 3.267 Thread 0x000000001fa8a800 Implicit null exception at 0x00000000032ef796 to 0x00000000032efb45
Event: 5.722 Thread 0x000000001fa8a800 Exception <a 'java/lang/ArrayIndexOutOfBoundsException'> (0x000000076ebd2758) thrown at [C:\re\workspace\8-2-build-windows-amd64-cygwin\jdk8u131\8869\hotspot\src\share\vm\runtime\sharedRuntime.cpp, line 605]
Event: 5.819 Thread 0x000000001fa8a800 Exception <a 'java/lang/ArrayIndexOutOfBoundsException'> (0x000000076c576078) thrown at [C:\re\workspace\8-2-build-windows-amd64-cygwin\jdk8u131\8869\hotspot\src\share\vm\runtime\sharedRuntime.cpp, line 605]
Event: 5.820 Thread 0x000000001fa8a800 Exception <a 'java/lang/ArrayIndexOutOfBoundsException'> (0x000000076c577078) thrown at [C:\re\workspace\8-2-build-windows-amd64-cygwin\jdk8u131\8869\hotspot\src\share\vm\runtime\sharedRuntime.cpp, line 605]
Event: 5.820 Thread 0x000000001fa8a800 Exception <a 'java/lang/ArrayIndexOutOfBoundsException'> (0x000000076c5799c8) thrown at [C:\re\workspace\8-2-build-windows-amd64-cygwin\jdk8u131\8869\hotspot\src\share\vm\runtime\sharedRuntime.cpp, line 605]
Event: 5.822 Thread 0x000000001fa8a800 Exception <a 'java/lang/ArrayIndexOutOfBoundsException'> (0x000000076c599e90) thrown at [C:\re\workspace\8-2-build-windows-amd64-cygwin\jdk8u131\8869\hotspot\src\share\vm\runtime\sharedRuntime.cpp, line 605]
Event: 6.290 Thread 0x000000001fa8a800 Exception <a 'java/io/FileNotFoundException'> (0x000000076ccdc118) thrown at [C:\re\workspace\8-2-build-windows-amd64-cygwin\jdk8u131\8869\hotspot\src\share\vm\prims\jni.cpp, line 709]
Event: 6.415 Thread 0x000000001fa8a800 Exception <a 'java/lang/NullPointerException'> (0x000000076b36d590) thrown at [C:\re\workspace\8-2-build-windows-amd64-cygwin\jdk8u131\8869\hotspot\src\share\vm\interpreter\linkResolver.cpp, line 1197]

Events (10 events):
Event: 18.541 loading class javafx/scene/control/SelectionMode
Event: 18.541 loading class javafx/scene/control/SelectionMode done
Event: 18.541 loading class com/sun/javafx/scene/control/ReadOnlyUnbackedObservableList$1
Event: 18.541 loading class com/sun/javafx/scene/control/ReadOnlyUnbackedObservableList$1 done
Event: 18.542 loading class com/sun/javafx/collections/MappingChange$1
Event: 18.542 loading class com/sun/javafx/collections/MappingChange$1 done
Event: 18.542 loading class com/sun/javafx/collections/MappingChange$2
Event: 18.542 loading class com/sun/javafx/collections/MappingChange$2 done
Event: 18.542 loading class com/sun/javafx/scene/control/ReadOnlyUnbackedObservableList$SelectionListIterator
Event: 18.542 loading class com/sun/javafx/scene/control/ReadOnlyUnbackedObservableList$SelectionListIterator done


Dynamic libraries:
0x00007ff694fe0000 - 0x00007ff695017000 	C:\Program Files\Java\jdk1.8.0_131\bin\java.exe
0x00007ff8590f0000 - 0x00007ff8592c2000 	C:\WINDOWS\SYSTEM32\ntdll.dll
0x00007ff856f30000 - 0x00007ff856fdc000 	C:\WINDOWS\System32\KERNEL32.DLL
0x00007ff856410000 - 0x00007ff85662d000 	C:\WINDOWS\System32\KERNELBASE.dll
0x00007ff857150000 - 0x00007ff8571f2000 	C:\WINDOWS\System32\ADVAPI32.dll
0x00007ff8575a0000 - 0x00007ff85763e000 	C:\WINDOWS\System32\msvcrt.dll
0x00007ff8572c0000 - 0x00007ff857319000 	C:\WINDOWS\System32\sechost.dll
0x00007ff856680000 - 0x00007ff8567a1000 	C:\WINDOWS\System32\RPCRT4.dll
0x00007ff858c20000 - 0x00007ff858d85000 	C:\WINDOWS\System32\USER32.dll
0x00007ff8563f0000 - 0x00007ff85640e000 	C:\WINDOWS\System32\win32u.dll
0x00007ff8574c0000 - 0x00007ff8574f4000 	C:\WINDOWS\System32\GDI32.dll
0x00007ff8555f0000 - 0x00007ff855770000 	C:\WINDOWS\System32\gdi32full.dll
0x00007ff843890000 - 0x00007ff843b0a000 	C:\WINDOWS\WinSxS\amd64_microsoft.windows.common-controls_6595b64144ccf1df_6.0.14393.953_none_42151e83c686086b\COMCTL32.dll
0x00007ff858d90000 - 0x00007ff859058000 	C:\WINDOWS\System32\combase.dll
0x00007ff8562f0000 - 0x00007ff8563e5000 	C:\WINDOWS\System32\ucrtbase.dll
0x00007ff856280000 - 0x00007ff8562ea000 	C:\WINDOWS\System32\bcryptPrimitives.dll
0x00007ff857120000 - 0x00007ff85714e000 	C:\WINDOWS\System32\IMM32.DLL
0x000000006da00000 - 0x000000006dad2000 	C:\Program Files\Java\jdk1.8.0_131\jre\bin\msvcr100.dll
0x000000006c5c0000 - 0x000000006ce5c000 	C:\Program Files\Java\jdk1.8.0_131\jre\bin\server\jvm.dll
0x00007ff856f20000 - 0x00007ff856f28000 	C:\WINDOWS\System32\PSAPI.DLL
0x00007ff84c090000 - 0x00007ff84c099000 	C:\WINDOWS\SYSTEM32\WSOCK32.dll
0x00007ff852730000 - 0x00007ff852753000 	C:\WINDOWS\SYSTEM32\WINMM.dll
0x00007ff850ed0000 - 0x00007ff850eda000 	C:\WINDOWS\SYSTEM32\VERSION.dll
0x00007ff859060000 - 0x00007ff8590ca000 	C:\WINDOWS\System32\WS2_32.dll
0x0000000001540000 - 0x000000000156b000 	C:\WINDOWS\SYSTEM32\WINMMBASE.dll
0x00007ff856630000 - 0x00007ff856672000 	C:\WINDOWS\System32\cfgmgr32.dll
0x000000006d9f0000 - 0x000000006d9ff000 	C:\Program Files\Java\jdk1.8.0_131\jre\bin\verify.dll
0x000000006d9c0000 - 0x000000006d9e9000 	C:\Program Files\Java\jdk1.8.0_131\jre\bin\java.dll
0x000000006d970000 - 0x000000006d993000 	C:\Program Files\Java\jdk1.8.0_131\jre\bin\instrument.dll
0x000000006d9a0000 - 0x000000006d9b6000 	C:\Program Files\Java\jdk1.8.0_131\jre\bin\zip.dll
0x00007ff8576b0000 - 0x00007ff858bb8000 	C:\WINDOWS\System32\SHELL32.dll
0x00007ff8557d0000 - 0x00007ff855eaa000 	C:\WINDOWS\System32\windows.storage.dll
0x00007ff8555a0000 - 0x00007ff8555ec000 	C:\WINDOWS\System32\powrprof.dll
0x00007ff857640000 - 0x00007ff857692000 	C:\WINDOWS\System32\shlwapi.dll
0x00007ff855580000 - 0x00007ff85558f000 	C:\WINDOWS\System32\kernel.appcore.dll
0x00007ff8561d0000 - 0x00007ff856279000 	C:\WINDOWS\System32\shcore.dll
0x00007ff855560000 - 0x00007ff855574000 	C:\WINDOWS\System32\profapi.dll
0x00007ff852ea0000 - 0x00007ff852eba000 	C:\Program Files\JetBrains\IntelliJ IDEA 2017.1.3\bin\breakgen64.dll
0x000000006d950000 - 0x000000006d96a000 	C:\Program Files\Java\jdk1.8.0_131\jre\bin\net.dll
0x00007ff854e90000 - 0x00007ff854eec000 	C:\WINDOWS\system32\mswsock.dll
0x00007ff82f8f0000 - 0x00007ff82f9df000 	C:\Program Files\Java\jdk1.8.0_131\jre\bin\msvcr120.dll
0x00007ff82f5c0000 - 0x00007ff82f666000 	C:\Program Files\Java\jdk1.8.0_131\jre\bin\msvcp120.dll
0x000000006d920000 - 0x000000006d942000 	C:\Program Files\Java\jdk1.8.0_131\jre\bin\prism_d3d.dll
0x00007ff839c00000 - 0x00007ff839d8d000 	C:\WINDOWS\system32\d3d9.dll
0x00007ff8525d0000 - 0x00007ff8525f6000 	C:\WINDOWS\SYSTEM32\dwmapi.dll
0x00007ff853af0000 - 0x00007ff853b85000 	C:\WINDOWS\system32\uxtheme.dll
0x00007ff850ef0000 - 0x00007ff851086000 	C:\WINDOWS\System32\DriverStore\FileRepository\c0313676.inf_amd64_96bbc33bec5c7fae\aticfx64.dll
0x00007ff83fcb0000 - 0x00007ff83fce2000 	C:\WINDOWS\System32\DriverStore\FileRepository\c0313676.inf_amd64_96bbc33bec5c7fae\atiu9p64.dll
0x00007ff826960000 - 0x00007ff827296000 	C:\WINDOWS\System32\DriverStore\FileRepository\c0313676.inf_amd64_96bbc33bec5c7fae\atiumd64.dll
0x00007ff856fe0000 - 0x00007ff857118000 	C:\WINDOWS\System32\ole32.dll
0x000000006dbd0000 - 0x000000006e9f7000 	C:\WINDOWS\System32\DriverStore\FileRepository\c0313676.inf_amd64_96bbc33bec5c7fae\atiumd6a.dll
0x000000006d8d0000 - 0x000000006d913000 	C:\Program Files\Java\jdk1.8.0_131\jre\bin\glass.dll
0x00007ff856c50000 - 0x00007ff856d4a000 	C:\WINDOWS\System32\COMDLG32.dll
0x00007ff857200000 - 0x00007ff8572bf000 	C:\WINDOWS\System32\OLEAUT32.dll
0x00007ff856080000 - 0x00007ff85611c000 	C:\WINDOWS\System32\msvcp_win.dll
0x00007ff856dc0000 - 0x00007ff856f1a000 	C:\WINDOWS\System32\MSCTF.dll
0x00007ff83f0d0000 - 0x00007ff83f0fc000 	C:\PROGRA~2\RAPTRI~1\Raptr\ltc_help64-119906.dll
0x00007ff855770000 - 0x00007ff8557c5000 	C:\WINDOWS\System32\WINTRUST.dll
0x00007ff855590000 - 0x00007ff8555a0000 	C:\WINDOWS\System32\MSASN1.dll
0x00007ff855eb0000 - 0x00007ff856079000 	C:\WINDOWS\System32\CRYPT32.dll
0x000000006d890000 - 0x000000006d8a4000 	C:\Program Files\Java\jdk1.8.0_131\jre\bin\javafx_font.dll
0x00007ff84c5c0000 - 0x00007ff84c829000 	C:\WINDOWS\SYSTEM32\dwrite.dll
0x00007ff857500000 - 0x00007ff85759f000 	C:\WINDOWS\System32\clbcatq.dll
0x00007ff851ec0000 - 0x00007ff852068000 	C:\WINDOWS\SYSTEM32\WindowsCodecs.dll
0x00007ff833bc0000 - 0x00007ff833c09000 	C:\WINDOWS\system32\dataexchange.dll
0x00007ff853380000 - 0x00007ff8534d1000 	C:\WINDOWS\system32\dcomp.dll
0x00007ff8510f0000 - 0x00007ff8513a6000 	C:\WINDOWS\system32\d3d11.dll
0x00007ff854330000 - 0x00007ff8543cf000 	C:\WINDOWS\system32\dxgi.dll
0x00007ff853e20000 - 0x00007ff853f3c000 	C:\WINDOWS\system32\twinapi.appcore.dll
0x00007ff855140000 - 0x00007ff85516b000 	C:\WINDOWS\system32\bcrypt.dll
0x00007ff851880000 - 0x00007ff8518b2000 	C:\Program Files\Common Files\Microsoft Shared\Ink\rtscom.dll
0x00007ff850710000 - 0x00007ff850c6f000 	C:\WINDOWS\SYSTEM32\d2d1.dll
0x00007ff82c950000 - 0x00007ff82cbdd000 	C:\WINDOWS\SYSTEM32\D3D10Warp.dll
0x000000006d870000 - 0x000000006d881000 	C:\Program Files\Java\jdk1.8.0_131\jre\bin\prism_common.dll
0x00007ff854c50000 - 0x00007ff854cf1000 	C:\WINDOWS\SYSTEM32\DNSAPI.dll
0x00007ff8576a0000 - 0x00007ff8576a8000 	C:\WINDOWS\System32\NSI.dll
0x00007ff854c10000 - 0x00007ff854c48000 	C:\WINDOWS\SYSTEM32\IPHLPAPI.DLL
0x00007ff84cda0000 - 0x00007ff84cdaa000 	C:\Windows\System32\rasadhlp.dll
0x00007ff8503b0000 - 0x00007ff85041a000 	C:\WINDOWS\System32\fwpuclnt.dll
0x00007ff855030000 - 0x00007ff855047000 	C:\WINDOWS\System32\CRYPTSP.dll
0x00007ff854a90000 - 0x00007ff854ac3000 	C:\WINDOWS\system32\rsaenh.dll
0x00007ff855050000 - 0x00007ff85505b000 	C:\WINDOWS\SYSTEM32\CRYPTBASE.dll
0x00007ff8590d0000 - 0x00007ff8590ec000 	C:\WINDOWS\System32\imagehlp.dll
0x00007ff8542a0000 - 0x00007ff8542c3000 	C:\WINDOWS\SYSTEM32\gpapi.dll
0x00007ff846f20000 - 0x00007ff846f4f000 	C:\Windows\System32\cryptnet.dll
0x00007ff8502b0000 - 0x00007ff8502bb000 	C:\WINDOWS\SYSTEM32\WINNSI.DLL
0x00007ff812e70000 - 0x00007ff8130b4000 	C:\PROGRA~2\RAPTRI~1\Raptr\ltc_game64-119906.dll
0x000000006d840000 - 0x000000006d863000 	C:\Program Files\Java\jdk1.8.0_131\jre\bin\javafx_iio.dll

VM Arguments:
jvm_args: -javaagent:C:\Program Files\JetBrains\IntelliJ IDEA 2017.1.3\lib\idea_rt.jar=61829:C:\Program Files\JetBrains\IntelliJ IDEA 2017.1.3\bin -Dfile.encoding=UTF-8 
java_command: main.java.Main
java_class_path (initial): C:\Program Files\Java\jdk1.8.0_131\jre\lib\charsets.jar;C:\Program Files\Java\jdk1.8.0_131\jre\lib\deploy.jar;C:\Program Files\Java\jdk1.8.0_131\jre\lib\ext\access-bridge-64.jar;C:\Program Files\Java\jdk1.8.0_131\jre\lib\ext\cldrdata.jar;C:\Program Files\Java\jdk1.8.0_131\jre\lib\ext\dnsns.jar;C:\Program Files\Java\jdk1.8.0_131\jre\lib\ext\jaccess.jar;C:\Program Files\Java\jdk1.8.0_131\jre\lib\ext\jfxrt.jar;C:\Program Files\Java\jdk1.8.0_131\jre\lib\ext\localedata.jar;C:\Program Files\Java\jdk1.8.0_131\jre\lib\ext\nashorn.jar;C:\Program Files\Java\jdk1.8.0_131\jre\lib\ext\sunec.jar;C:\Program Files\Java\jdk1.8.0_131\jre\lib\ext\sunjce_provider.jar;C:\Program Files\Java\jdk1.8.0_131\jre\lib\ext\sunmscapi.jar;C:\Program Files\Java\jdk1.8.0_131\jre\lib\ext\sunpkcs11.jar;C:\Program Files\Java\jdk1.8.0_131\jre\lib\ext\zipfs.jar;C:\Program Files\Java\jdk1.8.0_131\jre\lib\javaws.jar;C:\Program Files\Java\jdk1.8.0_131\jre\lib\jce.jar;C:\Program Files\Java\jdk1.8.0_131\jre\lib\jfr.jar;C:\Program Files\Java\jdk1.8.0_131\jre\lib\jfxswt.jar;C:\Program Files\Java\jdk1.8.0_131\jre\lib\jsse.jar;C:\Program Files\Java\jdk1.8.0_131\jre\lib\management-agent.jar;C:\Program Files\Java\jdk1.8.0_131\jre\lib\plugin.jar;C:\Program Files\Java\jdk1.8.0_131\jre\lib\resources.jar;C:\Program Files\Java\jdk1.8.0_131\jre\lib\rt.jar;C:\Users\Santi\IdeaProjects\payroll-manager\out\production\employee-database;C:\Users\Santi\Desktop\mysql-connector-java-5.1.42-bin.jar;C:\Users\Santi\Documents\Java Libraries\Apache\commons\text\commons-text-1.1\commons-text-1.1.jar;C:\Users\Santi\Documents\Java Libraries\Apache\commons\lang\commons-lang3-3.6.jar;C:\Users\Santi\Documents\Java Libraries\Apache\commons\collections\commons-collections4-4.1.jar;C:\Program Files\JetBrains\IntelliJ IDEA 2017.1.3\lib\idea_rt.jar
Launcher Type: SUN_STANDARD

Environment Variables:
PATH=C:\Program Files (x86)\NVIDIA Corporation\PhysX\Common;C:\ProgramData\Oracle\Java\javapath;C:\WINDOWS\system32;C:\WINDOWS;C:\WINDOWS\System32\Wbem;C:\WINDOWS\System32\WindowsPowerShell\v1.0\;C:\Program Files (x86)\Windows Live\Shared;C:\Program Files (x86)\Skype\Phone\;C:\Program Files\MiKTeX 2.9\miktex\bin\x64\;C:\Program Files\Git\cmd;C:\cygwin64\bin;C:\Program Files (x86)\Windows Kits\10\Windows Performance Toolkit\;C:\Program Files\MySQL\MySQL Utilities 1.6\;C:\Users\Santi\AppData\Local\Programs\Python\Python36-32\Scripts\;C:\Users\Santi\AppData\Local\Programs\Python\Python36-32\;C:\Users\Santi\AppData\Local\Microsoft\WindowsApps;
USERNAME=Santi
OS=Windows_NT
PROCESSOR_IDENTIFIER=Intel64 Family 6 Model 60 Stepping 3, GenuineIntel



---------------  S Y S T E M  ---------------

OS: Windows 10.0 , 64 bit Build 14393 (10.0.14393.1198)

CPU:total 8 (initial active 8) (4 cores per cpu, 2 threads per core) family 6 model 60 stepping 3, cmov, cx8, fxsr, mmx, sse, sse2, sse3, ssse3, sse4.1, sse4.2, popcnt, avx, avx2, aes, clmul, erms, lzcnt, ht, tsc, tscinvbit, bmi1, bmi2

Memory: 4k page, physical 16717616k(2777376k free), swap 52441692k(4188k free)

vm_info: Java HotSpot(TM) 64-Bit Server VM (25.131-b11) for windows-amd64 JRE (1.8.0_131-b11), built on Mar 15 2017 01:23:53 by "java_re" with MS VC++ 10.0 (VS2010)

time: Tue Aug 15 00:23:00 2017
elapsed time: 18 seconds (0d 0h 0m 18s)

